[2023-04-25 10:26:33.555] [main] INFO  com.dlu.dluBack.DluBackApplication: Starting DluBackApplication on HuangCF with PID 35928 (E:\java_project\dlu_all\dluBack\target\classes started by 86156 in E:\java_project\dluBack\dluBack)
[2023-04-25 10:26:33.557] [main] INFO  com.dlu.dluBack.DluBackApplication: No active profile set, falling back to default profiles: default
[2023-04-25 10:26:34.304] [main] INFO  o.s.b.w.e.tomcat.TomcatWebServer: Tomcat initialized with port(s): 8003 (http)
[2023-04-25 10:26:34.310] [main] INFO  o.a.coyote.http11.Http11NioProtocol: Initializing ProtocolHandler ["http-nio-8003"]
[2023-04-25 10:26:34.310] [main] INFO  o.a.catalina.core.StandardService: Starting service [Tomcat]
[2023-04-25 10:26:34.311] [main] INFO  o.a.catalina.core.StandardEngine: Starting Servlet engine: [Apache Tomcat/9.0.33]
[2023-04-25 10:26:34.386] [main] INFO  o.a.c.c.C.[.[localhost].[/dlu]: Initializing Spring embedded WebApplicationContext
[2023-04-25 10:26:34.386] [main] INFO  o.s.web.context.ContextLoader: Root WebApplicationContext: initialization completed in 772 ms
[2023-04-25 10:26:34.413] [main] INFO  o.s.b.web.servlet.RegistrationBean: Filter crossDomainFilter was not registered (possibly already registered?)
[2023-04-25 10:26:34.429] [main] INFO  c.d.dluBack.filter.CrossDomainFilter: -----CrossDomainFilter init -------
[2023-04-25 10:26:34.737] [main] INFO  o.s.s.c.ThreadPoolTaskExecutor: Initializing ExecutorService 'applicationTaskExecutor'
[2023-04-25 10:26:34.810] [main] WARN  o.s.b.a.t.ThymeleafAutoConfiguration$DefaultTemplateResolverConfiguration: Cannot find template location: classpath:/templates/ (please add some templates or check your Thymeleaf configuration)
[2023-04-25 10:26:34.885] [main] INFO  o.a.coyote.http11.Http11NioProtocol: Starting ProtocolHandler ["http-nio-8003"]
[2023-04-25 10:26:34.900] [main] INFO  o.s.b.w.e.tomcat.TomcatWebServer: Tomcat started on port(s): 8003 (http) with context path '/dlu'
[2023-04-25 10:26:34.902] [main] INFO  com.dlu.dluBack.DluBackApplication: Started DluBackApplication in 1.782 seconds (JVM running for 2.845)
[2023-04-25 10:30:08.195] [http-nio-8003-exec-1] INFO  o.a.c.c.C.[.[localhost].[/dlu]: Initializing Spring DispatcherServlet 'dispatcherServlet'
[2023-04-25 10:30:08.196] [http-nio-8003-exec-1] INFO  o.s.web.servlet.DispatcherServlet: Initializing Servlet 'dispatcherServlet'
[2023-04-25 10:30:08.220] [http-nio-8003-exec-1] INFO  o.s.web.servlet.DispatcherServlet: Completed initialization in 23 ms
[2023-04-25 10:30:10.462] [http-nio-8003-exec-2] INFO  com.zaxxer.hikari.HikariDataSource: HikariPool-1 - Starting...
[2023-04-25 10:30:10.620] [http-nio-8003-exec-2] INFO  com.zaxxer.hikari.HikariDataSource: HikariPool-1 - Start completed.
[2023-04-25 10:30:10.662] [http-nio-8003-exec-2] INFO  c.d.d.controller.UserController: testlogin:2023-04-25
[2023-04-25 10:34:48.474] [SpringContextShutdownHook] INFO  o.s.s.c.ThreadPoolTaskExecutor: Shutting down ExecutorService 'applicationTaskExecutor'
[2023-04-25 10:34:48.476] [SpringContextShutdownHook] INFO  com.zaxxer.hikari.HikariDataSource: HikariPool-1 - Shutdown initiated...
[2023-04-25 10:34:48.491] [SpringContextShutdownHook] INFO  com.zaxxer.hikari.HikariDataSource: HikariPool-1 - Shutdown completed.
[2023-04-25 10:34:52.752] [main] INFO  com.dlu.dluBack.DluBackApplication: Starting DluBackApplication on HuangCF with PID 30908 (E:\java_project\dlu_all\dluBack\target\classes started by 86156 in E:\java_project\dluBack\dluBack)
[2023-04-25 10:34:52.754] [main] INFO  com.dlu.dluBack.DluBackApplication: No active profile set, falling back to default profiles: default
[2023-04-25 10:34:53.396] [main] INFO  o.s.b.w.e.tomcat.TomcatWebServer: Tomcat initialized with port(s): 8003 (http)
[2023-04-25 10:34:53.403] [main] INFO  o.a.coyote.http11.Http11NioProtocol: Initializing ProtocolHandler ["http-nio-8003"]
[2023-04-25 10:34:53.404] [main] INFO  o.a.catalina.core.StandardService: Starting service [Tomcat]
[2023-04-25 10:34:53.404] [main] INFO  o.a.catalina.core.StandardEngine: Starting Servlet engine: [Apache Tomcat/9.0.33]
[2023-04-25 10:34:53.476] [main] INFO  o.a.c.c.C.[.[localhost].[/dlu]: Initializing Spring embedded WebApplicationContext
[2023-04-25 10:34:53.477] [main] INFO  o.s.web.context.ContextLoader: Root WebApplicationContext: initialization completed in 674 ms
[2023-04-25 10:34:53.499] [main] INFO  o.s.b.web.servlet.RegistrationBean: Filter crossDomainFilter was not registered (possibly already registered?)
[2023-04-25 10:34:53.509] [main] INFO  c.d.dluBack.filter.CrossDomainFilter: -----CrossDomainFilter init -------
[2023-04-25 10:34:53.769] [main] INFO  o.s.s.c.ThreadPoolTaskExecutor: Initializing ExecutorService 'applicationTaskExecutor'
[2023-04-25 10:34:53.836] [main] WARN  o.s.b.a.t.ThymeleafAutoConfiguration$DefaultTemplateResolverConfiguration: Cannot find template location: classpath:/templates/ (please add some templates or check your Thymeleaf configuration)
[2023-04-25 10:34:53.904] [main] INFO  o.a.coyote.http11.Http11NioProtocol: Starting ProtocolHandler ["http-nio-8003"]
[2023-04-25 10:34:53.920] [main] INFO  o.s.b.w.e.tomcat.TomcatWebServer: Tomcat started on port(s): 8003 (http) with context path '/dlu'
[2023-04-25 10:34:53.922] [main] INFO  com.dlu.dluBack.DluBackApplication: Started DluBackApplication in 1.427 seconds (JVM running for 2.325)
[2023-04-25 10:35:22.661] [http-nio-8003-exec-1] INFO  o.a.c.c.C.[.[localhost].[/dlu]: Initializing Spring DispatcherServlet 'dispatcherServlet'
[2023-04-25 10:35:22.661] [http-nio-8003-exec-1] INFO  o.s.web.servlet.DispatcherServlet: Initializing Servlet 'dispatcherServlet'
[2023-04-25 10:35:22.669] [http-nio-8003-exec-1] INFO  o.s.web.servlet.DispatcherServlet: Completed initialization in 7 ms
[2023-04-25 10:59:34.847] [SpringContextShutdownHook] INFO  o.s.s.c.ThreadPoolTaskExecutor: Shutting down ExecutorService 'applicationTaskExecutor'
[2023-04-25 10:59:39.774] [main] INFO  com.dlu.dluBack.DluBackApplication: Starting DluBackApplication on HuangCF with PID 36252 (E:\java_project\dlu_all\dluBack\target\classes started by 86156 in E:\java_project\dluBack\dluBack)
[2023-04-25 10:59:39.776] [main] INFO  com.dlu.dluBack.DluBackApplication: No active profile set, falling back to default profiles: default
[2023-04-25 10:59:40.444] [main] INFO  o.s.b.w.e.tomcat.TomcatWebServer: Tomcat initialized with port(s): 8003 (http)
[2023-04-25 10:59:40.449] [main] INFO  o.a.coyote.http11.Http11NioProtocol: Initializing ProtocolHandler ["http-nio-8003"]
[2023-04-25 10:59:40.450] [main] INFO  o.a.catalina.core.StandardService: Starting service [Tomcat]
[2023-04-25 10:59:40.450] [main] INFO  o.a.catalina.core.StandardEngine: Starting Servlet engine: [Apache Tomcat/9.0.33]
[2023-04-25 10:59:40.519] [main] INFO  o.a.c.c.C.[.[localhost].[/dlu]: Initializing Spring embedded WebApplicationContext
[2023-04-25 10:59:40.519] [main] INFO  o.s.web.context.ContextLoader: Root WebApplicationContext: initialization completed in 692 ms
[2023-04-25 10:59:40.541] [main] INFO  o.s.b.web.servlet.RegistrationBean: Filter crossDomainFilter was not registered (possibly already registered?)
[2023-04-25 10:59:40.552] [main] INFO  c.d.dluBack.filter.CrossDomainFilter: -----CrossDomainFilter init -------
[2023-04-25 10:59:40.830] [main] INFO  o.s.s.c.ThreadPoolTaskExecutor: Initializing ExecutorService 'applicationTaskExecutor'
[2023-04-25 10:59:40.902] [main] WARN  o.s.b.a.t.ThymeleafAutoConfiguration$DefaultTemplateResolverConfiguration: Cannot find template location: classpath:/templates/ (please add some templates or check your Thymeleaf configuration)
[2023-04-25 10:59:40.968] [main] INFO  o.a.coyote.http11.Http11NioProtocol: Starting ProtocolHandler ["http-nio-8003"]
[2023-04-25 10:59:40.984] [main] INFO  o.s.b.w.e.tomcat.TomcatWebServer: Tomcat started on port(s): 8003 (http) with context path '/dlu'
[2023-04-25 10:59:40.986] [main] INFO  com.dlu.dluBack.DluBackApplication: Started DluBackApplication in 1.459 seconds (JVM running for 2.261)
[2023-04-25 11:00:21.046] [http-nio-8003-exec-1] INFO  o.a.c.c.C.[.[localhost].[/dlu]: Initializing Spring DispatcherServlet 'dispatcherServlet'
[2023-04-25 11:00:21.046] [http-nio-8003-exec-1] INFO  o.s.web.servlet.DispatcherServlet: Initializing Servlet 'dispatcherServlet'
[2023-04-25 11:00:21.051] [http-nio-8003-exec-1] INFO  o.s.web.servlet.DispatcherServlet: Completed initialization in 4 ms
[2023-04-25 11:00:23.593] [http-nio-8003-exec-3] INFO  com.zaxxer.hikari.HikariDataSource: HikariPool-1 - Starting...
[2023-04-25 11:00:23.700] [http-nio-8003-exec-3] INFO  com.zaxxer.hikari.HikariDataSource: HikariPool-1 - Start completed.
[2023-04-25 11:01:00.216] [SpringContextShutdownHook] INFO  o.s.s.c.ThreadPoolTaskExecutor: Shutting down ExecutorService 'applicationTaskExecutor'
[2023-04-25 11:01:00.217] [SpringContextShutdownHook] INFO  com.zaxxer.hikari.HikariDataSource: HikariPool-1 - Shutdown initiated...
[2023-04-25 11:01:00.229] [SpringContextShutdownHook] INFO  com.zaxxer.hikari.HikariDataSource: HikariPool-1 - Shutdown completed.
[2023-04-25 11:01:04.037] [main] INFO  com.dlu.dluBack.DluBackApplication: Starting DluBackApplication on HuangCF with PID 17236 (E:\java_project\dlu_all\dluBack\target\classes started by 86156 in E:\java_project\dluBack\dluBack)
[2023-04-25 11:01:04.038] [main] INFO  com.dlu.dluBack.DluBackApplication: No active profile set, falling back to default profiles: default
[2023-04-25 11:01:04.662] [main] INFO  o.s.b.w.e.tomcat.TomcatWebServer: Tomcat initialized with port(s): 8003 (http)
[2023-04-25 11:01:04.667] [main] INFO  o.a.coyote.http11.Http11NioProtocol: Initializing ProtocolHandler ["http-nio-8003"]
[2023-04-25 11:01:04.668] [main] INFO  o.a.catalina.core.StandardService: Starting service [Tomcat]
[2023-04-25 11:01:04.668] [main] INFO  o.a.catalina.core.StandardEngine: Starting Servlet engine: [Apache Tomcat/9.0.33]
[2023-04-25 11:01:04.733] [main] INFO  o.a.c.c.C.[.[localhost].[/dlu]: Initializing Spring embedded WebApplicationContext
[2023-04-25 11:01:04.733] [main] INFO  o.s.web.context.ContextLoader: Root WebApplicationContext: initialization completed in 644 ms
[2023-04-25 11:01:04.754] [main] INFO  o.s.b.web.servlet.RegistrationBean: Filter crossDomainFilter was not registered (possibly already registered?)
[2023-04-25 11:01:04.765] [main] INFO  c.d.dluBack.filter.CrossDomainFilter: -----CrossDomainFilter init -------
[2023-04-25 11:01:05.018] [main] INFO  o.s.s.c.ThreadPoolTaskExecutor: Initializing ExecutorService 'applicationTaskExecutor'
[2023-04-25 11:01:05.085] [main] WARN  o.s.b.a.t.ThymeleafAutoConfiguration$DefaultTemplateResolverConfiguration: Cannot find template location: classpath:/templates/ (please add some templates or check your Thymeleaf configuration)
[2023-04-25 11:01:05.151] [main] INFO  o.a.coyote.http11.Http11NioProtocol: Starting ProtocolHandler ["http-nio-8003"]
[2023-04-25 11:01:05.166] [main] INFO  o.s.b.w.e.tomcat.TomcatWebServer: Tomcat started on port(s): 8003 (http) with context path '/dlu'
[2023-04-25 11:01:05.168] [main] INFO  com.dlu.dluBack.DluBackApplication: Started DluBackApplication in 1.359 seconds (JVM running for 2.227)
[2023-04-25 11:01:15.648] [http-nio-8003-exec-1] INFO  o.a.c.c.C.[.[localhost].[/dlu]: Initializing Spring DispatcherServlet 'dispatcherServlet'
[2023-04-25 11:01:15.648] [http-nio-8003-exec-1] INFO  o.s.web.servlet.DispatcherServlet: Initializing Servlet 'dispatcherServlet'
[2023-04-25 11:01:15.652] [http-nio-8003-exec-1] INFO  o.s.web.servlet.DispatcherServlet: Completed initialization in 4 ms
[2023-04-25 11:01:18.074] [http-nio-8003-exec-5] INFO  com.zaxxer.hikari.HikariDataSource: HikariPool-1 - Starting...
[2023-04-25 11:01:18.173] [http-nio-8003-exec-5] INFO  com.zaxxer.hikari.HikariDataSource: HikariPool-1 - Start completed.
[2023-04-25 11:25:23.365] [SpringContextShutdownHook] INFO  o.s.s.c.ThreadPoolTaskExecutor: Shutting down ExecutorService 'applicationTaskExecutor'
[2023-04-25 11:25:23.368] [SpringContextShutdownHook] INFO  com.zaxxer.hikari.HikariDataSource: HikariPool-1 - Shutdown initiated...
[2023-04-25 11:25:23.389] [SpringContextShutdownHook] INFO  com.zaxxer.hikari.HikariDataSource: HikariPool-1 - Shutdown completed.
[2023-04-25 11:25:27.446] [main] INFO  com.dlu.dluBack.DluBackApplication: Starting DluBackApplication on HuangCF with PID 17160 (E:\java_project\dlu_all\dluBack\target\classes started by 86156 in E:\java_project\dluBack\dluBack)
[2023-04-25 11:25:27.448] [main] INFO  com.dlu.dluBack.DluBackApplication: No active profile set, falling back to default profiles: default
[2023-04-25 11:25:28.093] [main] INFO  o.s.b.w.e.tomcat.TomcatWebServer: Tomcat initialized with port(s): 8003 (http)
[2023-04-25 11:25:28.099] [main] INFO  o.a.coyote.http11.Http11NioProtocol: Initializing ProtocolHandler ["http-nio-8003"]
[2023-04-25 11:25:28.099] [main] INFO  o.a.catalina.core.StandardService: Starting service [Tomcat]
[2023-04-25 11:25:28.099] [main] INFO  o.a.catalina.core.StandardEngine: Starting Servlet engine: [Apache Tomcat/9.0.33]
[2023-04-25 11:25:28.171] [main] INFO  o.a.c.c.C.[.[localhost].[/dlu]: Initializing Spring embedded WebApplicationContext
[2023-04-25 11:25:28.171] [main] INFO  o.s.web.context.ContextLoader: Root WebApplicationContext: initialization completed in 670 ms
[2023-04-25 11:25:28.193] [main] INFO  o.s.b.web.servlet.RegistrationBean: Filter crossDomainFilter was not registered (possibly already registered?)
[2023-04-25 11:25:28.204] [main] INFO  c.d.dluBack.filter.CrossDomainFilter: -----CrossDomainFilter init -------
[2023-04-25 11:25:28.461] [main] INFO  o.s.s.c.ThreadPoolTaskExecutor: Initializing ExecutorService 'applicationTaskExecutor'
[2023-04-25 11:25:28.526] [main] WARN  o.s.b.a.t.ThymeleafAutoConfiguration$DefaultTemplateResolverConfiguration: Cannot find template location: classpath:/templates/ (please add some templates or check your Thymeleaf configuration)
[2023-04-25 11:25:28.590] [main] INFO  o.a.coyote.http11.Http11NioProtocol: Starting ProtocolHandler ["http-nio-8003"]
[2023-04-25 11:25:28.605] [main] INFO  o.s.b.w.e.tomcat.TomcatWebServer: Tomcat started on port(s): 8003 (http) with context path '/dlu'
[2023-04-25 11:25:28.607] [main] INFO  com.dlu.dluBack.DluBackApplication: Started DluBackApplication in 1.405 seconds (JVM running for 2.307)
[2023-04-25 11:28:17.309] [SpringContextShutdownHook] INFO  o.s.s.c.ThreadPoolTaskExecutor: Shutting down ExecutorService 'applicationTaskExecutor'
[2023-04-25 11:28:22.159] [main] INFO  com.dlu.dluBack.DluBackApplication: Starting DluBackApplication on HuangCF with PID 39996 (E:\java_project\dlu_all\dluBack\target\classes started by 86156 in E:\java_project\dluBack\dluBack)
[2023-04-25 11:28:22.162] [main] INFO  com.dlu.dluBack.DluBackApplication: No active profile set, falling back to default profiles: default
[2023-04-25 11:28:22.783] [main] INFO  o.s.b.w.e.tomcat.TomcatWebServer: Tomcat initialized with port(s): 8003 (http)
[2023-04-25 11:28:22.788] [main] INFO  o.a.coyote.http11.Http11NioProtocol: Initializing ProtocolHandler ["http-nio-8003"]
[2023-04-25 11:28:22.788] [main] INFO  o.a.catalina.core.StandardService: Starting service [Tomcat]
[2023-04-25 11:28:22.789] [main] INFO  o.a.catalina.core.StandardEngine: Starting Servlet engine: [Apache Tomcat/9.0.33]
[2023-04-25 11:28:22.852] [main] INFO  o.a.c.c.C.[.[localhost].[/dlu]: Initializing Spring embedded WebApplicationContext
[2023-04-25 11:28:22.852] [main] INFO  o.s.web.context.ContextLoader: Root WebApplicationContext: initialization completed in 632 ms
[2023-04-25 11:28:22.873] [main] INFO  o.s.b.web.servlet.RegistrationBean: Filter crossDomainFilter was not registered (possibly already registered?)
[2023-04-25 11:28:22.884] [main] INFO  c.d.dluBack.filter.CrossDomainFilter: -----CrossDomainFilter init -------
[2023-04-25 11:28:23.142] [main] INFO  o.s.s.c.ThreadPoolTaskExecutor: Initializing ExecutorService 'applicationTaskExecutor'
[2023-04-25 11:28:23.213] [main] WARN  o.s.b.a.t.ThymeleafAutoConfiguration$DefaultTemplateResolverConfiguration: Cannot find template location: classpath:/templates/ (please add some templates or check your Thymeleaf configuration)
[2023-04-25 11:28:23.283] [main] INFO  o.a.coyote.http11.Http11NioProtocol: Starting ProtocolHandler ["http-nio-8003"]
[2023-04-25 11:28:23.297] [main] INFO  o.s.b.w.e.tomcat.TomcatWebServer: Tomcat started on port(s): 8003 (http) with context path '/dlu'
[2023-04-25 11:28:23.299] [main] INFO  com.dlu.dluBack.DluBackApplication: Started DluBackApplication in 1.413 seconds (JVM running for 2.273)
[2023-04-25 11:36:15.768] [http-nio-8003-exec-1] INFO  o.a.c.c.C.[.[localhost].[/dlu]: Initializing Spring DispatcherServlet 'dispatcherServlet'
[2023-04-25 11:36:15.768] [http-nio-8003-exec-1] INFO  o.s.web.servlet.DispatcherServlet: Initializing Servlet 'dispatcherServlet'
[2023-04-25 11:36:15.774] [http-nio-8003-exec-1] INFO  o.s.web.servlet.DispatcherServlet: Completed initialization in 6 ms
[2023-04-25 11:36:15.830] [http-nio-8003-exec-1] INFO  com.zaxxer.hikari.HikariDataSource: HikariPool-1 - Starting...
[2023-04-25 11:36:16.002] [http-nio-8003-exec-1] INFO  com.zaxxer.hikari.HikariDataSource: HikariPool-1 - Start completed.
[2023-04-25 11:37:32.106] [SpringContextShutdownHook] INFO  o.s.s.c.ThreadPoolTaskExecutor: Shutting down ExecutorService 'applicationTaskExecutor'
[2023-04-25 11:37:32.106] [SpringContextShutdownHook] INFO  com.zaxxer.hikari.HikariDataSource: HikariPool-1 - Shutdown initiated...
[2023-04-25 11:37:32.120] [SpringContextShutdownHook] INFO  com.zaxxer.hikari.HikariDataSource: HikariPool-1 - Shutdown completed.
[2023-04-25 11:37:34.962] [main] INFO  com.dlu.dluBack.DluBackApplication: Starting DluBackApplication on HuangCF with PID 27952 (E:\java_project\dlu_all\dluBack\target\classes started by 86156 in E:\java_project\dluBack\dluBack)
[2023-04-25 11:37:34.964] [main] INFO  com.dlu.dluBack.DluBackApplication: No active profile set, falling back to default profiles: default
[2023-04-25 11:37:35.610] [main] INFO  o.s.b.w.e.tomcat.TomcatWebServer: Tomcat initialized with port(s): 8003 (http)
[2023-04-25 11:37:35.615] [main] INFO  o.a.coyote.http11.Http11NioProtocol: Initializing ProtocolHandler ["http-nio-8003"]
[2023-04-25 11:37:35.616] [main] INFO  o.a.catalina.core.StandardService: Starting service [Tomcat]
[2023-04-25 11:37:35.616] [main] INFO  o.a.catalina.core.StandardEngine: Starting Servlet engine: [Apache Tomcat/9.0.33]
[2023-04-25 11:37:35.689] [main] INFO  o.a.c.c.C.[.[localhost].[/dlu]: Initializing Spring embedded WebApplicationContext
[2023-04-25 11:37:35.690] [main] INFO  o.s.web.context.ContextLoader: Root WebApplicationContext: initialization completed in 673 ms
[2023-04-25 11:37:35.711] [main] INFO  o.s.b.web.servlet.RegistrationBean: Filter crossDomainFilter was not registered (possibly already registered?)
[2023-04-25 11:37:35.724] [main] INFO  c.d.dluBack.filter.CrossDomainFilter: -----CrossDomainFilter init -------
[2023-04-25 11:37:35.999] [main] INFO  o.s.s.c.ThreadPoolTaskExecutor: Initializing ExecutorService 'applicationTaskExecutor'
[2023-04-25 11:37:36.067] [main] WARN  o.s.b.a.t.ThymeleafAutoConfiguration$DefaultTemplateResolverConfiguration: Cannot find template location: classpath:/templates/ (please add some templates or check your Thymeleaf configuration)
[2023-04-25 11:37:36.136] [main] INFO  o.a.coyote.http11.Http11NioProtocol: Starting ProtocolHandler ["http-nio-8003"]
[2023-04-25 11:37:36.152] [main] INFO  o.s.b.w.e.tomcat.TomcatWebServer: Tomcat started on port(s): 8003 (http) with context path '/dlu'
[2023-04-25 11:37:36.155] [main] INFO  com.dlu.dluBack.DluBackApplication: Started DluBackApplication in 1.464 seconds (JVM running for 2.393)
[2023-04-25 11:37:41.742] [http-nio-8003-exec-1] INFO  o.a.c.c.C.[.[localhost].[/dlu]: Initializing Spring DispatcherServlet 'dispatcherServlet'
[2023-04-25 11:37:41.742] [http-nio-8003-exec-1] INFO  o.s.web.servlet.DispatcherServlet: Initializing Servlet 'dispatcherServlet'
[2023-04-25 11:37:41.746] [http-nio-8003-exec-1] INFO  o.s.web.servlet.DispatcherServlet: Completed initialization in 4 ms
[2023-04-25 11:37:41.777] [http-nio-8003-exec-1] INFO  com.zaxxer.hikari.HikariDataSource: HikariPool-1 - Starting...
[2023-04-25 11:37:41.877] [http-nio-8003-exec-1] INFO  com.zaxxer.hikari.HikariDataSource: HikariPool-1 - Start completed.
[2023-04-25 11:48:06.539] [SpringContextShutdownHook] INFO  o.s.s.c.ThreadPoolTaskExecutor: Shutting down ExecutorService 'applicationTaskExecutor'
[2023-04-25 11:48:06.540] [SpringContextShutdownHook] INFO  com.zaxxer.hikari.HikariDataSource: HikariPool-1 - Shutdown initiated...
[2023-04-25 11:48:06.547] [SpringContextShutdownHook] INFO  com.zaxxer.hikari.HikariDataSource: HikariPool-1 - Shutdown completed.
[2023-04-25 11:48:09.459] [main] INFO  com.dlu.dluBack.DluBackApplication: Starting DluBackApplication on HuangCF with PID 30680 (E:\java_project\dlu_all\dluBack\target\classes started by 86156 in E:\java_project\dluBack\dluBack)
[2023-04-25 11:48:09.461] [main] INFO  com.dlu.dluBack.DluBackApplication: No active profile set, falling back to default profiles: default
[2023-04-25 11:48:10.102] [main] INFO  o.s.b.w.e.tomcat.TomcatWebServer: Tomcat initialized with port(s): 8003 (http)
[2023-04-25 11:48:10.108] [main] INFO  o.a.coyote.http11.Http11NioProtocol: Initializing ProtocolHandler ["http-nio-8003"]
[2023-04-25 11:48:10.108] [main] INFO  o.a.catalina.core.StandardService: Starting service [Tomcat]
[2023-04-25 11:48:10.108] [main] INFO  o.a.catalina.core.StandardEngine: Starting Servlet engine: [Apache Tomcat/9.0.33]
[2023-04-25 11:48:10.188] [main] INFO  o.a.c.c.C.[.[localhost].[/dlu]: Initializing Spring embedded WebApplicationContext
[2023-04-25 11:48:10.189] [main] INFO  o.s.web.context.ContextLoader: Root WebApplicationContext: initialization completed in 679 ms
[2023-04-25 11:48:10.220] [main] INFO  o.s.b.web.servlet.RegistrationBean: Filter crossDomainFilter was not registered (possibly already registered?)
[2023-04-25 11:48:10.243] [main] INFO  c.d.dluBack.filter.CrossDomainFilter: -----CrossDomainFilter init -------
[2023-04-25 11:48:10.539] [main] INFO  o.s.s.c.ThreadPoolTaskExecutor: Initializing ExecutorService 'applicationTaskExecutor'
[2023-04-25 11:48:10.604] [main] WARN  o.s.b.a.t.ThymeleafAutoConfiguration$DefaultTemplateResolverConfiguration: Cannot find template location: classpath:/templates/ (please add some templates or check your Thymeleaf configuration)
[2023-04-25 11:48:10.669] [main] INFO  o.a.coyote.http11.Http11NioProtocol: Starting ProtocolHandler ["http-nio-8003"]
[2023-04-25 11:48:10.685] [main] INFO  o.s.b.w.e.tomcat.TomcatWebServer: Tomcat started on port(s): 8003 (http) with context path '/dlu'
[2023-04-25 11:48:10.687] [main] INFO  com.dlu.dluBack.DluBackApplication: Started DluBackApplication in 1.489 seconds (JVM running for 2.465)
[2023-04-25 11:52:12.112] [SpringContextShutdownHook] INFO  o.s.s.c.ThreadPoolTaskExecutor: Shutting down ExecutorService 'applicationTaskExecutor'
[2023-04-25 11:52:14.717] [main] INFO  com.dlu.dluBack.DluBackApplication: Starting DluBackApplication on HuangCF with PID 40156 (E:\java_project\dlu_all\dluBack\target\classes started by 86156 in E:\java_project\dluBack\dluBack)
[2023-04-25 11:52:14.719] [main] INFO  com.dlu.dluBack.DluBackApplication: No active profile set, falling back to default profiles: default
[2023-04-25 11:52:15.329] [main] INFO  o.s.b.w.e.tomcat.TomcatWebServer: Tomcat initialized with port(s): 8003 (http)
[2023-04-25 11:52:15.334] [main] INFO  o.a.coyote.http11.Http11NioProtocol: Initializing ProtocolHandler ["http-nio-8003"]
[2023-04-25 11:52:15.334] [main] INFO  o.a.catalina.core.StandardService: Starting service [Tomcat]
[2023-04-25 11:52:15.335] [main] INFO  o.a.catalina.core.StandardEngine: Starting Servlet engine: [Apache Tomcat/9.0.33]
[2023-04-25 11:52:15.400] [main] INFO  o.a.c.c.C.[.[localhost].[/dlu]: Initializing Spring embedded WebApplicationContext
[2023-04-25 11:52:15.400] [main] INFO  o.s.web.context.ContextLoader: Root WebApplicationContext: initialization completed in 633 ms
[2023-04-25 11:52:15.422] [main] INFO  o.s.b.web.servlet.RegistrationBean: Filter crossDomainFilter was not registered (possibly already registered?)
[2023-04-25 11:52:15.443] [main] INFO  c.d.dluBack.filter.CrossDomainFilter: -----CrossDomainFilter init -------
[2023-04-25 11:52:15.705] [main] INFO  o.s.s.c.ThreadPoolTaskExecutor: Initializing ExecutorService 'applicationTaskExecutor'
[2023-04-25 11:52:15.770] [main] WARN  o.s.b.a.t.ThymeleafAutoConfiguration$DefaultTemplateResolverConfiguration: Cannot find template location: classpath:/templates/ (please add some templates or check your Thymeleaf configuration)
[2023-04-25 11:52:15.834] [main] INFO  o.a.coyote.http11.Http11NioProtocol: Starting ProtocolHandler ["http-nio-8003"]
[2023-04-25 11:52:15.848] [main] INFO  o.s.b.w.e.tomcat.TomcatWebServer: Tomcat started on port(s): 8003 (http) with context path '/dlu'
[2023-04-25 11:52:15.850] [main] INFO  com.dlu.dluBack.DluBackApplication: Started DluBackApplication in 1.388 seconds (JVM running for 2.27)
[2023-04-25 11:52:21.986] [http-nio-8003-exec-1] INFO  o.a.c.c.C.[.[localhost].[/dlu]: Initializing Spring DispatcherServlet 'dispatcherServlet'
[2023-04-25 11:52:21.987] [http-nio-8003-exec-1] INFO  o.s.web.servlet.DispatcherServlet: Initializing Servlet 'dispatcherServlet'
[2023-04-25 11:52:21.992] [http-nio-8003-exec-1] INFO  o.s.web.servlet.DispatcherServlet: Completed initialization in 5 ms
[2023-04-25 11:52:22.030] [http-nio-8003-exec-1] INFO  com.zaxxer.hikari.HikariDataSource: HikariPool-1 - Starting...
[2023-04-25 11:52:22.141] [http-nio-8003-exec-1] INFO  com.zaxxer.hikari.HikariDataSource: HikariPool-1 - Start completed.
[2023-04-25 11:55:10.197] [SpringContextShutdownHook] INFO  o.s.s.c.ThreadPoolTaskExecutor: Shutting down ExecutorService 'applicationTaskExecutor'
[2023-04-25 11:55:10.198] [SpringContextShutdownHook] INFO  com.zaxxer.hikari.HikariDataSource: HikariPool-1 - Shutdown initiated...
[2023-04-25 11:55:10.214] [SpringContextShutdownHook] INFO  com.zaxxer.hikari.HikariDataSource: HikariPool-1 - Shutdown completed.
[2023-04-25 11:55:12.712] [main] INFO  com.dlu.dluBack.DluBackApplication: Starting DluBackApplication on HuangCF with PID 18812 (E:\java_project\dlu_all\dluBack\target\classes started by 86156 in E:\java_project\dluBack\dluBack)
[2023-04-25 11:55:12.714] [main] INFO  com.dlu.dluBack.DluBackApplication: No active profile set, falling back to default profiles: default
[2023-04-25 11:55:13.326] [main] INFO  o.s.b.w.e.tomcat.TomcatWebServer: Tomcat initialized with port(s): 8003 (http)
[2023-04-25 11:55:13.331] [main] INFO  o.a.coyote.http11.Http11NioProtocol: Initializing ProtocolHandler ["http-nio-8003"]
[2023-04-25 11:55:13.331] [main] INFO  o.a.catalina.core.StandardService: Starting service [Tomcat]
[2023-04-25 11:55:13.332] [main] INFO  o.a.catalina.core.StandardEngine: Starting Servlet engine: [Apache Tomcat/9.0.33]
[2023-04-25 11:55:13.398] [main] INFO  o.a.c.c.C.[.[localhost].[/dlu]: Initializing Spring embedded WebApplicationContext
[2023-04-25 11:55:13.398] [main] INFO  o.s.web.context.ContextLoader: Root WebApplicationContext: initialization completed in 636 ms
[2023-04-25 11:55:13.420] [main] INFO  o.s.b.web.servlet.RegistrationBean: Filter crossDomainFilter was not registered (possibly already registered?)
[2023-04-25 11:55:13.431] [main] INFO  c.d.dluBack.filter.CrossDomainFilter: -----CrossDomainFilter init -------
[2023-04-25 11:55:13.690] [main] INFO  o.s.s.c.ThreadPoolTaskExecutor: Initializing ExecutorService 'applicationTaskExecutor'
[2023-04-25 11:55:13.753] [main] WARN  o.s.b.a.t.ThymeleafAutoConfiguration$DefaultTemplateResolverConfiguration: Cannot find template location: classpath:/templates/ (please add some templates or check your Thymeleaf configuration)
[2023-04-25 11:55:13.817] [main] INFO  o.a.coyote.http11.Http11NioProtocol: Starting ProtocolHandler ["http-nio-8003"]
[2023-04-25 11:55:13.832] [main] INFO  o.s.b.w.e.tomcat.TomcatWebServer: Tomcat started on port(s): 8003 (http) with context path '/dlu'
[2023-04-25 11:55:13.834] [main] INFO  com.dlu.dluBack.DluBackApplication: Started DluBackApplication in 1.356 seconds (JVM running for 2.171)
[2023-04-25 11:55:17.811] [http-nio-8003-exec-1] INFO  o.a.c.c.C.[.[localhost].[/dlu]: Initializing Spring DispatcherServlet 'dispatcherServlet'
[2023-04-25 11:55:17.811] [http-nio-8003-exec-1] INFO  o.s.web.servlet.DispatcherServlet: Initializing Servlet 'dispatcherServlet'
[2023-04-25 11:55:17.815] [http-nio-8003-exec-1] INFO  o.s.web.servlet.DispatcherServlet: Completed initialization in 4 ms
[2023-04-25 11:55:17.846] [http-nio-8003-exec-1] INFO  com.zaxxer.hikari.HikariDataSource: HikariPool-1 - Starting...
[2023-04-25 11:55:17.947] [http-nio-8003-exec-1] INFO  com.zaxxer.hikari.HikariDataSource: HikariPool-1 - Start completed.
[2023-04-25 11:56:08.377] [SpringContextShutdownHook] INFO  o.s.s.c.ThreadPoolTaskExecutor: Shutting down ExecutorService 'applicationTaskExecutor'
[2023-04-25 11:56:08.378] [SpringContextShutdownHook] INFO  com.zaxxer.hikari.HikariDataSource: HikariPool-1 - Shutdown initiated...
[2023-04-25 11:56:08.392] [SpringContextShutdownHook] INFO  com.zaxxer.hikari.HikariDataSource: HikariPool-1 - Shutdown completed.
[2023-04-25 11:56:10.903] [main] INFO  com.dlu.dluBack.DluBackApplication: Starting DluBackApplication on HuangCF with PID 11212 (E:\java_project\dlu_all\dluBack\target\classes started by 86156 in E:\java_project\dluBack\dluBack)
[2023-04-25 11:56:10.905] [main] INFO  com.dlu.dluBack.DluBackApplication: No active profile set, falling back to default profiles: default
[2023-04-25 11:56:11.505] [main] INFO  o.s.b.w.e.tomcat.TomcatWebServer: Tomcat initialized with port(s): 8003 (http)
[2023-04-25 11:56:11.510] [main] INFO  o.a.coyote.http11.Http11NioProtocol: Initializing ProtocolHandler ["http-nio-8003"]
[2023-04-25 11:56:11.510] [main] INFO  o.a.catalina.core.StandardService: Starting service [Tomcat]
[2023-04-25 11:56:11.510] [main] INFO  o.a.catalina.core.StandardEngine: Starting Servlet engine: [Apache Tomcat/9.0.33]
[2023-04-25 11:56:11.576] [main] INFO  o.a.c.c.C.[.[localhost].[/dlu]: Initializing Spring embedded WebApplicationContext
[2023-04-25 11:56:11.576] [main] INFO  o.s.web.context.ContextLoader: Root WebApplicationContext: initialization completed in 623 ms
[2023-04-25 11:56:11.597] [main] INFO  o.s.b.web.servlet.RegistrationBean: Filter crossDomainFilter was not registered (possibly already registered?)
[2023-04-25 11:56:11.607] [main] INFO  c.d.dluBack.filter.CrossDomainFilter: -----CrossDomainFilter init -------
[2023-04-25 11:56:11.859] [main] INFO  o.s.s.c.ThreadPoolTaskExecutor: Initializing ExecutorService 'applicationTaskExecutor'
[2023-04-25 11:56:11.923] [main] WARN  o.s.b.a.t.ThymeleafAutoConfiguration$DefaultTemplateResolverConfiguration: Cannot find template location: classpath:/templates/ (please add some templates or check your Thymeleaf configuration)
[2023-04-25 11:56:11.985] [main] INFO  o.a.coyote.http11.Http11NioProtocol: Starting ProtocolHandler ["http-nio-8003"]
[2023-04-25 11:56:12.000] [main] INFO  o.s.b.w.e.tomcat.TomcatWebServer: Tomcat started on port(s): 8003 (http) with context path '/dlu'
[2023-04-25 11:56:12.002] [main] INFO  com.dlu.dluBack.DluBackApplication: Started DluBackApplication in 1.329 seconds (JVM running for 2.186)
[2023-04-25 11:56:16.572] [http-nio-8003-exec-1] INFO  o.a.c.c.C.[.[localhost].[/dlu]: Initializing Spring DispatcherServlet 'dispatcherServlet'
[2023-04-25 11:56:16.573] [http-nio-8003-exec-1] INFO  o.s.web.servlet.DispatcherServlet: Initializing Servlet 'dispatcherServlet'
[2023-04-25 11:56:16.576] [http-nio-8003-exec-1] INFO  o.s.web.servlet.DispatcherServlet: Completed initialization in 3 ms
[2023-04-25 11:56:16.606] [http-nio-8003-exec-1] INFO  com.zaxxer.hikari.HikariDataSource: HikariPool-1 - Starting...
[2023-04-25 11:56:16.706] [http-nio-8003-exec-1] INFO  com.zaxxer.hikari.HikariDataSource: HikariPool-1 - Start completed.
[2023-04-25 11:56:49.202] [SpringContextShutdownHook] INFO  o.s.s.c.ThreadPoolTaskExecutor: Shutting down ExecutorService 'applicationTaskExecutor'
[2023-04-25 11:56:49.202] [SpringContextShutdownHook] INFO  com.zaxxer.hikari.HikariDataSource: HikariPool-1 - Shutdown initiated...
[2023-04-25 11:56:49.216] [SpringContextShutdownHook] INFO  com.zaxxer.hikari.HikariDataSource: HikariPool-1 - Shutdown completed.
[2023-04-25 11:56:51.782] [main] INFO  com.dlu.dluBack.DluBackApplication: Starting DluBackApplication on HuangCF with PID 34232 (E:\java_project\dlu_all\dluBack\target\classes started by 86156 in E:\java_project\dluBack\dluBack)
[2023-04-25 11:56:51.784] [main] INFO  com.dlu.dluBack.DluBackApplication: No active profile set, falling back to default profiles: default
[2023-04-25 11:56:52.379] [main] INFO  o.s.b.w.e.tomcat.TomcatWebServer: Tomcat initialized with port(s): 8003 (http)
[2023-04-25 11:56:52.384] [main] INFO  o.a.coyote.http11.Http11NioProtocol: Initializing ProtocolHandler ["http-nio-8003"]
[2023-04-25 11:56:52.385] [main] INFO  o.a.catalina.core.StandardService: Starting service [Tomcat]
[2023-04-25 11:56:52.385] [main] INFO  o.a.catalina.core.StandardEngine: Starting Servlet engine: [Apache Tomcat/9.0.33]
[2023-04-25 11:56:52.451] [main] INFO  o.a.c.c.C.[.[localhost].[/dlu]: Initializing Spring embedded WebApplicationContext
[2023-04-25 11:56:52.452] [main] INFO  o.s.web.context.ContextLoader: Root WebApplicationContext: initialization completed in 619 ms
[2023-04-25 11:56:52.473] [main] INFO  o.s.b.web.servlet.RegistrationBean: Filter crossDomainFilter was not registered (possibly already registered?)
[2023-04-25 11:56:52.483] [main] INFO  c.d.dluBack.filter.CrossDomainFilter: -----CrossDomainFilter init -------
[2023-04-25 11:56:52.745] [main] INFO  o.s.s.c.ThreadPoolTaskExecutor: Initializing ExecutorService 'applicationTaskExecutor'
[2023-04-25 11:56:52.810] [main] WARN  o.s.b.a.t.ThymeleafAutoConfiguration$DefaultTemplateResolverConfiguration: Cannot find template location: classpath:/templates/ (please add some templates or check your Thymeleaf configuration)
[2023-04-25 11:56:52.874] [main] INFO  o.a.coyote.http11.Http11NioProtocol: Starting ProtocolHandler ["http-nio-8003"]
[2023-04-25 11:56:52.889] [main] INFO  o.s.b.w.e.tomcat.TomcatWebServer: Tomcat started on port(s): 8003 (http) with context path '/dlu'
[2023-04-25 11:56:52.891] [main] INFO  com.dlu.dluBack.DluBackApplication: Started DluBackApplication in 1.342 seconds (JVM running for 2.215)
[2023-04-25 11:56:55.978] [http-nio-8003-exec-1] INFO  o.a.c.c.C.[.[localhost].[/dlu]: Initializing Spring DispatcherServlet 'dispatcherServlet'
[2023-04-25 11:56:55.978] [http-nio-8003-exec-1] INFO  o.s.web.servlet.DispatcherServlet: Initializing Servlet 'dispatcherServlet'
[2023-04-25 11:56:55.981] [http-nio-8003-exec-1] INFO  o.s.web.servlet.DispatcherServlet: Completed initialization in 3 ms
[2023-04-25 11:56:56.015] [http-nio-8003-exec-1] INFO  com.zaxxer.hikari.HikariDataSource: HikariPool-1 - Starting...
[2023-04-25 11:56:56.116] [http-nio-8003-exec-1] INFO  com.zaxxer.hikari.HikariDataSource: HikariPool-1 - Start completed.
[2023-04-25 13:42:11.403] [SpringContextShutdownHook] INFO  o.s.s.c.ThreadPoolTaskExecutor: Shutting down ExecutorService 'applicationTaskExecutor'
[2023-04-25 13:42:11.406] [SpringContextShutdownHook] INFO  com.zaxxer.hikari.HikariDataSource: HikariPool-1 - Shutdown initiated...
[2023-04-25 13:42:11.414] [SpringContextShutdownHook] INFO  com.zaxxer.hikari.HikariDataSource: HikariPool-1 - Shutdown completed.
[2023-04-25 13:42:16.754] [main] INFO  com.dlu.dluBack.DluBackApplication: Starting DluBackApplication on HuangCF with PID 2512 (E:\java_project\dlu_all\dluBack\target\classes started by 86156 in E:\java_project\dluBack\dluBack)
[2023-04-25 13:42:16.756] [main] INFO  com.dlu.dluBack.DluBackApplication: No active profile set, falling back to default profiles: default
[2023-04-25 13:42:17.483] [main] INFO  o.s.b.w.e.tomcat.TomcatWebServer: Tomcat initialized with port(s): 8003 (http)
[2023-04-25 13:42:17.489] [main] INFO  o.a.coyote.http11.Http11NioProtocol: Initializing ProtocolHandler ["http-nio-8003"]
[2023-04-25 13:42:17.490] [main] INFO  o.a.catalina.core.StandardService: Starting service [Tomcat]
[2023-04-25 13:42:17.490] [main] INFO  o.a.catalina.core.StandardEngine: Starting Servlet engine: [Apache Tomcat/9.0.33]
[2023-04-25 13:42:17.568] [main] INFO  o.a.c.c.C.[.[localhost].[/dlu]: Initializing Spring embedded WebApplicationContext
[2023-04-25 13:42:17.568] [main] INFO  o.s.web.context.ContextLoader: Root WebApplicationContext: initialization completed in 757 ms
[2023-04-25 13:42:17.591] [main] INFO  o.s.b.web.servlet.RegistrationBean: Filter crossDomainFilter was not registered (possibly already registered?)
[2023-04-25 13:42:17.602] [main] INFO  c.d.dluBack.filter.CrossDomainFilter: -----CrossDomainFilter init -------
[2023-04-25 13:42:17.871] [main] INFO  o.s.s.c.ThreadPoolTaskExecutor: Initializing ExecutorService 'applicationTaskExecutor'
[2023-04-25 13:42:17.945] [main] WARN  o.s.b.a.t.ThymeleafAutoConfiguration$DefaultTemplateResolverConfiguration: Cannot find template location: classpath:/templates/ (please add some templates or check your Thymeleaf configuration)
[2023-04-25 13:42:18.013] [main] INFO  o.a.coyote.http11.Http11NioProtocol: Starting ProtocolHandler ["http-nio-8003"]
[2023-04-25 13:42:18.028] [main] INFO  o.s.b.w.e.tomcat.TomcatWebServer: Tomcat started on port(s): 8003 (http) with context path '/dlu'
[2023-04-25 13:42:18.030] [main] INFO  com.dlu.dluBack.DluBackApplication: Started DluBackApplication in 1.545 seconds (JVM running for 2.449)
[2023-04-25 13:42:25.654] [http-nio-8003-exec-1] INFO  o.a.c.c.C.[.[localhost].[/dlu]: Initializing Spring DispatcherServlet 'dispatcherServlet'
[2023-04-25 13:42:25.654] [http-nio-8003-exec-1] INFO  o.s.web.servlet.DispatcherServlet: Initializing Servlet 'dispatcherServlet'
[2023-04-25 13:42:25.660] [http-nio-8003-exec-1] INFO  o.s.web.servlet.DispatcherServlet: Completed initialization in 6 ms
[2023-04-25 13:42:27.866] [http-nio-8003-exec-5] INFO  com.zaxxer.hikari.HikariDataSource: HikariPool-1 - Starting...
[2023-04-25 13:42:27.983] [http-nio-8003-exec-5] INFO  com.zaxxer.hikari.HikariDataSource: HikariPool-1 - Start completed.
[2023-04-25 13:44:17.166] [SpringContextShutdownHook] INFO  o.s.s.c.ThreadPoolTaskExecutor: Shutting down ExecutorService 'applicationTaskExecutor'
[2023-04-25 13:44:17.167] [SpringContextShutdownHook] INFO  com.zaxxer.hikari.HikariDataSource: HikariPool-1 - Shutdown initiated...
[2023-04-25 13:44:17.175] [SpringContextShutdownHook] INFO  com.zaxxer.hikari.HikariDataSource: HikariPool-1 - Shutdown completed.
[2023-04-25 13:44:21.171] [main] INFO  com.dlu.dluBack.DluBackApplication: Starting DluBackApplication on HuangCF with PID 2972 (E:\java_project\dlu_all\dluBack\target\classes started by 86156 in E:\java_project\dluBack\dluBack)
[2023-04-25 13:44:21.173] [main] INFO  com.dlu.dluBack.DluBackApplication: No active profile set, falling back to default profiles: default
[2023-04-25 13:44:21.815] [main] INFO  o.s.b.w.e.tomcat.TomcatWebServer: Tomcat initialized with port(s): 8003 (http)
[2023-04-25 13:44:21.820] [main] INFO  o.a.coyote.http11.Http11NioProtocol: Initializing ProtocolHandler ["http-nio-8003"]
[2023-04-25 13:44:21.821] [main] INFO  o.a.catalina.core.StandardService: Starting service [Tomcat]
[2023-04-25 13:44:21.821] [main] INFO  o.a.catalina.core.StandardEngine: Starting Servlet engine: [Apache Tomcat/9.0.33]
[2023-04-25 13:44:21.902] [main] INFO  o.a.c.c.C.[.[localhost].[/dlu]: Initializing Spring embedded WebApplicationContext
[2023-04-25 13:44:21.902] [main] INFO  o.s.web.context.ContextLoader: Root WebApplicationContext: initialization completed in 674 ms
[2023-04-25 13:44:21.931] [main] INFO  o.s.b.web.servlet.RegistrationBean: Filter crossDomainFilter was not registered (possibly already registered?)
[2023-04-25 13:44:21.945] [main] INFO  c.d.dluBack.filter.CrossDomainFilter: -----CrossDomainFilter init -------
[2023-04-25 13:44:22.214] [main] INFO  o.s.s.c.ThreadPoolTaskExecutor: Initializing ExecutorService 'applicationTaskExecutor'
[2023-04-25 13:44:22.278] [main] WARN  o.s.b.a.t.ThymeleafAutoConfiguration$DefaultTemplateResolverConfiguration: Cannot find template location: classpath:/templates/ (please add some templates or check your Thymeleaf configuration)
[2023-04-25 13:44:22.342] [main] INFO  o.a.coyote.http11.Http11NioProtocol: Starting ProtocolHandler ["http-nio-8003"]
[2023-04-25 13:44:22.357] [main] INFO  o.s.b.w.e.tomcat.TomcatWebServer: Tomcat started on port(s): 8003 (http) with context path '/dlu'
[2023-04-25 13:44:22.359] [main] INFO  com.dlu.dluBack.DluBackApplication: Started DluBackApplication in 1.446 seconds (JVM running for 2.268)
[2023-04-25 13:44:27.127] [http-nio-8003-exec-1] INFO  o.a.c.c.C.[.[localhost].[/dlu]: Initializing Spring DispatcherServlet 'dispatcherServlet'
[2023-04-25 13:44:27.127] [http-nio-8003-exec-1] INFO  o.s.web.servlet.DispatcherServlet: Initializing Servlet 'dispatcherServlet'
[2023-04-25 13:44:27.130] [http-nio-8003-exec-1] INFO  o.s.web.servlet.DispatcherServlet: Completed initialization in 3 ms
[2023-04-25 13:44:27.160] [http-nio-8003-exec-1] INFO  com.zaxxer.hikari.HikariDataSource: HikariPool-1 - Starting...
[2023-04-25 13:44:27.256] [http-nio-8003-exec-1] INFO  com.zaxxer.hikari.HikariDataSource: HikariPool-1 - Start completed.
[2023-04-25 13:45:48.048] [SpringContextShutdownHook] INFO  o.s.s.c.ThreadPoolTaskExecutor: Shutting down ExecutorService 'applicationTaskExecutor'
[2023-04-25 13:45:48.048] [SpringContextShutdownHook] INFO  com.zaxxer.hikari.HikariDataSource: HikariPool-1 - Shutdown initiated...
[2023-04-25 13:45:48.062] [SpringContextShutdownHook] INFO  com.zaxxer.hikari.HikariDataSource: HikariPool-1 - Shutdown completed.
[2023-04-25 13:45:50.786] [main] INFO  com.dlu.dluBack.DluBackApplication: Starting DluBackApplication on HuangCF with PID 9488 (E:\java_project\dlu_all\dluBack\target\classes started by 86156 in E:\java_project\dluBack\dluBack)
[2023-04-25 13:45:50.788] [main] INFO  com.dlu.dluBack.DluBackApplication: No active profile set, falling back to default profiles: default
[2023-04-25 13:45:51.412] [main] INFO  o.s.b.w.e.tomcat.TomcatWebServer: Tomcat initialized with port(s): 8003 (http)
[2023-04-25 13:45:51.418] [main] INFO  o.a.coyote.http11.Http11NioProtocol: Initializing ProtocolHandler ["http-nio-8003"]
[2023-04-25 13:45:51.418] [main] INFO  o.a.catalina.core.StandardService: Starting service [Tomcat]
[2023-04-25 13:45:51.418] [main] INFO  o.a.catalina.core.StandardEngine: Starting Servlet engine: [Apache Tomcat/9.0.33]
[2023-04-25 13:45:51.491] [main] INFO  o.a.c.c.C.[.[localhost].[/dlu]: Initializing Spring embedded WebApplicationContext
[2023-04-25 13:45:51.491] [main] INFO  o.s.web.context.ContextLoader: Root WebApplicationContext: initialization completed in 652 ms
[2023-04-25 13:45:51.513] [main] INFO  o.s.b.web.servlet.RegistrationBean: Filter crossDomainFilter was not registered (possibly already registered?)
[2023-04-25 13:45:51.525] [main] INFO  c.d.dluBack.filter.CrossDomainFilter: -----CrossDomainFilter init -------
[2023-04-25 13:45:51.799] [main] INFO  o.s.s.c.ThreadPoolTaskExecutor: Initializing ExecutorService 'applicationTaskExecutor'
[2023-04-25 13:45:51.867] [main] WARN  o.s.b.a.t.ThymeleafAutoConfiguration$DefaultTemplateResolverConfiguration: Cannot find template location: classpath:/templates/ (please add some templates or check your Thymeleaf configuration)
[2023-04-25 13:45:51.934] [main] INFO  o.a.coyote.http11.Http11NioProtocol: Starting ProtocolHandler ["http-nio-8003"]
[2023-04-25 13:45:51.949] [main] INFO  o.s.b.w.e.tomcat.TomcatWebServer: Tomcat started on port(s): 8003 (http) with context path '/dlu'
[2023-04-25 13:45:51.951] [main] INFO  com.dlu.dluBack.DluBackApplication: Started DluBackApplication in 1.424 seconds (JVM running for 2.328)
[2023-04-25 13:45:56.908] [http-nio-8003-exec-1] INFO  o.a.c.c.C.[.[localhost].[/dlu]: Initializing Spring DispatcherServlet 'dispatcherServlet'
[2023-04-25 13:45:56.909] [http-nio-8003-exec-1] INFO  o.s.web.servlet.DispatcherServlet: Initializing Servlet 'dispatcherServlet'
[2023-04-25 13:45:56.912] [http-nio-8003-exec-1] INFO  o.s.web.servlet.DispatcherServlet: Completed initialization in 3 ms
[2023-04-25 13:45:56.943] [http-nio-8003-exec-1] INFO  com.zaxxer.hikari.HikariDataSource: HikariPool-1 - Starting...
[2023-04-25 13:45:57.038] [http-nio-8003-exec-1] INFO  com.zaxxer.hikari.HikariDataSource: HikariPool-1 - Start completed.
[2023-04-25 13:46:11.230] [SpringContextShutdownHook] INFO  o.s.s.c.ThreadPoolTaskExecutor: Shutting down ExecutorService 'applicationTaskExecutor'
[2023-04-25 13:46:11.230] [SpringContextShutdownHook] INFO  com.zaxxer.hikari.HikariDataSource: HikariPool-1 - Shutdown initiated...
[2023-04-25 13:46:11.239] [SpringContextShutdownHook] INFO  com.zaxxer.hikari.HikariDataSource: HikariPool-1 - Shutdown completed.
[2023-04-25 13:46:34.379] [main] INFO  com.dlu.dluBack.DluBackApplication: Starting DluBackApplication on HuangCF with PID 12572 (E:\java_project\dlu_all\dluBack\target\classes started by 86156 in E:\java_project\dluBack\dluBack)
[2023-04-25 13:46:34.381] [main] INFO  com.dlu.dluBack.DluBackApplication: No active profile set, falling back to default profiles: default
[2023-04-25 13:46:35.325] [main] INFO  o.s.b.w.e.tomcat.TomcatWebServer: Tomcat initialized with port(s): 8003 (http)
[2023-04-25 13:46:35.331] [main] INFO  o.a.coyote.http11.Http11NioProtocol: Initializing ProtocolHandler ["http-nio-8003"]
[2023-04-25 13:46:35.332] [main] INFO  o.a.catalina.core.StandardService: Starting service [Tomcat]
[2023-04-25 13:46:35.332] [main] INFO  o.a.catalina.core.StandardEngine: Starting Servlet engine: [Apache Tomcat/9.0.33]
[2023-04-25 13:46:35.406] [main] INFO  o.a.c.c.C.[.[localhost].[/dlu]: Initializing Spring embedded WebApplicationContext
[2023-04-25 13:46:35.406] [main] INFO  o.s.web.context.ContextLoader: Root WebApplicationContext: initialization completed in 972 ms
[2023-04-25 13:46:35.431] [main] INFO  o.s.b.web.servlet.RegistrationBean: Filter crossDomainFilter was not registered (possibly already registered?)
[2023-04-25 13:46:35.442] [main] INFO  c.d.dluBack.filter.CrossDomainFilter: -----CrossDomainFilter init -------
[2023-04-25 13:46:35.815] [main] INFO  o.s.s.c.ThreadPoolTaskExecutor: Initializing ExecutorService 'applicationTaskExecutor'
[2023-04-25 13:46:35.914] [main] WARN  o.s.b.a.t.ThymeleafAutoConfiguration$DefaultTemplateResolverConfiguration: Cannot find template location: classpath:/templates/ (please add some templates or check your Thymeleaf configuration)
[2023-04-25 13:46:36.016] [main] INFO  o.a.coyote.http11.Http11NioProtocol: Starting ProtocolHandler ["http-nio-8003"]
[2023-04-25 13:46:36.034] [main] INFO  o.s.b.w.e.tomcat.TomcatWebServer: Tomcat started on port(s): 8003 (http) with context path '/dlu'
[2023-04-25 13:46:36.036] [main] INFO  com.dlu.dluBack.DluBackApplication: Started DluBackApplication in 1.934 seconds (JVM running for 3.594)
[2023-04-25 13:46:51.237] [http-nio-8003-exec-1] INFO  o.a.c.c.C.[.[localhost].[/dlu]: Initializing Spring DispatcherServlet 'dispatcherServlet'
[2023-04-25 13:46:51.237] [http-nio-8003-exec-1] INFO  o.s.web.servlet.DispatcherServlet: Initializing Servlet 'dispatcherServlet'
[2023-04-25 13:46:51.242] [http-nio-8003-exec-1] INFO  o.s.web.servlet.DispatcherServlet: Completed initialization in 4 ms
[2023-04-25 13:46:51.278] [http-nio-8003-exec-1] INFO  com.zaxxer.hikari.HikariDataSource: HikariPool-1 - Starting...
[2023-04-25 13:46:51.386] [http-nio-8003-exec-1] INFO  com.zaxxer.hikari.HikariDataSource: HikariPool-1 - Start completed.
[2023-04-25 13:48:37.846] [SpringContextShutdownHook] INFO  o.s.s.c.ThreadPoolTaskExecutor: Shutting down ExecutorService 'applicationTaskExecutor'
[2023-04-25 13:48:37.847] [SpringContextShutdownHook] INFO  com.zaxxer.hikari.HikariDataSource: HikariPool-1 - Shutdown initiated...
[2023-04-25 13:48:37.866] [SpringContextShutdownHook] INFO  com.zaxxer.hikari.HikariDataSource: HikariPool-1 - Shutdown completed.
[2023-04-25 14:06:06.263] [main] INFO  com.dlu.dluBack.DluBackApplication: Starting DluBackApplication on HuangCF with PID 40412 (E:\java_project\dlu_all\dluBack\target\classes started by 86156 in E:\java_project\dluBack\dluBack)
[2023-04-25 14:06:06.265] [main] INFO  com.dlu.dluBack.DluBackApplication: No active profile set, falling back to default profiles: default
[2023-04-25 14:06:07.276] [main] INFO  o.s.b.w.e.tomcat.TomcatWebServer: Tomcat initialized with port(s): 8003 (http)
[2023-04-25 14:06:07.286] [main] INFO  o.a.coyote.http11.Http11NioProtocol: Initializing ProtocolHandler ["http-nio-8003"]
[2023-04-25 14:06:07.288] [main] INFO  o.a.catalina.core.StandardService: Starting service [Tomcat]
[2023-04-25 14:06:07.288] [main] INFO  o.a.catalina.core.StandardEngine: Starting Servlet engine: [Apache Tomcat/9.0.33]
[2023-04-25 14:06:07.483] [main] INFO  o.a.c.c.C.[.[localhost].[/dlu]: Initializing Spring embedded WebApplicationContext
[2023-04-25 14:06:07.485] [main] INFO  o.s.web.context.ContextLoader: Root WebApplicationContext: initialization completed in 1191 ms
[2023-04-25 14:06:07.523] [main] INFO  o.s.b.web.servlet.RegistrationBean: Filter crossDomainFilter was not registered (possibly already registered?)
[2023-04-25 14:06:07.543] [main] INFO  c.d.dluBack.filter.CrossDomainFilter: -----CrossDomainFilter init -------
[2023-04-25 14:06:08.250] [main] INFO  o.s.s.c.ThreadPoolTaskExecutor: Initializing ExecutorService 'applicationTaskExecutor'
[2023-04-25 14:06:08.329] [main] WARN  o.s.b.a.t.ThymeleafAutoConfiguration$DefaultTemplateResolverConfiguration: Cannot find template location: classpath:/templates/ (please add some templates or check your Thymeleaf configuration)
[2023-04-25 14:06:08.404] [main] INFO  o.a.coyote.http11.Http11NioProtocol: Starting ProtocolHandler ["http-nio-8003"]
[2023-04-25 14:06:08.421] [main] INFO  o.s.b.w.e.tomcat.TomcatWebServer: Tomcat started on port(s): 8003 (http) with context path '/dlu'
[2023-04-25 14:06:08.423] [main] INFO  com.dlu.dluBack.DluBackApplication: Started DluBackApplication in 2.524 seconds (JVM running for 3.723)
[2023-04-25 14:08:01.110] [http-nio-8003-exec-1] INFO  o.a.c.c.C.[.[localhost].[/dlu]: Initializing Spring DispatcherServlet 'dispatcherServlet'
[2023-04-25 14:08:01.110] [http-nio-8003-exec-1] INFO  o.s.web.servlet.DispatcherServlet: Initializing Servlet 'dispatcherServlet'
[2023-04-25 14:08:01.117] [http-nio-8003-exec-1] INFO  o.s.web.servlet.DispatcherServlet: Completed initialization in 7 ms
[2023-04-25 14:08:01.162] [http-nio-8003-exec-1] INFO  com.zaxxer.hikari.HikariDataSource: HikariPool-1 - Starting...
[2023-04-25 14:08:01.374] [http-nio-8003-exec-1] INFO  com.zaxxer.hikari.HikariDataSource: HikariPool-1 - Start completed.
[2023-04-25 14:48:31.703] [SpringContextShutdownHook] INFO  o.s.s.c.ThreadPoolTaskExecutor: Shutting down ExecutorService 'applicationTaskExecutor'
[2023-04-25 14:48:31.727] [SpringContextShutdownHook] INFO  com.zaxxer.hikari.HikariDataSource: HikariPool-1 - Shutdown initiated...
[2023-04-25 14:48:31.752] [SpringContextShutdownHook] INFO  com.zaxxer.hikari.HikariDataSource: HikariPool-1 - Shutdown completed.
[2023-04-25 20:19:38.842] [main] INFO  com.dlu.dluBack.DluBackApplication: Starting DluBackApplication on HuangCF with PID 11320 (E:\java_project\dlu_all\dluBack\target\classes started by 86156 in E:\java_project\dluBack\dluBack)
[2023-04-25 20:19:38.844] [main] INFO  com.dlu.dluBack.DluBackApplication: No active profile set, falling back to default profiles: default
[2023-04-25 20:19:39.784] [main] INFO  o.s.b.w.e.tomcat.TomcatWebServer: Tomcat initialized with port(s): 8003 (http)
[2023-04-25 20:19:39.800] [main] INFO  o.a.coyote.http11.Http11NioProtocol: Initializing ProtocolHandler ["http-nio-8003"]
[2023-04-25 20:19:39.801] [main] INFO  o.a.catalina.core.StandardService: Starting service [Tomcat]
[2023-04-25 20:19:39.802] [main] INFO  o.a.catalina.core.StandardEngine: Starting Servlet engine: [Apache Tomcat/9.0.33]
[2023-04-25 20:19:39.916] [main] INFO  o.a.c.c.C.[.[localhost].[/dlu]: Initializing Spring embedded WebApplicationContext
[2023-04-25 20:19:39.917] [main] INFO  o.s.web.context.ContextLoader: Root WebApplicationContext: initialization completed in 1015 ms
[2023-04-25 20:19:39.956] [main] INFO  o.s.b.web.servlet.RegistrationBean: Filter crossDomainFilter was not registered (possibly already registered?)
[2023-04-25 20:19:39.978] [main] INFO  c.d.dluBack.filter.CrossDomainFilter: -----CrossDomainFilter init -------
[2023-04-25 20:19:40.403] [main] INFO  o.s.s.c.ThreadPoolTaskExecutor: Initializing ExecutorService 'applicationTaskExecutor'
[2023-04-25 20:19:40.513] [main] WARN  o.s.b.a.t.ThymeleafAutoConfiguration$DefaultTemplateResolverConfiguration: Cannot find template location: classpath:/templates/ (please add some templates or check your Thymeleaf configuration)
[2023-04-25 20:19:40.615] [main] INFO  o.a.coyote.http11.Http11NioProtocol: Starting ProtocolHandler ["http-nio-8003"]
[2023-04-25 20:19:40.640] [main] INFO  o.s.b.w.e.tomcat.TomcatWebServer: Tomcat started on port(s): 8003 (http) with context path '/dlu'
[2023-04-25 20:19:40.644] [main] INFO  com.dlu.dluBack.DluBackApplication: Started DluBackApplication in 2.108 seconds (JVM running for 3.63)
[2023-04-25 20:22:04.584] [http-nio-8003-exec-1] INFO  o.a.c.c.C.[.[localhost].[/dlu]: Initializing Spring DispatcherServlet 'dispatcherServlet'
[2023-04-25 20:22:04.584] [http-nio-8003-exec-1] INFO  o.s.web.servlet.DispatcherServlet: Initializing Servlet 'dispatcherServlet'
[2023-04-25 20:22:04.589] [http-nio-8003-exec-1] INFO  o.s.web.servlet.DispatcherServlet: Completed initialization in 5 ms
[2023-04-25 20:27:10.033] [SpringContextShutdownHook] INFO  o.s.s.c.ThreadPoolTaskExecutor: Shutting down ExecutorService 'applicationTaskExecutor'
[2023-04-25 20:27:15.551] [main] INFO  com.dlu.dluBack.DluBackApplication: Starting DluBackApplication on HuangCF with PID 39984 (E:\java_project\dlu_all\dluBack\target\classes started by 86156 in E:\java_project\dluBack\dluBack)
[2023-04-25 20:27:15.553] [main] INFO  com.dlu.dluBack.DluBackApplication: No active profile set, falling back to default profiles: default
[2023-04-25 20:27:16.192] [main] INFO  o.s.b.w.e.tomcat.TomcatWebServer: Tomcat initialized with port(s): 8003 (http)
[2023-04-25 20:27:16.198] [main] INFO  o.a.coyote.http11.Http11NioProtocol: Initializing ProtocolHandler ["http-nio-8003"]
[2023-04-25 20:27:16.198] [main] INFO  o.a.catalina.core.StandardService: Starting service [Tomcat]
[2023-04-25 20:27:16.198] [main] INFO  o.a.catalina.core.StandardEngine: Starting Servlet engine: [Apache Tomcat/9.0.33]
[2023-04-25 20:27:16.284] [main] INFO  o.a.c.c.C.[.[localhost].[/dlu]: Initializing Spring embedded WebApplicationContext
[2023-04-25 20:27:16.284] [main] INFO  o.s.web.context.ContextLoader: Root WebApplicationContext: initialization completed in 682 ms
[2023-04-25 20:27:16.307] [main] INFO  o.s.b.web.servlet.RegistrationBean: Filter crossDomainFilter was not registered (possibly already registered?)
[2023-04-25 20:27:16.318] [main] INFO  c.d.dluBack.filter.CrossDomainFilter: -----CrossDomainFilter init -------
[2023-04-25 20:27:16.466] [main] WARN  o.s.b.w.s.c.AnnotationConfigServletWebServerApplicationContext: Exception encountered during context initialization - cancelling refresh attempt: org.springframework.beans.factory.UnsatisfiedDependencyException: Error creating bean with name 'fileController': Unsatisfied dependency expressed through field 'fileService'; nested exception is org.springframework.beans.factory.UnsatisfiedDependencyException: Error creating bean with name 'fileServiceImpl': Unsatisfied dependency expressed through field 'fileMapper'; nested exception is org.springframework.beans.factory.UnsatisfiedDependencyException: Error creating bean with name 'fileMapper' defined in file [E:\java_project\dlu_all\dluBack\target\classes\com\dlu\dluBack\mapper\FileMapper.class]: Unsatisfied dependency expressed through bean property 'sqlSessionFactory'; nested exception is org.springframework.beans.factory.BeanCreationException: Error creating bean with name 'sqlSessionFactory' defined in class path resource [org/mybatis/spring/boot/autoconfigure/MybatisAutoConfiguration.class]: Bean instantiation via factory method failed; nested exception is org.springframework.beans.BeanInstantiationException: Failed to instantiate [org.apache.ibatis.session.SqlSessionFactory]: Factory method 'sqlSessionFactory' threw exception; nested exception is org.springframework.core.NestedIOException: Failed to parse mapping resource: 'file [E:\java_project\dlu_all\dluBack\target\classes\mappers\fileMapper.xml]'; nested exception is org.apache.ibatis.builder.BuilderException: Error creating document instance.  Cause: org.xml.sax.SAXParseException; lineNumber: 30; columnNumber: 10;  "mapper"  "(cache-ref|cache|resultMap*|parameterMap*|sql*|insert*|update*|delete*|select*)+"
[2023-04-25 20:27:16.468] [main] INFO  o.a.catalina.core.StandardService: Stopping service [Tomcat]
[2023-04-25 20:27:16.475] [main] INFO  o.s.b.a.l.ConditionEvaluationReportLoggingListener: 

Error starting ApplicationContext. To display the conditions report re-run your application with 'debug' enabled.
[2023-04-25 20:27:26.937] [main] INFO  com.dlu.dluBack.DluBackApplication: Starting DluBackApplication on HuangCF with PID 12032 (E:\java_project\dlu_all\dluBack\target\classes started by 86156 in E:\java_project\dluBack\dluBack)
[2023-04-25 20:27:26.939] [main] INFO  com.dlu.dluBack.DluBackApplication: No active profile set, falling back to default profiles: default
[2023-04-25 20:27:27.559] [main] INFO  o.s.b.w.e.tomcat.TomcatWebServer: Tomcat initialized with port(s): 8003 (http)
[2023-04-25 20:27:27.564] [main] INFO  o.a.coyote.http11.Http11NioProtocol: Initializing ProtocolHandler ["http-nio-8003"]
[2023-04-25 20:27:27.565] [main] INFO  o.a.catalina.core.StandardService: Starting service [Tomcat]
[2023-04-25 20:27:27.565] [main] INFO  o.a.catalina.core.StandardEngine: Starting Servlet engine: [Apache Tomcat/9.0.33]
[2023-04-25 20:27:27.630] [main] INFO  o.a.c.c.C.[.[localhost].[/dlu]: Initializing Spring embedded WebApplicationContext
[2023-04-25 20:27:27.630] [main] INFO  o.s.web.context.ContextLoader: Root WebApplicationContext: initialization completed in 641 ms
[2023-04-25 20:27:27.652] [main] INFO  o.s.b.web.servlet.RegistrationBean: Filter crossDomainFilter was not registered (possibly already registered?)
[2023-04-25 20:27:27.664] [main] INFO  c.d.dluBack.filter.CrossDomainFilter: -----CrossDomainFilter init -------
[2023-04-25 20:27:27.937] [main] INFO  o.s.s.c.ThreadPoolTaskExecutor: Initializing ExecutorService 'applicationTaskExecutor'
[2023-04-25 20:27:28.005] [main] WARN  o.s.b.a.t.ThymeleafAutoConfiguration$DefaultTemplateResolverConfiguration: Cannot find template location: classpath:/templates/ (please add some templates or check your Thymeleaf configuration)
[2023-04-25 20:27:28.076] [main] INFO  o.a.coyote.http11.Http11NioProtocol: Starting ProtocolHandler ["http-nio-8003"]
[2023-04-25 20:27:28.092] [main] INFO  o.s.b.w.e.tomcat.TomcatWebServer: Tomcat started on port(s): 8003 (http) with context path '/dlu'
[2023-04-25 20:27:28.094] [main] INFO  com.dlu.dluBack.DluBackApplication: Started DluBackApplication in 1.414 seconds (JVM running for 2.301)
[2023-04-25 20:27:52.206] [http-nio-8003-exec-1] INFO  o.a.c.c.C.[.[localhost].[/dlu]: Initializing Spring DispatcherServlet 'dispatcherServlet'
[2023-04-25 20:27:52.206] [http-nio-8003-exec-1] INFO  o.s.web.servlet.DispatcherServlet: Initializing Servlet 'dispatcherServlet'
[2023-04-25 20:27:52.210] [http-nio-8003-exec-1] INFO  o.s.web.servlet.DispatcherServlet: Completed initialization in 4 ms
[2023-04-25 20:27:52.246] [http-nio-8003-exec-1] INFO  com.zaxxer.hikari.HikariDataSource: HikariPool-1 - Starting...
[2023-04-25 20:27:52.363] [http-nio-8003-exec-1] INFO  com.zaxxer.hikari.HikariDataSource: HikariPool-1 - Start completed.
[2023-04-25 20:53:49.606] [SpringContextShutdownHook] INFO  o.s.s.c.ThreadPoolTaskExecutor: Shutting down ExecutorService 'applicationTaskExecutor'
[2023-04-25 20:53:49.612] [SpringContextShutdownHook] INFO  com.zaxxer.hikari.HikariDataSource: HikariPool-1 - Shutdown initiated...
[2023-04-25 20:53:49.635] [SpringContextShutdownHook] INFO  com.zaxxer.hikari.HikariDataSource: HikariPool-1 - Shutdown completed.
[2023-04-25 20:53:54.018] [main] INFO  com.dlu.dluBack.DluBackApplication: Starting DluBackApplication on HuangCF with PID 32008 (E:\java_project\dlu_all\dluBack\target\classes started by 86156 in E:\java_project\dluBack\dluBack)
[2023-04-25 20:53:54.020] [main] INFO  com.dlu.dluBack.DluBackApplication: No active profile set, falling back to default profiles: default
[2023-04-25 20:53:54.698] [main] INFO  o.s.b.w.e.tomcat.TomcatWebServer: Tomcat initialized with port(s): 8003 (http)
[2023-04-25 20:53:54.705] [main] INFO  o.a.coyote.http11.Http11NioProtocol: Initializing ProtocolHandler ["http-nio-8003"]
[2023-04-25 20:53:54.706] [main] INFO  o.a.catalina.core.StandardService: Starting service [Tomcat]
[2023-04-25 20:53:54.706] [main] INFO  o.a.catalina.core.StandardEngine: Starting Servlet engine: [Apache Tomcat/9.0.33]
[2023-04-25 20:53:54.780] [main] INFO  o.a.c.c.C.[.[localhost].[/dlu]: Initializing Spring embedded WebApplicationContext
[2023-04-25 20:53:54.780] [main] INFO  o.s.web.context.ContextLoader: Root WebApplicationContext: initialization completed in 710 ms
[2023-04-25 20:53:54.802] [main] INFO  o.s.b.web.servlet.RegistrationBean: Filter crossDomainFilter was not registered (possibly already registered?)
[2023-04-25 20:53:54.815] [main] INFO  c.d.dluBack.filter.CrossDomainFilter: -----CrossDomainFilter init -------
[2023-04-25 20:53:55.091] [main] INFO  o.s.s.c.ThreadPoolTaskExecutor: Initializing ExecutorService 'applicationTaskExecutor'
[2023-04-25 20:53:55.163] [main] WARN  o.s.b.a.t.ThymeleafAutoConfiguration$DefaultTemplateResolverConfiguration: Cannot find template location: classpath:/templates/ (please add some templates or check your Thymeleaf configuration)
[2023-04-25 20:53:55.238] [main] INFO  o.a.coyote.http11.Http11NioProtocol: Starting ProtocolHandler ["http-nio-8003"]
[2023-04-25 20:53:55.253] [main] INFO  o.s.b.w.e.tomcat.TomcatWebServer: Tomcat started on port(s): 8003 (http) with context path '/dlu'
[2023-04-25 20:53:55.256] [main] INFO  com.dlu.dluBack.DluBackApplication: Started DluBackApplication in 1.522 seconds (JVM running for 2.423)
[2023-04-25 20:53:59.242] [http-nio-8003-exec-1] INFO  o.a.c.c.C.[.[localhost].[/dlu]: Initializing Spring DispatcherServlet 'dispatcherServlet'
[2023-04-25 20:53:59.242] [http-nio-8003-exec-1] INFO  o.s.web.servlet.DispatcherServlet: Initializing Servlet 'dispatcherServlet'
[2023-04-25 20:53:59.246] [http-nio-8003-exec-1] INFO  o.s.web.servlet.DispatcherServlet: Completed initialization in 4 ms
[2023-04-25 20:53:59.720] [http-nio-8003-exec-2] INFO  com.zaxxer.hikari.HikariDataSource: HikariPool-1 - Starting...
[2023-04-25 20:53:59.829] [http-nio-8003-exec-2] INFO  com.zaxxer.hikari.HikariDataSource: HikariPool-1 - Start completed.
[2023-04-25 20:55:46.689] [HikariPool-1 housekeeper] WARN  com.zaxxer.hikari.pool.HikariPool: HikariPool-1 - Thread starvation or clock leap detected (housekeeper delta=1m16s756ms866s600ns).
[2023-04-25 21:00:36.296] [SpringContextShutdownHook] INFO  o.s.s.c.ThreadPoolTaskExecutor: Shutting down ExecutorService 'applicationTaskExecutor'
[2023-04-25 21:00:36.297] [SpringContextShutdownHook] INFO  com.zaxxer.hikari.HikariDataSource: HikariPool-1 - Shutdown initiated...
[2023-04-25 21:00:36.307] [SpringContextShutdownHook] INFO  com.zaxxer.hikari.HikariDataSource: HikariPool-1 - Shutdown completed.
[2023-04-25 21:00:40.174] [main] INFO  com.dlu.dluBack.DluBackApplication: Starting DluBackApplication on HuangCF with PID 11952 (E:\java_project\dlu_all\dluBack\target\classes started by 86156 in E:\java_project\dluBack\dluBack)
[2023-04-25 21:00:40.176] [main] INFO  com.dlu.dluBack.DluBackApplication: No active profile set, falling back to default profiles: default
[2023-04-25 21:00:40.811] [main] INFO  o.s.b.w.e.tomcat.TomcatWebServer: Tomcat initialized with port(s): 8003 (http)
[2023-04-25 21:00:40.817] [main] INFO  o.a.coyote.http11.Http11NioProtocol: Initializing ProtocolHandler ["http-nio-8003"]
[2023-04-25 21:00:40.818] [main] INFO  o.a.catalina.core.StandardService: Starting service [Tomcat]
[2023-04-25 21:00:40.818] [main] INFO  o.a.catalina.core.StandardEngine: Starting Servlet engine: [Apache Tomcat/9.0.33]
[2023-04-25 21:00:40.890] [main] INFO  o.a.c.c.C.[.[localhost].[/dlu]: Initializing Spring embedded WebApplicationContext
[2023-04-25 21:00:40.890] [main] INFO  o.s.web.context.ContextLoader: Root WebApplicationContext: initialization completed in 665 ms
[2023-04-25 21:00:40.914] [main] INFO  o.s.b.web.servlet.RegistrationBean: Filter crossDomainFilter was not registered (possibly already registered?)
[2023-04-25 21:00:40.926] [main] INFO  c.d.dluBack.filter.CrossDomainFilter: -----CrossDomainFilter init -------
[2023-04-25 21:00:41.188] [main] INFO  o.s.s.c.ThreadPoolTaskExecutor: Initializing ExecutorService 'applicationTaskExecutor'
[2023-04-25 21:00:41.255] [main] WARN  o.s.b.a.t.ThymeleafAutoConfiguration$DefaultTemplateResolverConfiguration: Cannot find template location: classpath:/templates/ (please add some templates or check your Thymeleaf configuration)
[2023-04-25 21:00:41.321] [main] INFO  o.a.coyote.http11.Http11NioProtocol: Starting ProtocolHandler ["http-nio-8003"]
[2023-04-25 21:00:41.338] [main] INFO  o.s.b.w.e.tomcat.TomcatWebServer: Tomcat started on port(s): 8003 (http) with context path '/dlu'
[2023-04-25 21:00:41.340] [main] INFO  com.dlu.dluBack.DluBackApplication: Started DluBackApplication in 1.428 seconds (JVM running for 2.357)
[2023-04-25 21:01:03.017] [http-nio-8003-exec-2] INFO  o.a.c.c.C.[.[localhost].[/dlu]: Initializing Spring DispatcherServlet 'dispatcherServlet'
[2023-04-25 21:01:03.017] [http-nio-8003-exec-2] INFO  o.s.web.servlet.DispatcherServlet: Initializing Servlet 'dispatcherServlet'
[2023-04-25 21:01:03.021] [http-nio-8003-exec-2] INFO  o.s.web.servlet.DispatcherServlet: Completed initialization in 4 ms
[2023-04-25 21:01:03.057] [http-nio-8003-exec-2] INFO  com.zaxxer.hikari.HikariDataSource: HikariPool-1 - Starting...
[2023-04-25 21:01:03.160] [http-nio-8003-exec-2] INFO  com.zaxxer.hikari.HikariDataSource: HikariPool-1 - Start completed.
[2023-04-25 21:10:36.369] [SpringContextShutdownHook] INFO  o.s.s.c.ThreadPoolTaskExecutor: Shutting down ExecutorService 'applicationTaskExecutor'
[2023-04-25 21:10:36.370] [SpringContextShutdownHook] INFO  com.zaxxer.hikari.HikariDataSource: HikariPool-1 - Shutdown initiated...
[2023-04-25 21:10:36.382] [SpringContextShutdownHook] INFO  com.zaxxer.hikari.HikariDataSource: HikariPool-1 - Shutdown completed.
[2023-04-25 21:10:40.931] [main] INFO  com.dlu.dluBack.DluBackApplication: Starting DluBackApplication on HuangCF with PID 31020 (E:\java_project\dlu_all\dluBack\target\classes started by 86156 in E:\java_project\dluBack\dluBack)
[2023-04-25 21:10:40.933] [main] INFO  com.dlu.dluBack.DluBackApplication: No active profile set, falling back to default profiles: default
[2023-04-25 21:10:41.538] [main] INFO  o.s.b.w.e.tomcat.TomcatWebServer: Tomcat initialized with port(s): 8003 (http)
[2023-04-25 21:10:41.543] [main] INFO  o.a.coyote.http11.Http11NioProtocol: Initializing ProtocolHandler ["http-nio-8003"]
[2023-04-25 21:10:41.543] [main] INFO  o.a.catalina.core.StandardService: Starting service [Tomcat]
[2023-04-25 21:10:41.543] [main] INFO  o.a.catalina.core.StandardEngine: Starting Servlet engine: [Apache Tomcat/9.0.33]
[2023-04-25 21:10:41.609] [main] INFO  o.a.c.c.C.[.[localhost].[/dlu]: Initializing Spring embedded WebApplicationContext
[2023-04-25 21:10:41.609] [main] INFO  o.s.web.context.ContextLoader: Root WebApplicationContext: initialization completed in 628 ms
[2023-04-25 21:10:41.630] [main] INFO  o.s.b.web.servlet.RegistrationBean: Filter crossDomainFilter was not registered (possibly already registered?)
[2023-04-25 21:10:41.641] [main] INFO  c.d.dluBack.filter.CrossDomainFilter: -----CrossDomainFilter init -------
[2023-04-25 21:10:41.902] [main] INFO  o.s.s.c.ThreadPoolTaskExecutor: Initializing ExecutorService 'applicationTaskExecutor'
[2023-04-25 21:10:41.969] [main] WARN  o.s.b.a.t.ThymeleafAutoConfiguration$DefaultTemplateResolverConfiguration: Cannot find template location: classpath:/templates/ (please add some templates or check your Thymeleaf configuration)
[2023-04-25 21:10:42.034] [main] INFO  o.a.coyote.http11.Http11NioProtocol: Starting ProtocolHandler ["http-nio-8003"]
[2023-04-25 21:10:42.049] [main] INFO  o.s.b.w.e.tomcat.TomcatWebServer: Tomcat started on port(s): 8003 (http) with context path '/dlu'
[2023-04-25 21:10:42.051] [main] INFO  com.dlu.dluBack.DluBackApplication: Started DluBackApplication in 1.359 seconds (JVM running for 2.162)
[2023-04-25 21:15:28.682] [http-nio-8003-exec-1] INFO  o.a.c.c.C.[.[localhost].[/dlu]: Initializing Spring DispatcherServlet 'dispatcherServlet'
[2023-04-25 21:15:28.682] [http-nio-8003-exec-1] INFO  o.s.web.servlet.DispatcherServlet: Initializing Servlet 'dispatcherServlet'
[2023-04-25 21:15:28.689] [http-nio-8003-exec-1] INFO  o.s.web.servlet.DispatcherServlet: Completed initialization in 6 ms
[2023-04-25 21:15:28.731] [http-nio-8003-exec-1] INFO  com.zaxxer.hikari.HikariDataSource: HikariPool-1 - Starting...
[2023-04-25 21:15:28.851] [http-nio-8003-exec-1] INFO  com.zaxxer.hikari.HikariDataSource: HikariPool-1 - Start completed.
[2023-04-25 21:42:33.293] [http-nio-8003-exec-6] INFO  c.d.d.controller.UserController: testlogin:2023-04-25
[2023-04-25 21:58:06.706] [http-nio-8003-exec-8] INFO  c.d.d.controller.UserController: testlogin:2023-04-25
[2023-04-25 22:05:47.340] [SpringContextShutdownHook] INFO  o.s.s.c.ThreadPoolTaskExecutor: Shutting down ExecutorService 'applicationTaskExecutor'
[2023-04-25 22:05:47.345] [SpringContextShutdownHook] INFO  com.zaxxer.hikari.HikariDataSource: HikariPool-1 - Shutdown initiated...
[2023-04-25 22:05:47.354] [SpringContextShutdownHook] INFO  com.zaxxer.hikari.HikariDataSource: HikariPool-1 - Shutdown completed.
