[2023-04-28 09:58:04.328] [main] INFO  com.dlu.dluBack.DluBackApplication: Starting DluBackApplication on HuangCF with PID 89528 (E:\java_project\dlu_all\dluBack\target\classes started by 86156 in E:\java_project\dluBack\dluBack)
[2023-04-28 09:58:04.331] [main] INFO  com.dlu.dluBack.DluBackApplication: No active profile set, falling back to default profiles: default
[2023-04-28 09:58:05.131] [main] INFO  o.s.b.w.e.tomcat.TomcatWebServer: Tomcat initialized with port(s): 8003 (http)
[2023-04-28 09:58:05.138] [main] INFO  o.a.coyote.http11.Http11NioProtocol: Initializing ProtocolHandler ["http-nio-8003"]
[2023-04-28 09:58:05.138] [main] INFO  o.a.catalina.core.StandardService: Starting service [Tomcat]
[2023-04-28 09:58:05.139] [main] INFO  o.a.catalina.core.StandardEngine: Starting Servlet engine: [Apache Tomcat/9.0.33]
[2023-04-28 09:58:05.222] [main] INFO  o.a.c.c.C.[.[localhost].[/dlu]: Initializing Spring embedded WebApplicationContext
[2023-04-28 09:58:05.222] [main] INFO  o.s.web.context.ContextLoader: Root WebApplicationContext: initialization completed in 835 ms
[2023-04-28 09:58:05.248] [main] INFO  o.s.b.web.servlet.RegistrationBean: Filter crossDomainFilter was not registered (possibly already registered?)
[2023-04-28 09:58:05.262] [main] INFO  c.d.dluBack.filter.CrossDomainFilter: -----CrossDomainFilter init -------
[2023-04-28 09:58:05.603] [main] INFO  o.s.s.c.ThreadPoolTaskExecutor: Initializing ExecutorService 'applicationTaskExecutor'
[2023-04-28 09:58:05.689] [main] WARN  o.s.b.a.t.ThymeleafAutoConfiguration$DefaultTemplateResolverConfiguration: Cannot find template location: classpath:/templates/ (please add some templates or check your Thymeleaf configuration)
[2023-04-28 09:58:05.773] [main] INFO  o.a.coyote.http11.Http11NioProtocol: Starting ProtocolHandler ["http-nio-8003"]
[2023-04-28 09:58:05.791] [main] INFO  o.s.b.w.e.tomcat.TomcatWebServer: Tomcat started on port(s): 8003 (http) with context path '/dlu'
[2023-04-28 09:58:05.793] [main] INFO  com.dlu.dluBack.DluBackApplication: Started DluBackApplication in 1.818 seconds (JVM running for 2.916)
[2023-04-28 09:58:17.680] [http-nio-8003-exec-1] INFO  o.a.c.c.C.[.[localhost].[/dlu]: Initializing Spring DispatcherServlet 'dispatcherServlet'
[2023-04-28 09:58:17.680] [http-nio-8003-exec-1] INFO  o.s.web.servlet.DispatcherServlet: Initializing Servlet 'dispatcherServlet'
[2023-04-28 09:58:17.684] [http-nio-8003-exec-1] INFO  o.s.web.servlet.DispatcherServlet: Completed initialization in 4 ms
[2023-04-28 09:58:20.506] [http-nio-8003-exec-2] INFO  com.zaxxer.hikari.HikariDataSource: HikariPool-1 - Starting...
[2023-04-28 09:58:20.666] [http-nio-8003-exec-2] INFO  com.zaxxer.hikari.HikariDataSource: HikariPool-1 - Start completed.
[2023-04-28 09:58:20.721] [http-nio-8003-exec-2] INFO  c.d.d.controller.UserController: testlogin:2023-04-28
[2023-04-28 11:10:36.830] [http-nio-8003-exec-7] INFO  c.d.d.controller.UserController: testlogin:2023-04-28
[2023-04-28 12:20:01.350] [http-nio-8003-exec-1] INFO  c.d.d.controller.UserController: testlogin:2023-04-28
[2023-04-28 12:46:09.674] [http-nio-8003-exec-3] INFO  c.d.d.controller.UserController: testlogin:2023-04-28
[2023-04-28 13:10:55.492] [http-nio-8003-exec-10] INFO  c.d.d.controller.UserController: testlogin:2023-04-28
[2023-04-28 13:13:59.328] [http-nio-8003-exec-9] INFO  c.d.d.controller.UserController: testlogin:2023-04-28
[2023-04-28 14:26:38.272] [http-nio-8003-exec-2] INFO  c.d.d.controller.UserController: testlogin:2023-04-28
[2023-04-28 15:24:27.332] [HikariPool-1 housekeeper] WARN  com.zaxxer.hikari.pool.HikariPool: HikariPool-1 - Thread starvation or clock leap detected (housekeeper delta=3m31s537ms62µs300ns).
[2023-04-28 16:06:24.296] [SpringContextShutdownHook] INFO  o.s.s.c.ThreadPoolTaskExecutor: Shutting down ExecutorService 'applicationTaskExecutor'
[2023-04-28 16:06:24.300] [SpringContextShutdownHook] INFO  com.zaxxer.hikari.HikariDataSource: HikariPool-1 - Shutdown initiated...
[2023-04-28 16:06:24.314] [SpringContextShutdownHook] INFO  com.zaxxer.hikari.HikariDataSource: HikariPool-1 - Shutdown completed.
[2023-04-28 20:03:09.032] [main] INFO  com.dlu.dluBack.DluBackApplication: Starting DluBackApplication on HuangCF with PID 140488 (E:\java_project\dlu_all\dluBack\target\classes started by 86156 in E:\java_project\dluBack\dluBack)
[2023-04-28 20:03:09.035] [main] INFO  com.dlu.dluBack.DluBackApplication: No active profile set, falling back to default profiles: default
[2023-04-28 20:03:09.750] [main] INFO  o.s.b.w.e.tomcat.TomcatWebServer: Tomcat initialized with port(s): 8003 (http)
[2023-04-28 20:03:09.756] [main] INFO  o.a.coyote.http11.Http11NioProtocol: Initializing ProtocolHandler ["http-nio-8003"]
[2023-04-28 20:03:09.757] [main] INFO  o.a.catalina.core.StandardService: Starting service [Tomcat]
[2023-04-28 20:03:09.757] [main] INFO  o.a.catalina.core.StandardEngine: Starting Servlet engine: [Apache Tomcat/9.0.33]
[2023-04-28 20:03:09.832] [main] INFO  o.a.c.c.C.[.[localhost].[/dlu]: Initializing Spring embedded WebApplicationContext
[2023-04-28 20:03:09.833] [main] INFO  o.s.web.context.ContextLoader: Root WebApplicationContext: initialization completed in 741 ms
[2023-04-28 20:03:09.854] [main] INFO  o.s.b.web.servlet.RegistrationBean: Filter crossDomainFilter was not registered (possibly already registered?)
[2023-04-28 20:03:09.866] [main] INFO  c.d.dluBack.filter.CrossDomainFilter: -----CrossDomainFilter init -------
[2023-04-28 20:03:10.178] [main] INFO  o.s.s.c.ThreadPoolTaskExecutor: Initializing ExecutorService 'applicationTaskExecutor'
[2023-04-28 20:03:10.255] [main] WARN  o.s.b.a.t.ThymeleafAutoConfiguration$DefaultTemplateResolverConfiguration: Cannot find template location: classpath:/templates/ (please add some templates or check your Thymeleaf configuration)
[2023-04-28 20:03:10.328] [main] INFO  o.a.coyote.http11.Http11NioProtocol: Starting ProtocolHandler ["http-nio-8003"]
[2023-04-28 20:03:10.342] [main] INFO  o.s.b.w.e.tomcat.TomcatWebServer: Tomcat started on port(s): 8003 (http) with context path '/dlu'
[2023-04-28 20:03:10.344] [main] INFO  com.dlu.dluBack.DluBackApplication: Started DluBackApplication in 1.627 seconds (JVM running for 3.104)
[2023-04-28 20:03:13.317] [http-nio-8003-exec-1] INFO  o.a.c.c.C.[.[localhost].[/dlu]: Initializing Spring DispatcherServlet 'dispatcherServlet'
[2023-04-28 20:03:13.317] [http-nio-8003-exec-1] INFO  o.s.web.servlet.DispatcherServlet: Initializing Servlet 'dispatcherServlet'
[2023-04-28 20:03:13.321] [http-nio-8003-exec-1] INFO  o.s.web.servlet.DispatcherServlet: Completed initialization in 4 ms
[2023-04-28 20:03:15.735] [http-nio-8003-exec-3] INFO  com.zaxxer.hikari.HikariDataSource: HikariPool-1 - Starting...
[2023-04-28 20:03:15.868] [http-nio-8003-exec-3] INFO  com.zaxxer.hikari.HikariDataSource: HikariPool-1 - Start completed.
[2023-04-28 20:03:15.902] [http-nio-8003-exec-3] INFO  c.d.d.controller.UserController: testlogin:2023-04-28
