[2023-04-11 13:26:18.022] [main] INFO  com.dlu.dluBack.DluBackApplication: Starting DluBackApplication on HuangCF with PID 9988 (E:\java_project\dlu_all\dluBack\target\classes started by 86156 in E:\java_project\dluBack\dluBack)
[2023-04-11 13:26:18.024] [main] INFO  com.dlu.dluBack.DluBackApplication: No active profile set, falling back to default profiles: default
[2023-04-11 13:26:18.962] [main] INFO  o.s.b.w.e.tomcat.TomcatWebServer: Tomcat initialized with port(s): 8003 (http)
[2023-04-11 13:26:18.969] [main] INFO  o.a.coyote.http11.Http11NioProtocol: Initializing ProtocolHandler ["http-nio-8003"]
[2023-04-11 13:26:18.969] [main] INFO  o.a.catalina.core.StandardService: Starting service [Tomcat]
[2023-04-11 13:26:18.970] [main] INFO  o.a.catalina.core.StandardEngine: Starting Servlet engine: [Apache Tomcat/9.0.33]
[2023-04-11 13:26:19.053] [main] INFO  o.a.c.c.C.[.[localhost].[/dlu]: Initializing Spring embedded WebApplicationContext
[2023-04-11 13:26:19.053] [main] INFO  o.s.web.context.ContextLoader: Root WebApplicationContext: initialization completed in 956 ms
[2023-04-11 13:26:19.076] [main] INFO  o.s.b.web.servlet.RegistrationBean: Filter crossDomainFilter was not registered (possibly already registered?)
[2023-04-11 13:26:19.090] [main] INFO  c.d.dluBack.filter.CrossDomainFilter: -----CrossDomainFilter init -------
[2023-04-11 13:26:19.408] [main] INFO  o.s.s.c.ThreadPoolTaskExecutor: Initializing ExecutorService 'applicationTaskExecutor'
[2023-04-11 13:26:19.526] [main] WARN  o.s.b.a.t.ThymeleafAutoConfiguration$DefaultTemplateResolverConfiguration: Cannot find template location: classpath:/templates/ (please add some templates or check your Thymeleaf configuration)
[2023-04-11 13:26:19.621] [main] INFO  o.a.coyote.http11.Http11NioProtocol: Starting ProtocolHandler ["http-nio-8003"]
[2023-04-11 13:26:19.639] [main] INFO  o.s.b.w.e.tomcat.TomcatWebServer: Tomcat started on port(s): 8003 (http) with context path '/dlu'
[2023-04-11 13:26:19.641] [main] INFO  com.dlu.dluBack.DluBackApplication: Started DluBackApplication in 1.929 seconds (JVM running for 3.131)
[2023-04-11 13:31:25.477] [http-nio-8003-exec-1] INFO  o.a.c.c.C.[.[localhost].[/dlu]: Initializing Spring DispatcherServlet 'dispatcherServlet'
[2023-04-11 13:31:25.477] [http-nio-8003-exec-1] INFO  o.s.web.servlet.DispatcherServlet: Initializing Servlet 'dispatcherServlet'
[2023-04-11 13:31:25.484] [http-nio-8003-exec-1] INFO  o.s.web.servlet.DispatcherServlet: Completed initialization in 7 ms
[2023-04-11 13:31:30.047] [http-nio-8003-exec-4] INFO  com.zaxxer.hikari.HikariDataSource: HikariPool-1 - Starting...
[2023-04-11 13:31:33.158] [http-nio-8003-exec-7] INFO  com.zaxxer.hikari.HikariDataSource: HikariPool-1 - Starting...
[2023-04-11 13:32:16.007] [http-nio-8003-exec-5] INFO  com.zaxxer.hikari.HikariDataSource: HikariPool-1 - Starting...
[2023-04-11 13:32:16.075] [http-nio-8003-exec-5] INFO  com.zaxxer.hikari.HikariDataSource: HikariPool-1 - Start completed.
[2023-04-11 13:32:16.106] [http-nio-8003-exec-5] INFO  c.d.d.controller.UserController: testlogin:2023-04-11
[2023-04-11 14:15:14.705] [http-nio-8003-exec-1] INFO  c.d.d.controller.UserController: testlogin:2023-04-11
