[2023-04-26 08:23:37.643] [main] INFO  com.dlu.dluBack.DluBackApplication: Starting DluBackApplication on HuangCF with PID 38516 (E:\java_project\dlu_all\dluBack\target\classes started by 86156 in E:\java_project\dluBack\dluBack)
[2023-04-26 08:23:37.646] [main] INFO  com.dlu.dluBack.DluBackApplication: No active profile set, falling back to default profiles: default
[2023-04-26 08:23:38.658] [main] INFO  o.s.b.w.e.tomcat.TomcatWebServer: Tomcat initialized with port(s): 8003 (http)
[2023-04-26 08:23:38.668] [main] INFO  o.a.coyote.http11.Http11NioProtocol: Initializing ProtocolHandler ["http-nio-8003"]
[2023-04-26 08:23:38.669] [main] INFO  o.a.catalina.core.StandardService: Starting service [Tomcat]
[2023-04-26 08:23:38.670] [main] INFO  o.a.catalina.core.StandardEngine: Starting Servlet engine: [Apache Tomcat/9.0.33]
[2023-04-26 08:23:38.780] [main] INFO  o.a.c.c.C.[.[localhost].[/dlu]: Initializing Spring embedded WebApplicationContext
[2023-04-26 08:23:38.780] [main] INFO  o.s.web.context.ContextLoader: Root WebApplicationContext: initialization completed in 1066 ms
[2023-04-26 08:23:38.817] [main] INFO  o.s.b.web.servlet.RegistrationBean: Filter crossDomainFilter was not registered (possibly already registered?)
[2023-04-26 08:23:38.834] [main] INFO  c.d.dluBack.filter.CrossDomainFilter: -----CrossDomainFilter init -------
[2023-04-26 08:23:39.225] [main] INFO  o.s.s.c.ThreadPoolTaskExecutor: Initializing ExecutorService 'applicationTaskExecutor'
[2023-04-26 08:23:39.316] [main] WARN  o.s.b.a.t.ThymeleafAutoConfiguration$DefaultTemplateResolverConfiguration: Cannot find template location: classpath:/templates/ (please add some templates or check your Thymeleaf configuration)
[2023-04-26 08:23:39.406] [main] INFO  o.a.coyote.http11.Http11NioProtocol: Starting ProtocolHandler ["http-nio-8003"]
[2023-04-26 08:23:39.424] [main] INFO  o.s.b.w.e.tomcat.TomcatWebServer: Tomcat started on port(s): 8003 (http) with context path '/dlu'
[2023-04-26 08:23:39.426] [main] INFO  com.dlu.dluBack.DluBackApplication: Started DluBackApplication in 2.167 seconds (JVM running for 4.25)
[2023-04-26 08:23:49.068] [http-nio-8003-exec-1] INFO  o.a.c.c.C.[.[localhost].[/dlu]: Initializing Spring DispatcherServlet 'dispatcherServlet'
[2023-04-26 08:23:49.068] [http-nio-8003-exec-1] INFO  o.s.web.servlet.DispatcherServlet: Initializing Servlet 'dispatcherServlet'
[2023-04-26 08:23:49.076] [http-nio-8003-exec-1] INFO  o.s.web.servlet.DispatcherServlet: Completed initialization in 8 ms
[2023-04-26 08:23:52.933] [http-nio-8003-exec-2] INFO  com.zaxxer.hikari.HikariDataSource: HikariPool-1 - Starting...
[2023-04-26 08:23:53.178] [http-nio-8003-exec-2] INFO  com.zaxxer.hikari.HikariDataSource: HikariPool-1 - Start completed.
[2023-04-26 08:23:53.241] [http-nio-8003-exec-2] INFO  c.d.d.controller.UserController: testlogin:2023-04-26
[2023-04-26 09:10:36.220] [http-nio-8003-exec-7] INFO  c.d.d.controller.UserController: testlogin:2023-04-26
[2023-04-26 10:55:20.658] [SpringContextShutdownHook] INFO  o.s.s.c.ThreadPoolTaskExecutor: Shutting down ExecutorService 'applicationTaskExecutor'
[2023-04-26 10:55:20.664] [SpringContextShutdownHook] INFO  com.zaxxer.hikari.HikariDataSource: HikariPool-1 - Shutdown initiated...
[2023-04-26 10:55:20.738] [SpringContextShutdownHook] INFO  com.zaxxer.hikari.HikariDataSource: HikariPool-1 - Shutdown completed.
[2023-04-26 14:39:49.276] [background-preinit] DEBUG o.h.v.m.ResourceBundleMessageInterpolator: Loaded expression factory via original TCCL
[2023-04-26 14:39:49.353] [main] INFO  com.dlu.dluBack.DluBackApplication: Starting DluBackApplication on HuangCF with PID 38456 (E:\java_project\dlu_all\dluBack\target\classes started by 86156 in E:\java_project\dluBack\dluBack)
[2023-04-26 14:39:49.354] [main] INFO  com.dlu.dluBack.DluBackApplication: No active profile set, falling back to default profiles: default
[2023-04-26 14:39:50.060] [main] INFO  o.s.b.w.e.tomcat.TomcatWebServer: Tomcat initialized with port(s): 8003 (http)
[2023-04-26 14:39:50.065] [main] INFO  o.a.coyote.http11.Http11NioProtocol: Initializing ProtocolHandler ["http-nio-8003"]
[2023-04-26 14:39:50.066] [main] INFO  o.a.catalina.core.StandardService: Starting service [Tomcat]
[2023-04-26 14:39:50.066] [main] INFO  o.a.catalina.core.StandardEngine: Starting Servlet engine: [Apache Tomcat/9.0.33]
[2023-04-26 14:39:50.135] [main] INFO  o.a.c.c.C.[.[localhost].[/dlu]: Initializing Spring embedded WebApplicationContext
[2023-04-26 14:39:50.135] [main] INFO  o.s.web.context.ContextLoader: Root WebApplicationContext: initialization completed in 742 ms
[2023-04-26 14:39:50.156] [main] INFO  o.s.b.web.servlet.RegistrationBean: Filter crossDomainFilter was not registered (possibly already registered?)
[2023-04-26 14:39:50.166] [main] INFO  c.d.dluBack.filter.CrossDomainFilter: -----CrossDomainFilter init -------
[2023-04-26 14:39:50.405] [main] INFO  o.s.s.c.ThreadPoolTaskExecutor: Initializing ExecutorService 'applicationTaskExecutor'
[2023-04-26 14:39:50.503] [main] WARN  o.s.b.a.t.ThymeleafAutoConfiguration$DefaultTemplateResolverConfiguration: Cannot find template location: classpath:/templates/ (please add some templates or check your Thymeleaf configuration)
[2023-04-26 14:39:50.574] [main] INFO  o.a.coyote.http11.Http11NioProtocol: Starting ProtocolHandler ["http-nio-8003"]
[2023-04-26 14:39:50.590] [main] INFO  o.s.b.w.e.tomcat.TomcatWebServer: Tomcat started on port(s): 8003 (http) with context path '/dlu'
[2023-04-26 14:39:50.592] [main] INFO  com.dlu.dluBack.DluBackApplication: Started DluBackApplication in 1.519 seconds (JVM running for 2.297)
[2023-04-26 14:50:49.131] [http-nio-8003-exec-1] INFO  o.a.c.c.C.[.[localhost].[/dlu]: Initializing Spring DispatcherServlet 'dispatcherServlet'
[2023-04-26 14:50:49.131] [http-nio-8003-exec-1] INFO  o.s.web.servlet.DispatcherServlet: Initializing Servlet 'dispatcherServlet'
[2023-04-26 14:50:49.136] [http-nio-8003-exec-1] INFO  o.s.web.servlet.DispatcherServlet: Completed initialization in 5 ms
[2023-04-26 14:54:52.630] [http-nio-8003-exec-4] INFO  com.zaxxer.hikari.HikariDataSource: HikariPool-1 - Starting...
[2023-04-26 14:54:52.738] [http-nio-8003-exec-4] INFO  com.zaxxer.hikari.HikariDataSource: HikariPool-1 - Start completed.
[2023-04-26 14:54:52.764] [http-nio-8003-exec-4] INFO  c.d.d.controller.UserController: testlogin:2023-04-26
[2023-04-26 15:02:19.553] [main] INFO  com.dlu.dluBack.DluBackApplication: Starting DluBackApplication on HuangCF with PID 35016 (E:\java_project\dlu_all\dluBack\target\classes started by 86156 in E:\java_project\dluBack\dluBack)
[2023-04-26 15:02:19.556] [main] INFO  com.dlu.dluBack.DluBackApplication: No active profile set, falling back to default profiles: default
[2023-04-26 15:02:20.201] [main] INFO  o.s.b.w.e.tomcat.TomcatWebServer: Tomcat initialized with port(s): 8003 (http)
[2023-04-26 15:02:20.206] [main] INFO  o.a.coyote.http11.Http11NioProtocol: Initializing ProtocolHandler ["http-nio-8003"]
[2023-04-26 15:02:20.207] [main] INFO  o.a.catalina.core.StandardService: Starting service [Tomcat]
[2023-04-26 15:02:20.207] [main] INFO  o.a.catalina.core.StandardEngine: Starting Servlet engine: [Apache Tomcat/9.0.33]
[2023-04-26 15:02:20.274] [main] INFO  o.a.c.c.C.[.[localhost].[/dlu]: Initializing Spring embedded WebApplicationContext
[2023-04-26 15:02:20.274] [main] INFO  o.s.web.context.ContextLoader: Root WebApplicationContext: initialization completed in 682 ms
[2023-04-26 15:02:20.295] [main] INFO  o.s.b.web.servlet.RegistrationBean: Filter crossDomainFilter was not registered (possibly already registered?)
[2023-04-26 15:02:20.305] [main] INFO  c.d.dluBack.filter.CrossDomainFilter: -----CrossDomainFilter init -------
[2023-04-26 15:02:20.526] [main] INFO  o.s.s.c.ThreadPoolTaskExecutor: Initializing ExecutorService 'applicationTaskExecutor'
[2023-04-26 15:02:20.619] [main] WARN  o.s.b.a.t.ThymeleafAutoConfiguration$DefaultTemplateResolverConfiguration: Cannot find template location: classpath:/templates/ (please add some templates or check your Thymeleaf configuration)
[2023-04-26 15:02:20.684] [main] INFO  o.a.coyote.http11.Http11NioProtocol: Starting ProtocolHandler ["http-nio-8003"]
[2023-04-26 15:02:20.698] [main] INFO  o.s.b.w.e.tomcat.TomcatWebServer: Tomcat started on port(s): 8003 (http) with context path '/dlu'
[2023-04-26 15:02:20.700] [main] INFO  com.dlu.dluBack.DluBackApplication: Started DluBackApplication in 1.371 seconds (JVM running for 2.092)
[2023-04-26 15:03:46.544] [http-nio-8003-exec-1] INFO  o.a.c.c.C.[.[localhost].[/dlu]: Initializing Spring DispatcherServlet 'dispatcherServlet'
[2023-04-26 15:03:46.545] [http-nio-8003-exec-1] INFO  o.s.web.servlet.DispatcherServlet: Initializing Servlet 'dispatcherServlet'
[2023-04-26 15:03:46.548] [http-nio-8003-exec-1] INFO  o.s.web.servlet.DispatcherServlet: Completed initialization in 3 ms
[2023-04-26 15:04:11.192] [http-nio-8003-exec-4] INFO  com.zaxxer.hikari.HikariDataSource: HikariPool-1 - Starting...
[2023-04-26 15:04:11.288] [http-nio-8003-exec-4] INFO  com.zaxxer.hikari.HikariDataSource: HikariPool-1 - Start completed.
[2023-04-26 15:18:53.464] [http-nio-8003-exec-4] INFO  c.d.d.controller.UserController: testlogin:2023-04-26
[2023-04-26 15:30:10.193] [main] INFO  com.dlu.dluBack.DluBackApplication: Starting DluBackApplication on HuangCF with PID 21176 (E:\java_project\dlu_all\dluBack\target\classes started by 86156 in E:\java_project\dluBack\dluBack)
[2023-04-26 15:30:10.194] [main] INFO  com.dlu.dluBack.DluBackApplication: No active profile set, falling back to default profiles: default
[2023-04-26 15:30:10.882] [main] INFO  o.s.b.w.e.tomcat.TomcatWebServer: Tomcat initialized with port(s): 8003 (http)
[2023-04-26 15:30:10.889] [main] INFO  o.a.coyote.http11.Http11NioProtocol: Initializing ProtocolHandler ["http-nio-8003"]
[2023-04-26 15:30:10.889] [main] INFO  o.a.catalina.core.StandardService: Starting service [Tomcat]
[2023-04-26 15:30:10.890] [main] INFO  o.a.catalina.core.StandardEngine: Starting Servlet engine: [Apache Tomcat/9.0.33]
[2023-04-26 15:30:10.966] [main] INFO  o.a.c.c.C.[.[localhost].[/dlu]: Initializing Spring embedded WebApplicationContext
[2023-04-26 15:30:10.966] [main] INFO  o.s.web.context.ContextLoader: Root WebApplicationContext: initialization completed in 718 ms
[2023-04-26 15:30:10.990] [main] INFO  o.s.b.web.servlet.RegistrationBean: Filter crossDomainFilter was not registered (possibly already registered?)
[2023-04-26 15:30:11.001] [main] INFO  c.d.dluBack.filter.CrossDomainFilter: -----CrossDomainFilter init -------
[2023-04-26 15:30:11.272] [main] INFO  o.s.s.c.ThreadPoolTaskExecutor: Initializing ExecutorService 'applicationTaskExecutor'
[2023-04-26 15:30:11.340] [main] WARN  o.s.b.a.t.ThymeleafAutoConfiguration$DefaultTemplateResolverConfiguration: Cannot find template location: classpath:/templates/ (please add some templates or check your Thymeleaf configuration)
[2023-04-26 15:30:11.410] [main] INFO  o.a.coyote.http11.Http11NioProtocol: Starting ProtocolHandler ["http-nio-8003"]
[2023-04-26 15:30:11.425] [main] INFO  o.s.b.w.e.tomcat.TomcatWebServer: Tomcat started on port(s): 8003 (http) with context path '/dlu'
[2023-04-26 15:30:11.427] [main] INFO  com.dlu.dluBack.DluBackApplication: Started DluBackApplication in 1.498 seconds (JVM running for 2.407)
[2023-04-26 15:30:27.870] [http-nio-8003-exec-1] INFO  o.a.c.c.C.[.[localhost].[/dlu]: Initializing Spring DispatcherServlet 'dispatcherServlet'
[2023-04-26 15:30:27.870] [http-nio-8003-exec-1] INFO  o.s.web.servlet.DispatcherServlet: Initializing Servlet 'dispatcherServlet'
[2023-04-26 15:30:27.875] [http-nio-8003-exec-1] INFO  o.s.web.servlet.DispatcherServlet: Completed initialization in 5 ms
[2023-04-26 15:30:27.913] [http-nio-8003-exec-1] INFO  com.zaxxer.hikari.HikariDataSource: HikariPool-1 - Starting...
[2023-04-26 15:30:28.022] [http-nio-8003-exec-1] INFO  com.zaxxer.hikari.HikariDataSource: HikariPool-1 - Start completed.
[2023-04-26 18:38:15.714] [http-nio-8003-exec-4] INFO  c.d.d.controller.UserController: testlogin:2023-04-26
[2023-04-26 20:41:38.982] [http-nio-8003-exec-1] INFO  c.d.d.controller.UserController: testlogin:2023-04-26
[2023-04-26 20:41:39.954] [http-nio-8003-exec-10] INFO  c.d.d.controller.UserController: testlogin:2023-04-26
[2023-04-26 20:43:42.249] [SpringContextShutdownHook] INFO  o.s.s.c.ThreadPoolTaskExecutor: Shutting down ExecutorService 'applicationTaskExecutor'
[2023-04-26 20:43:42.252] [SpringContextShutdownHook] INFO  com.zaxxer.hikari.HikariDataSource: HikariPool-1 - Shutdown initiated...
[2023-04-26 20:43:42.264] [SpringContextShutdownHook] INFO  com.zaxxer.hikari.HikariDataSource: HikariPool-1 - Shutdown completed.
[2023-04-26 20:43:47.406] [main] INFO  com.dlu.dluBack.DluBackApplication: Starting DluBackApplication on HuangCF with PID 39120 (E:\java_project\dlu_all\dluBack\target\classes started by 86156 in E:\java_project\dluBack\dluBack)
[2023-04-26 20:43:47.408] [main] INFO  com.dlu.dluBack.DluBackApplication: No active profile set, falling back to default profiles: default
[2023-04-26 20:43:48.227] [main] INFO  o.s.b.w.e.tomcat.TomcatWebServer: Tomcat initialized with port(s): 8003 (http)
[2023-04-26 20:43:48.232] [main] INFO  o.a.coyote.http11.Http11NioProtocol: Initializing ProtocolHandler ["http-nio-8003"]
[2023-04-26 20:43:48.233] [main] INFO  o.a.catalina.core.StandardService: Starting service [Tomcat]
[2023-04-26 20:43:48.233] [main] INFO  o.a.catalina.core.StandardEngine: Starting Servlet engine: [Apache Tomcat/9.0.33]
[2023-04-26 20:43:48.307] [main] INFO  o.a.c.c.C.[.[localhost].[/dlu]: Initializing Spring embedded WebApplicationContext
[2023-04-26 20:43:48.307] [main] INFO  o.s.web.context.ContextLoader: Root WebApplicationContext: initialization completed in 858 ms
[2023-04-26 20:43:48.330] [main] INFO  o.s.b.web.servlet.RegistrationBean: Filter crossDomainFilter was not registered (possibly already registered?)
[2023-04-26 20:43:48.341] [main] INFO  c.d.dluBack.filter.CrossDomainFilter: -----CrossDomainFilter init -------
[2023-04-26 20:43:48.614] [main] INFO  o.s.s.c.ThreadPoolTaskExecutor: Initializing ExecutorService 'applicationTaskExecutor'
[2023-04-26 20:43:48.763] [main] WARN  o.s.b.a.t.ThymeleafAutoConfiguration$DefaultTemplateResolverConfiguration: Cannot find template location: classpath:/templates/ (please add some templates or check your Thymeleaf configuration)
[2023-04-26 20:43:48.844] [main] INFO  o.a.coyote.http11.Http11NioProtocol: Starting ProtocolHandler ["http-nio-8003"]
[2023-04-26 20:43:48.860] [main] INFO  o.s.b.w.e.tomcat.TomcatWebServer: Tomcat started on port(s): 8003 (http) with context path '/dlu'
[2023-04-26 20:43:48.862] [main] INFO  com.dlu.dluBack.DluBackApplication: Started DluBackApplication in 1.786 seconds (JVM running for 2.744)
[2023-04-26 20:43:59.296] [http-nio-8003-exec-1] INFO  o.a.c.c.C.[.[localhost].[/dlu]: Initializing Spring DispatcherServlet 'dispatcherServlet'
[2023-04-26 20:43:59.296] [http-nio-8003-exec-1] INFO  o.s.web.servlet.DispatcherServlet: Initializing Servlet 'dispatcherServlet'
[2023-04-26 20:43:59.299] [http-nio-8003-exec-1] INFO  o.s.web.servlet.DispatcherServlet: Completed initialization in 3 ms
[2023-04-26 20:45:01.888] [SpringContextShutdownHook] INFO  o.s.s.c.ThreadPoolTaskExecutor: Shutting down ExecutorService 'applicationTaskExecutor'
[2023-04-26 20:45:05.551] [main] INFO  com.dlu.dluBack.DluBackApplication: Starting DluBackApplication on HuangCF with PID 27468 (E:\java_project\dlu_all\dluBack\target\classes started by 86156 in E:\java_project\dluBack\dluBack)
[2023-04-26 20:45:05.553] [main] INFO  com.dlu.dluBack.DluBackApplication: No active profile set, falling back to default profiles: default
[2023-04-26 20:45:06.205] [main] INFO  o.s.b.w.e.tomcat.TomcatWebServer: Tomcat initialized with port(s): 8003 (http)
[2023-04-26 20:45:06.210] [main] INFO  o.a.coyote.http11.Http11NioProtocol: Initializing ProtocolHandler ["http-nio-8003"]
[2023-04-26 20:45:06.210] [main] INFO  o.a.catalina.core.StandardService: Starting service [Tomcat]
[2023-04-26 20:45:06.211] [main] INFO  o.a.catalina.core.StandardEngine: Starting Servlet engine: [Apache Tomcat/9.0.33]
[2023-04-26 20:45:06.278] [main] INFO  o.a.c.c.C.[.[localhost].[/dlu]: Initializing Spring embedded WebApplicationContext
[2023-04-26 20:45:06.278] [main] INFO  o.s.web.context.ContextLoader: Root WebApplicationContext: initialization completed in 674 ms
[2023-04-26 20:45:06.300] [main] INFO  o.s.b.web.servlet.RegistrationBean: Filter crossDomainFilter was not registered (possibly already registered?)
[2023-04-26 20:45:06.314] [main] INFO  c.d.dluBack.filter.CrossDomainFilter: -----CrossDomainFilter init -------
[2023-04-26 20:45:06.584] [main] INFO  o.s.s.c.ThreadPoolTaskExecutor: Initializing ExecutorService 'applicationTaskExecutor'
[2023-04-26 20:45:06.659] [main] WARN  o.s.b.a.t.ThymeleafAutoConfiguration$DefaultTemplateResolverConfiguration: Cannot find template location: classpath:/templates/ (please add some templates or check your Thymeleaf configuration)
[2023-04-26 20:45:06.730] [main] INFO  o.a.coyote.http11.Http11NioProtocol: Starting ProtocolHandler ["http-nio-8003"]
[2023-04-26 20:45:06.744] [main] INFO  o.s.b.w.e.tomcat.TomcatWebServer: Tomcat started on port(s): 8003 (http) with context path '/dlu'
[2023-04-26 20:45:06.746] [main] INFO  com.dlu.dluBack.DluBackApplication: Started DluBackApplication in 1.447 seconds (JVM running for 2.323)
[2023-04-26 20:45:10.354] [http-nio-8003-exec-1] INFO  o.a.c.c.C.[.[localhost].[/dlu]: Initializing Spring DispatcherServlet 'dispatcherServlet'
[2023-04-26 20:45:10.354] [http-nio-8003-exec-1] INFO  o.s.web.servlet.DispatcherServlet: Initializing Servlet 'dispatcherServlet'
[2023-04-26 20:45:10.358] [http-nio-8003-exec-1] INFO  o.s.web.servlet.DispatcherServlet: Completed initialization in 3 ms
[2023-04-26 20:55:20.961] [http-nio-8003-exec-9] INFO  com.zaxxer.hikari.HikariDataSource: HikariPool-1 - Starting...
[2023-04-26 20:55:21.083] [http-nio-8003-exec-9] INFO  com.zaxxer.hikari.HikariDataSource: HikariPool-1 - Start completed.
[2023-04-26 20:55:21.110] [http-nio-8003-exec-9] INFO  c.d.d.controller.UserController: testlogin:2023-04-26
[2023-04-26 22:31:15.535] [SpringContextShutdownHook] INFO  o.s.s.c.ThreadPoolTaskExecutor: Shutting down ExecutorService 'applicationTaskExecutor'
[2023-04-26 22:31:15.538] [SpringContextShutdownHook] INFO  com.zaxxer.hikari.HikariDataSource: HikariPool-1 - Shutdown initiated...
[2023-04-26 22:31:15.548] [SpringContextShutdownHook] INFO  com.zaxxer.hikari.HikariDataSource: HikariPool-1 - Shutdown completed.
