[2023-05-08 10:30:26.015] [Thread-7] INFO  o.s.s.c.ThreadPoolTaskExecutor: Shutting down ExecutorService 'applicationTaskExecutor'
[2023-05-08 10:30:26.021] [Thread-7] INFO  com.zaxxer.hikari.HikariDataSource: HikariPool-1 - Shutdown initiated...
[2023-05-08 10:30:26.030] [Thread-7] INFO  com.zaxxer.hikari.HikariDataSource: HikariPool-1 - Shutdown completed.
[2023-05-08 13:05:19.674] [main] INFO  com.dlu.dluBack.DluBackApplication: Starting DluBackApplication on HuangCF with PID 24764 (E:\java_project\dlu_all\dluBack\target\classes started by 86156 in E:\java_project\dluBack\dluBack)
[2023-05-08 13:05:19.677] [main] INFO  com.dlu.dluBack.DluBackApplication: No active profile set, falling back to default profiles: default
[2023-05-08 13:05:20.156] [main] INFO  o.s.d.r.c.RepositoryConfigurationDelegate: Multiple Spring Data modules found, entering strict repository configuration mode!
[2023-05-08 13:05:20.158] [main] INFO  o.s.d.r.c.RepositoryConfigurationDelegate: Bootstrapping Spring Data repositories in DEFAULT mode.
[2023-05-08 13:05:20.183] [main] INFO  o.s.d.r.c.RepositoryConfigurationDelegate: Finished Spring Data repository scanning in 12ms. Found 0 repository interfaces.
[2023-05-08 13:05:20.400] [main] INFO  o.s.c.s.PostProcessorRegistrationDelegate$BeanPostProcessorChecker: Bean 'org.springframework.transaction.annotation.ProxyTransactionManagementConfiguration' of type [org.springframework.transaction.annotation.ProxyTransactionManagementConfiguration$$EnhancerBySpringCGLIB$$7b40106] is not eligible for getting processed by all BeanPostProcessors (for example: not eligible for auto-proxying)
[2023-05-08 13:05:20.595] [main] INFO  o.s.b.w.e.tomcat.TomcatWebServer: Tomcat initialized with port(s): 8003 (http)
[2023-05-08 13:05:20.607] [main] INFO  o.a.coyote.http11.Http11NioProtocol: Initializing ProtocolHandler ["http-nio-8003"]
[2023-05-08 13:05:20.614] [main] INFO  o.a.catalina.core.StandardService: Starting service [Tomcat]
[2023-05-08 13:05:20.614] [main] INFO  o.a.catalina.core.StandardEngine: Starting Servlet engine: [Apache Tomcat/9.0.21]
[2023-05-08 13:05:20.716] [main] INFO  o.a.c.c.C.[.[localhost].[/dlu]: Initializing Spring embedded WebApplicationContext
[2023-05-08 13:05:20.717] [main] INFO  o.s.web.context.ContextLoader: Root WebApplicationContext: initialization completed in 1000 ms
[2023-05-08 13:05:20.738] [main] INFO  o.s.b.web.servlet.RegistrationBean: Filter crossDomainFilter was not registered (possibly already registered?)
[2023-05-08 13:05:20.750] [main] INFO  c.d.dluBack.filter.CrossDomainFilter: -----CrossDomainFilter init -------
[2023-05-08 13:05:21.135] [main] INFO  o.s.s.c.ThreadPoolTaskExecutor: Initializing ExecutorService 'applicationTaskExecutor'
[2023-05-08 13:05:21.207] [main] WARN  o.s.b.a.t.ThymeleafAutoConfiguration$DefaultTemplateResolverConfiguration: Cannot find template location: classpath:/templates/ (please add some templates or check your Thymeleaf configuration)
[2023-05-08 13:05:21.541] [main] INFO  o.a.coyote.http11.Http11NioProtocol: Starting ProtocolHandler ["http-nio-8003"]
[2023-05-08 13:05:21.559] [main] INFO  o.s.b.w.e.tomcat.TomcatWebServer: Tomcat started on port(s): 8003 (http) with context path '/dlu'
[2023-05-08 13:05:21.561] [main] INFO  com.dlu.dluBack.DluBackApplication: Started DluBackApplication in 2.221 seconds (JVM running for 4.013)
[2023-05-08 13:13:01.671] [http-nio-8003-exec-1] INFO  o.a.c.c.C.[.[localhost].[/dlu]: Initializing Spring DispatcherServlet 'dispatcherServlet'
[2023-05-08 13:13:01.672] [http-nio-8003-exec-1] INFO  o.s.web.servlet.DispatcherServlet: Initializing Servlet 'dispatcherServlet'
[2023-05-08 13:13:01.678] [http-nio-8003-exec-1] INFO  o.s.web.servlet.DispatcherServlet: Completed initialization in 6 ms
[2023-05-08 13:13:59.872] [http-nio-8003-exec-8] INFO  com.zaxxer.hikari.HikariDataSource: HikariPool-1 - Starting...
[2023-05-08 13:14:00.102] [http-nio-8003-exec-8] INFO  com.zaxxer.hikari.HikariDataSource: HikariPool-1 - Start completed.
[2023-05-08 13:14:00.150] [http-nio-8003-exec-8] INFO  c.d.d.controller.UserController: testlogin:2023-05-08
[2023-05-08 13:56:02.139] [HikariPool-1 housekeeper] WARN  com.zaxxer.hikari.pool.HikariPool: HikariPool-1 - Thread starvation or clock leap detected (housekeeper delta=9m31s344ms934µs600ns).
[2023-05-08 14:06:39.859] [http-nio-8003-exec-10] INFO  c.d.d.controller.UserController: testlogin:2023-05-08
[2023-05-08 16:39:29.598] [HikariPool-1 housekeeper] WARN  com.zaxxer.hikari.pool.HikariPool: HikariPool-1 - Thread starvation or clock leap detected (housekeeper delta=38m25s367ms820µs).
[2023-05-08 18:23:27.566] [Thread-7] INFO  o.s.s.c.ThreadPoolTaskExecutor: Shutting down ExecutorService 'applicationTaskExecutor'
[2023-05-08 18:23:27.571] [Thread-7] INFO  com.zaxxer.hikari.HikariDataSource: HikariPool-1 - Shutdown initiated...
[2023-05-08 18:23:27.586] [Thread-7] INFO  com.zaxxer.hikari.HikariDataSource: HikariPool-1 - Shutdown completed.
[2023-05-08 20:55:36.919] [main] INFO  com.dlu.dluBack.DluBackApplication: Starting DluBackApplication on HuangCF with PID 29384 (E:\java_project\dlu_all\dluBack\target\classes started by 86156 in E:\java_project\dluBack\dluBack)
[2023-05-08 20:55:36.968] [main] INFO  com.dlu.dluBack.DluBackApplication: No active profile set, falling back to default profiles: default
[2023-05-08 20:55:37.923] [main] INFO  o.s.d.r.c.RepositoryConfigurationDelegate: Multiple Spring Data modules found, entering strict repository configuration mode!
[2023-05-08 20:55:37.926] [main] INFO  o.s.d.r.c.RepositoryConfigurationDelegate: Bootstrapping Spring Data repositories in DEFAULT mode.
[2023-05-08 20:55:37.958] [main] INFO  o.s.d.r.c.RepositoryConfigurationDelegate: Finished Spring Data repository scanning in 16ms. Found 0 repository interfaces.
[2023-05-08 20:55:38.327] [main] INFO  o.s.c.s.PostProcessorRegistrationDelegate$BeanPostProcessorChecker: Bean 'org.springframework.transaction.annotation.ProxyTransactionManagementConfiguration' of type [org.springframework.transaction.annotation.ProxyTransactionManagementConfiguration$$EnhancerBySpringCGLIB$$2dc97fdc] is not eligible for getting processed by all BeanPostProcessors (for example: not eligible for auto-proxying)
[2023-05-08 20:55:38.668] [main] INFO  o.s.b.w.e.tomcat.TomcatWebServer: Tomcat initialized with port(s): 8003 (http)
[2023-05-08 20:55:38.686] [main] INFO  o.a.coyote.http11.Http11NioProtocol: Initializing ProtocolHandler ["http-nio-8003"]
[2023-05-08 20:55:38.695] [main] INFO  o.a.catalina.core.StandardService: Starting service [Tomcat]
[2023-05-08 20:55:38.695] [main] INFO  o.a.catalina.core.StandardEngine: Starting Servlet engine: [Apache Tomcat/9.0.21]
[2023-05-08 20:55:38.839] [main] INFO  o.a.c.c.C.[.[localhost].[/dlu]: Initializing Spring embedded WebApplicationContext
[2023-05-08 20:55:38.840] [main] INFO  o.s.web.context.ContextLoader: Root WebApplicationContext: initialization completed in 1785 ms
[2023-05-08 20:55:38.871] [main] INFO  o.s.b.web.servlet.RegistrationBean: Filter crossDomainFilter was not registered (possibly already registered?)
[2023-05-08 20:55:38.897] [main] INFO  c.d.dluBack.filter.CrossDomainFilter: -----CrossDomainFilter init -------
[2023-05-08 20:55:39.686] [main] INFO  o.s.s.c.ThreadPoolTaskExecutor: Initializing ExecutorService 'applicationTaskExecutor'
[2023-05-08 20:55:39.799] [main] WARN  o.s.b.a.t.ThymeleafAutoConfiguration$DefaultTemplateResolverConfiguration: Cannot find template location: classpath:/templates/ (please add some templates or check your Thymeleaf configuration)
[2023-05-08 20:55:40.260] [main] INFO  o.a.coyote.http11.Http11NioProtocol: Starting ProtocolHandler ["http-nio-8003"]
[2023-05-08 20:55:40.289] [main] INFO  o.s.b.w.e.tomcat.TomcatWebServer: Tomcat started on port(s): 8003 (http) with context path '/dlu'
[2023-05-08 20:55:40.294] [main] INFO  com.dlu.dluBack.DluBackApplication: Started DluBackApplication in 3.96 seconds (JVM running for 6.451)
[2023-05-08 20:55:42.044] [http-nio-8003-exec-1] INFO  o.a.c.c.C.[.[localhost].[/dlu]: Initializing Spring DispatcherServlet 'dispatcherServlet'
[2023-05-08 20:55:42.044] [http-nio-8003-exec-1] INFO  o.s.web.servlet.DispatcherServlet: Initializing Servlet 'dispatcherServlet'
[2023-05-08 20:55:42.051] [http-nio-8003-exec-1] INFO  o.s.web.servlet.DispatcherServlet: Completed initialization in 7 ms
[2023-05-08 20:55:45.106] [http-nio-8003-exec-2] INFO  com.zaxxer.hikari.HikariDataSource: HikariPool-1 - Starting...
[2023-05-08 20:55:45.265] [http-nio-8003-exec-2] INFO  com.zaxxer.hikari.HikariDataSource: HikariPool-1 - Start completed.
[2023-05-08 20:55:45.364] [http-nio-8003-exec-2] INFO  c.d.d.controller.UserController: testlogin:2023-05-08
[2023-05-08 21:15:38.540] [HikariPool-1 housekeeper] WARN  com.zaxxer.hikari.pool.HikariPool: HikariPool-1 - Thread starvation or clock leap detected (housekeeper delta=3m23s123ms184µs700ns).
[2023-05-08 21:17:13.383] [Thread-11] INFO  o.s.s.c.ThreadPoolTaskExecutor: Shutting down ExecutorService 'applicationTaskExecutor'
[2023-05-08 21:17:13.385] [Thread-11] INFO  com.zaxxer.hikari.HikariDataSource: HikariPool-1 - Shutdown initiated...
[2023-05-08 21:17:13.415] [Thread-11] INFO  com.zaxxer.hikari.HikariDataSource: HikariPool-1 - Shutdown completed.
