[2023-04-17 09:25:14.462] [http-nio-8003-exec-9] INFO  c.d.d.controller.UserController: testlogin:2023-04-17
[2023-04-17 11:36:15.317] [http-nio-8003-exec-8] INFO  c.d.d.controller.UserController: testlogin:2023-04-17
[2023-04-17 13:25:15.018] [HikariPool-1 housekeeper] WARN  com.zaxxer.hikari.pool.HikariPool: HikariPool-1 - Thread starvation or clock leap detected (housekeeper delta=1m40s154ms136µs400ns).
[2023-04-17 13:25:15.033] [http-nio-8003-exec-3] INFO  o.a.coyote.http11.Http11Processor: Error parsing HTTP request header
 Note: further occurrences of HTTP request parsing errors will be logged at DEBUG level.
java.lang.IllegalArgumentException: Invalid character found in the request target. The valid characters are defined in RFC 7230 and RFC 3986
	at org.apache.coyote.http11.Http11InputBuffer.parseRequestLine(Http11InputBuffer.java:488)
	at org.apache.coyote.http11.Http11Processor.service(Http11Processor.java:260)
	at org.apache.coyote.AbstractProcessorLight.process(AbstractProcessorLight.java:65)
	at org.apache.coyote.AbstractProtocol$ConnectionHandler.process(AbstractProtocol.java:868)
	at org.apache.tomcat.util.net.NioEndpoint$SocketProcessor.doRun(NioEndpoint.java:1594)
	at org.apache.tomcat.util.net.SocketProcessorBase.run(SocketProcessorBase.java:49)
	at java.util.concurrent.ThreadPoolExecutor.runWorker(ThreadPoolExecutor.java:1149)
	at java.util.concurrent.ThreadPoolExecutor$Worker.run(ThreadPoolExecutor.java:624)
	at org.apache.tomcat.util.threads.TaskThread$WrappingRunnable.run(TaskThread.java:61)
	at java.lang.Thread.run(Thread.java:748)
[2023-04-17 13:30:42.890] [SpringContextShutdownHook] INFO  o.s.s.c.ThreadPoolTaskExecutor: Shutting down ExecutorService 'applicationTaskExecutor'
[2023-04-17 13:30:42.893] [SpringContextShutdownHook] INFO  com.zaxxer.hikari.HikariDataSource: HikariPool-1 - Shutdown initiated...
[2023-04-17 13:30:42.902] [SpringContextShutdownHook] INFO  com.zaxxer.hikari.HikariDataSource: HikariPool-1 - Shutdown completed.
[2023-04-17 13:31:00.721] [main] INFO  com.dlu.dluBack.DluBackApplication: Starting DluBackApplication on HuangCF with PID 8784 (E:\java_project\dlu_all\dluBack\target\classes started by 86156 in E:\java_project\dluBack\dluBack)
[2023-04-17 13:31:00.723] [main] INFO  com.dlu.dluBack.DluBackApplication: No active profile set, falling back to default profiles: default
[2023-04-17 13:31:01.372] [main] INFO  o.s.b.w.e.tomcat.TomcatWebServer: Tomcat initialized with port(s): 8003 (http)
[2023-04-17 13:31:01.378] [main] INFO  o.a.coyote.http11.Http11NioProtocol: Initializing ProtocolHandler ["http-nio-8003"]
[2023-04-17 13:31:01.378] [main] INFO  o.a.catalina.core.StandardService: Starting service [Tomcat]
[2023-04-17 13:31:01.379] [main] INFO  o.a.catalina.core.StandardEngine: Starting Servlet engine: [Apache Tomcat/9.0.33]
[2023-04-17 13:31:01.447] [main] INFO  o.a.c.c.C.[.[localhost].[/dlu]: Initializing Spring embedded WebApplicationContext
[2023-04-17 13:31:01.447] [main] INFO  o.s.web.context.ContextLoader: Root WebApplicationContext: initialization completed in 696 ms
[2023-04-17 13:31:01.468] [main] INFO  o.s.b.web.servlet.RegistrationBean: Filter crossDomainFilter was not registered (possibly already registered?)
[2023-04-17 13:31:01.478] [main] INFO  c.d.dluBack.filter.CrossDomainFilter: -----CrossDomainFilter init -------
[2023-04-17 13:31:01.733] [main] INFO  o.s.s.c.ThreadPoolTaskExecutor: Initializing ExecutorService 'applicationTaskExecutor'
[2023-04-17 13:31:01.800] [main] WARN  o.s.b.a.t.ThymeleafAutoConfiguration$DefaultTemplateResolverConfiguration: Cannot find template location: classpath:/templates/ (please add some templates or check your Thymeleaf configuration)
[2023-04-17 13:31:01.865] [main] INFO  o.a.coyote.http11.Http11NioProtocol: Starting ProtocolHandler ["http-nio-8003"]
[2023-04-17 13:31:01.880] [main] INFO  o.s.b.w.e.tomcat.TomcatWebServer: Tomcat started on port(s): 8003 (http) with context path '/dlu'
[2023-04-17 13:31:01.882] [main] INFO  com.dlu.dluBack.DluBackApplication: Started DluBackApplication in 1.408 seconds (JVM running for 2.251)
[2023-04-17 13:31:08.909] [http-nio-8003-exec-1] INFO  o.a.c.c.C.[.[localhost].[/dlu]: Initializing Spring DispatcherServlet 'dispatcherServlet'
[2023-04-17 13:31:08.909] [http-nio-8003-exec-1] INFO  o.s.web.servlet.DispatcherServlet: Initializing Servlet 'dispatcherServlet'
[2023-04-17 13:31:08.912] [http-nio-8003-exec-1] INFO  o.s.web.servlet.DispatcherServlet: Completed initialization in 3 ms
[2023-04-17 13:31:08.936] [http-nio-8003-exec-1] WARN  o.s.w.s.m.s.DefaultHandlerExceptionResolver: Resolved [org.springframework.http.converter.HttpMessageNotReadableException: Required request body is missing: public com.dlu.dluBack.vo.ResultVo com.dlu.dluBack.controller.UserController.multiPass(java.util.List<java.lang.String>)]
[2023-04-17 13:31:37.110] [http-nio-8003-exec-2] WARN  o.s.w.s.m.s.DefaultHandlerExceptionResolver: Resolved [org.springframework.http.converter.HttpMessageNotReadableException: Required request body is missing: public com.dlu.dluBack.vo.ResultVo com.dlu.dluBack.controller.UserController.multiPass(java.util.List<java.lang.String>)]
[2023-04-17 13:32:52.552] [SpringContextShutdownHook] INFO  o.s.s.c.ThreadPoolTaskExecutor: Shutting down ExecutorService 'applicationTaskExecutor'
[2023-04-17 13:32:56.944] [main] INFO  com.dlu.dluBack.DluBackApplication: Starting DluBackApplication on HuangCF with PID 17464 (E:\java_project\dlu_all\dluBack\target\classes started by 86156 in E:\java_project\dluBack\dluBack)
[2023-04-17 13:32:56.945] [main] INFO  com.dlu.dluBack.DluBackApplication: No active profile set, falling back to default profiles: default
[2023-04-17 13:32:57.525] [main] INFO  o.s.b.w.e.tomcat.TomcatWebServer: Tomcat initialized with port(s): 8003 (http)
[2023-04-17 13:32:57.530] [main] INFO  o.a.coyote.http11.Http11NioProtocol: Initializing ProtocolHandler ["http-nio-8003"]
[2023-04-17 13:32:57.530] [main] INFO  o.a.catalina.core.StandardService: Starting service [Tomcat]
[2023-04-17 13:32:57.531] [main] INFO  o.a.catalina.core.StandardEngine: Starting Servlet engine: [Apache Tomcat/9.0.33]
[2023-04-17 13:32:57.593] [main] INFO  o.a.c.c.C.[.[localhost].[/dlu]: Initializing Spring embedded WebApplicationContext
[2023-04-17 13:32:57.593] [main] INFO  o.s.web.context.ContextLoader: Root WebApplicationContext: initialization completed in 601 ms
[2023-04-17 13:32:57.613] [main] INFO  o.s.b.web.servlet.RegistrationBean: Filter crossDomainFilter was not registered (possibly already registered?)
[2023-04-17 13:32:57.624] [main] INFO  c.d.dluBack.filter.CrossDomainFilter: -----CrossDomainFilter init -------
[2023-04-17 13:32:57.863] [main] INFO  o.s.s.c.ThreadPoolTaskExecutor: Initializing ExecutorService 'applicationTaskExecutor'
[2023-04-17 13:32:57.926] [main] WARN  o.s.b.a.t.ThymeleafAutoConfiguration$DefaultTemplateResolverConfiguration: Cannot find template location: classpath:/templates/ (please add some templates or check your Thymeleaf configuration)
[2023-04-17 13:32:57.988] [main] INFO  o.a.coyote.http11.Http11NioProtocol: Starting ProtocolHandler ["http-nio-8003"]
[2023-04-17 13:32:58.002] [main] INFO  o.s.b.w.e.tomcat.TomcatWebServer: Tomcat started on port(s): 8003 (http) with context path '/dlu'
[2023-04-17 13:32:58.003] [main] INFO  com.dlu.dluBack.DluBackApplication: Started DluBackApplication in 1.287 seconds (JVM running for 2.091)
[2023-04-17 13:33:00.709] [http-nio-8003-exec-1] INFO  o.a.c.c.C.[.[localhost].[/dlu]: Initializing Spring DispatcherServlet 'dispatcherServlet'
[2023-04-17 13:33:00.709] [http-nio-8003-exec-1] INFO  o.s.web.servlet.DispatcherServlet: Initializing Servlet 'dispatcherServlet'
[2023-04-17 13:33:00.713] [http-nio-8003-exec-1] INFO  o.s.web.servlet.DispatcherServlet: Completed initialization in 4 ms
[2023-04-17 13:33:12.697] [http-nio-8003-exec-1] INFO  com.zaxxer.hikari.HikariDataSource: HikariPool-1 - Starting...
[2023-04-17 13:33:12.797] [http-nio-8003-exec-1] INFO  com.zaxxer.hikari.HikariDataSource: HikariPool-1 - Start completed.
[2023-04-17 13:39:54.757] [SpringContextShutdownHook] INFO  o.s.s.c.ThreadPoolTaskExecutor: Shutting down ExecutorService 'applicationTaskExecutor'
[2023-04-17 13:39:54.758] [SpringContextShutdownHook] INFO  com.zaxxer.hikari.HikariDataSource: HikariPool-1 - Shutdown initiated...
[2023-04-17 13:39:54.779] [SpringContextShutdownHook] INFO  com.zaxxer.hikari.HikariDataSource: HikariPool-1 - Shutdown completed.
[2023-04-17 13:39:59.377] [main] INFO  com.dlu.dluBack.DluBackApplication: Starting DluBackApplication on HuangCF with PID 12268 (E:\java_project\dlu_all\dluBack\target\classes started by 86156 in E:\java_project\dluBack\dluBack)
[2023-04-17 13:39:59.379] [main] INFO  com.dlu.dluBack.DluBackApplication: No active profile set, falling back to default profiles: default
[2023-04-17 13:40:00.207] [main] INFO  o.s.b.w.e.tomcat.TomcatWebServer: Tomcat initialized with port(s): 8003 (http)
[2023-04-17 13:40:00.216] [main] INFO  o.a.coyote.http11.Http11NioProtocol: Initializing ProtocolHandler ["http-nio-8003"]
[2023-04-17 13:40:00.216] [main] INFO  o.a.catalina.core.StandardService: Starting service [Tomcat]
[2023-04-17 13:40:00.217] [main] INFO  o.a.catalina.core.StandardEngine: Starting Servlet engine: [Apache Tomcat/9.0.33]
[2023-04-17 13:40:00.321] [main] INFO  o.a.c.c.C.[.[localhost].[/dlu]: Initializing Spring embedded WebApplicationContext
[2023-04-17 13:40:00.321] [main] INFO  o.s.web.context.ContextLoader: Root WebApplicationContext: initialization completed in 881 ms
[2023-04-17 13:40:00.362] [main] INFO  o.s.b.web.servlet.RegistrationBean: Filter crossDomainFilter was not registered (possibly already registered?)
[2023-04-17 13:40:00.389] [main] INFO  c.d.dluBack.filter.CrossDomainFilter: -----CrossDomainFilter init -------
[2023-04-17 13:40:01.107] [main] INFO  o.s.s.c.ThreadPoolTaskExecutor: Initializing ExecutorService 'applicationTaskExecutor'
[2023-04-17 13:40:01.218] [main] WARN  o.s.b.a.t.ThymeleafAutoConfiguration$DefaultTemplateResolverConfiguration: Cannot find template location: classpath:/templates/ (please add some templates or check your Thymeleaf configuration)
[2023-04-17 13:40:01.373] [main] INFO  o.a.coyote.http11.Http11NioProtocol: Starting ProtocolHandler ["http-nio-8003"]
[2023-04-17 13:40:01.402] [main] INFO  o.s.b.w.e.tomcat.TomcatWebServer: Tomcat started on port(s): 8003 (http) with context path '/dlu'
[2023-04-17 13:40:01.404] [main] INFO  com.dlu.dluBack.DluBackApplication: Started DluBackApplication in 2.444 seconds (JVM running for 3.82)
[2023-04-17 13:40:21.715] [http-nio-8003-exec-1] INFO  o.a.c.c.C.[.[localhost].[/dlu]: Initializing Spring DispatcherServlet 'dispatcherServlet'
[2023-04-17 13:40:21.715] [http-nio-8003-exec-1] INFO  o.s.web.servlet.DispatcherServlet: Initializing Servlet 'dispatcherServlet'
[2023-04-17 13:40:21.719] [http-nio-8003-exec-1] INFO  o.s.web.servlet.DispatcherServlet: Completed initialization in 4 ms
[2023-04-17 13:40:21.745] [http-nio-8003-exec-1] INFO  com.zaxxer.hikari.HikariDataSource: HikariPool-1 - Starting...
[2023-04-17 13:40:21.849] [http-nio-8003-exec-1] INFO  com.zaxxer.hikari.HikariDataSource: HikariPool-1 - Start completed.
[2023-04-17 13:55:33.482] [HikariPool-1 housekeeper] WARN  com.zaxxer.hikari.pool.HikariPool: HikariPool-1 - Thread starvation or clock leap detected (housekeeper delta=6m11s514ms333µs800ns).
[2023-04-17 14:00:20.370] [SpringContextShutdownHook] INFO  o.s.s.c.ThreadPoolTaskExecutor: Shutting down ExecutorService 'applicationTaskExecutor'
[2023-04-17 14:00:20.371] [SpringContextShutdownHook] INFO  com.zaxxer.hikari.HikariDataSource: HikariPool-1 - Shutdown initiated...
[2023-04-17 14:00:20.392] [SpringContextShutdownHook] INFO  com.zaxxer.hikari.HikariDataSource: HikariPool-1 - Shutdown completed.
[2023-04-17 14:00:24.956] [main] INFO  com.dlu.dluBack.DluBackApplication: Starting DluBackApplication on HuangCF with PID 29580 (E:\java_project\dlu_all\dluBack\target\classes started by 86156 in E:\java_project\dluBack\dluBack)
[2023-04-17 14:00:24.957] [main] INFO  com.dlu.dluBack.DluBackApplication: No active profile set, falling back to default profiles: default
[2023-04-17 14:00:25.968] [main] INFO  o.s.b.w.e.tomcat.TomcatWebServer: Tomcat initialized with port(s): 8003 (http)
[2023-04-17 14:00:25.982] [main] INFO  o.a.coyote.http11.Http11NioProtocol: Initializing ProtocolHandler ["http-nio-8003"]
[2023-04-17 14:00:25.984] [main] INFO  o.a.catalina.core.StandardService: Starting service [Tomcat]
[2023-04-17 14:00:25.985] [main] INFO  o.a.catalina.core.StandardEngine: Starting Servlet engine: [Apache Tomcat/9.0.33]
[2023-04-17 14:00:26.162] [main] INFO  o.a.c.c.C.[.[localhost].[/dlu]: Initializing Spring embedded WebApplicationContext
[2023-04-17 14:00:26.163] [main] INFO  o.s.web.context.ContextLoader: Root WebApplicationContext: initialization completed in 1158 ms
[2023-04-17 14:00:26.195] [main] INFO  o.s.b.web.servlet.RegistrationBean: Filter crossDomainFilter was not registered (possibly already registered?)
[2023-04-17 14:00:26.208] [main] INFO  c.d.dluBack.filter.CrossDomainFilter: -----CrossDomainFilter init -------
[2023-04-17 14:00:26.557] [main] INFO  o.s.s.c.ThreadPoolTaskExecutor: Initializing ExecutorService 'applicationTaskExecutor'
[2023-04-17 14:00:26.646] [main] WARN  o.s.b.a.t.ThymeleafAutoConfiguration$DefaultTemplateResolverConfiguration: Cannot find template location: classpath:/templates/ (please add some templates or check your Thymeleaf configuration)
[2023-04-17 14:00:26.766] [main] INFO  o.a.coyote.http11.Http11NioProtocol: Starting ProtocolHandler ["http-nio-8003"]
[2023-04-17 14:00:26.787] [main] INFO  o.s.b.w.e.tomcat.TomcatWebServer: Tomcat started on port(s): 8003 (http) with context path '/dlu'
[2023-04-17 14:00:26.789] [main] INFO  com.dlu.dluBack.DluBackApplication: Started DluBackApplication in 2.105 seconds (JVM running for 3.117)
[2023-04-17 14:02:35.204] [http-nio-8003-exec-1] INFO  o.a.c.c.C.[.[localhost].[/dlu]: Initializing Spring DispatcherServlet 'dispatcherServlet'
[2023-04-17 14:02:35.204] [http-nio-8003-exec-1] INFO  o.s.web.servlet.DispatcherServlet: Initializing Servlet 'dispatcherServlet'
[2023-04-17 14:02:35.213] [http-nio-8003-exec-1] INFO  o.s.web.servlet.DispatcherServlet: Completed initialization in 9 ms
[2023-04-17 14:02:48.038] [http-nio-8003-exec-1] INFO  com.zaxxer.hikari.HikariDataSource: HikariPool-1 - Starting...
[2023-04-17 14:02:48.243] [http-nio-8003-exec-1] INFO  com.zaxxer.hikari.HikariDataSource: HikariPool-1 - Start completed.
[2023-04-17 14:03:55.233] [SpringContextShutdownHook] INFO  o.s.s.c.ThreadPoolTaskExecutor: Shutting down ExecutorService 'applicationTaskExecutor'
[2023-04-17 14:03:55.234] [SpringContextShutdownHook] INFO  com.zaxxer.hikari.HikariDataSource: HikariPool-1 - Shutdown initiated...
[2023-04-17 14:03:55.265] [SpringContextShutdownHook] INFO  com.zaxxer.hikari.HikariDataSource: HikariPool-1 - Shutdown completed.
[2023-04-17 15:19:18.785] [main] INFO  com.dlu.dluBack.DluBackApplication: Starting DluBackApplication on HuangCF with PID 30832 (E:\java_project\dlu_all\dluBack\target\classes started by 86156 in E:\java_project\dluBack\dluBack)
[2023-04-17 15:19:18.787] [main] INFO  com.dlu.dluBack.DluBackApplication: No active profile set, falling back to default profiles: default
[2023-04-17 15:19:19.463] [main] INFO  o.s.b.w.e.tomcat.TomcatWebServer: Tomcat initialized with port(s): 8003 (http)
[2023-04-17 15:19:19.468] [main] INFO  o.a.coyote.http11.Http11NioProtocol: Initializing ProtocolHandler ["http-nio-8003"]
[2023-04-17 15:19:19.469] [main] INFO  o.a.catalina.core.StandardService: Starting service [Tomcat]
[2023-04-17 15:19:19.469] [main] INFO  o.a.catalina.core.StandardEngine: Starting Servlet engine: [Apache Tomcat/9.0.33]
[2023-04-17 15:19:19.540] [main] INFO  o.a.c.c.C.[.[localhost].[/dlu]: Initializing Spring embedded WebApplicationContext
[2023-04-17 15:19:19.540] [main] INFO  o.s.web.context.ContextLoader: Root WebApplicationContext: initialization completed in 698 ms
[2023-04-17 15:19:19.562] [main] INFO  o.s.b.web.servlet.RegistrationBean: Filter crossDomainFilter was not registered (possibly already registered?)
[2023-04-17 15:19:19.573] [main] INFO  c.d.dluBack.filter.CrossDomainFilter: -----CrossDomainFilter init -------
[2023-04-17 15:19:19.837] [main] INFO  o.s.s.c.ThreadPoolTaskExecutor: Initializing ExecutorService 'applicationTaskExecutor'
[2023-04-17 15:19:19.908] [main] WARN  o.s.b.a.t.ThymeleafAutoConfiguration$DefaultTemplateResolverConfiguration: Cannot find template location: classpath:/templates/ (please add some templates or check your Thymeleaf configuration)
[2023-04-17 15:19:19.978] [main] INFO  o.a.coyote.http11.Http11NioProtocol: Starting ProtocolHandler ["http-nio-8003"]
[2023-04-17 15:19:19.993] [main] INFO  o.s.b.w.e.tomcat.TomcatWebServer: Tomcat started on port(s): 8003 (http) with context path '/dlu'
[2023-04-17 15:19:19.995] [main] INFO  com.dlu.dluBack.DluBackApplication: Started DluBackApplication in 1.501 seconds (JVM running for 2.382)
[2023-04-17 15:20:23.175] [http-nio-8003-exec-1] INFO  o.a.c.c.C.[.[localhost].[/dlu]: Initializing Spring DispatcherServlet 'dispatcherServlet'
[2023-04-17 15:20:23.175] [http-nio-8003-exec-1] INFO  o.s.web.servlet.DispatcherServlet: Initializing Servlet 'dispatcherServlet'
[2023-04-17 15:20:23.179] [http-nio-8003-exec-1] INFO  o.s.web.servlet.DispatcherServlet: Completed initialization in 4 ms
[2023-04-17 15:20:29.809] [http-nio-8003-exec-2] INFO  com.zaxxer.hikari.HikariDataSource: HikariPool-1 - Starting...
[2023-04-17 15:20:29.910] [http-nio-8003-exec-2] INFO  com.zaxxer.hikari.HikariDataSource: HikariPool-1 - Start completed.
[2023-04-17 15:20:29.934] [http-nio-8003-exec-2] INFO  c.d.d.controller.UserController: testlogin:2023-04-17
[2023-04-17 15:24:37.821] [SpringContextShutdownHook] INFO  o.s.s.c.ThreadPoolTaskExecutor: Shutting down ExecutorService 'applicationTaskExecutor'
[2023-04-17 15:24:37.822] [SpringContextShutdownHook] INFO  com.zaxxer.hikari.HikariDataSource: HikariPool-1 - Shutdown initiated...
[2023-04-17 15:24:37.834] [SpringContextShutdownHook] INFO  com.zaxxer.hikari.HikariDataSource: HikariPool-1 - Shutdown completed.
[2023-04-17 15:24:41.293] [main] INFO  com.dlu.dluBack.DluBackApplication: Starting DluBackApplication on HuangCF with PID 32824 (E:\java_project\dlu_all\dluBack\target\classes started by 86156 in E:\java_project\dluBack\dluBack)
[2023-04-17 15:24:41.294] [main] INFO  com.dlu.dluBack.DluBackApplication: No active profile set, falling back to default profiles: default
[2023-04-17 15:24:41.891] [main] INFO  o.s.b.w.e.tomcat.TomcatWebServer: Tomcat initialized with port(s): 8003 (http)
[2023-04-17 15:24:41.896] [main] INFO  o.a.coyote.http11.Http11NioProtocol: Initializing ProtocolHandler ["http-nio-8003"]
[2023-04-17 15:24:41.897] [main] INFO  o.a.catalina.core.StandardService: Starting service [Tomcat]
[2023-04-17 15:24:41.897] [main] INFO  o.a.catalina.core.StandardEngine: Starting Servlet engine: [Apache Tomcat/9.0.33]
[2023-04-17 15:24:41.959] [main] INFO  o.a.c.c.C.[.[localhost].[/dlu]: Initializing Spring embedded WebApplicationContext
[2023-04-17 15:24:41.959] [main] INFO  o.s.web.context.ContextLoader: Root WebApplicationContext: initialization completed in 617 ms
[2023-04-17 15:24:41.980] [main] INFO  o.s.b.web.servlet.RegistrationBean: Filter crossDomainFilter was not registered (possibly already registered?)
[2023-04-17 15:24:41.990] [main] INFO  c.d.dluBack.filter.CrossDomainFilter: -----CrossDomainFilter init -------
[2023-04-17 15:24:42.233] [main] INFO  o.s.s.c.ThreadPoolTaskExecutor: Initializing ExecutorService 'applicationTaskExecutor'
[2023-04-17 15:24:42.296] [main] WARN  o.s.b.a.t.ThymeleafAutoConfiguration$DefaultTemplateResolverConfiguration: Cannot find template location: classpath:/templates/ (please add some templates or check your Thymeleaf configuration)
[2023-04-17 15:24:42.358] [main] INFO  o.a.coyote.http11.Http11NioProtocol: Starting ProtocolHandler ["http-nio-8003"]
[2023-04-17 15:24:42.372] [main] INFO  o.s.b.w.e.tomcat.TomcatWebServer: Tomcat started on port(s): 8003 (http) with context path '/dlu'
[2023-04-17 15:24:42.374] [main] INFO  com.dlu.dluBack.DluBackApplication: Started DluBackApplication in 1.323 seconds (JVM running for 2.129)
[2023-04-17 15:24:45.907] [http-nio-8003-exec-1] INFO  o.a.c.c.C.[.[localhost].[/dlu]: Initializing Spring DispatcherServlet 'dispatcherServlet'
[2023-04-17 15:24:45.908] [http-nio-8003-exec-1] INFO  o.s.web.servlet.DispatcherServlet: Initializing Servlet 'dispatcherServlet'
[2023-04-17 15:24:45.911] [http-nio-8003-exec-1] INFO  o.s.web.servlet.DispatcherServlet: Completed initialization in 3 ms
[2023-04-17 15:24:45.934] [http-nio-8003-exec-1] WARN  o.s.w.s.m.s.DefaultHandlerExceptionResolver: Resolved [org.springframework.http.converter.HttpMessageNotReadableException: Required request body is missing: public com.dlu.dluBack.vo.ResultVo com.dlu.dluBack.controller.UserController.multiPass(java.util.List<java.lang.String>)]
[2023-04-17 15:25:04.806] [http-nio-8003-exec-3] INFO  com.zaxxer.hikari.HikariDataSource: HikariPool-1 - Starting...
[2023-04-17 15:25:04.902] [http-nio-8003-exec-3] INFO  com.zaxxer.hikari.HikariDataSource: HikariPool-1 - Start completed.
[2023-04-17 15:25:20.605] [http-nio-8003-exec-5] WARN  o.s.w.s.m.s.DefaultHandlerExceptionResolver: Resolved [org.springframework.web.HttpMediaTypeNotSupportedException: Content type 'application/x-www-form-urlencoded;charset=UTF-8' not supported]
[2023-04-17 15:31:25.462] [http-nio-8003-exec-10] WARN  o.s.w.s.m.s.DefaultHandlerExceptionResolver: Resolved [org.springframework.http.converter.HttpMessageNotReadableException: Required request body is missing: public com.dlu.dluBack.vo.ResultVo com.dlu.dluBack.controller.UserController.multiPass(java.util.List<java.lang.String>)]
[2023-04-17 15:32:02.404] [http-nio-8003-exec-2] WARN  o.s.w.s.m.s.DefaultHandlerExceptionResolver: Resolved [org.springframework.http.converter.HttpMessageNotReadableException: Required request body is missing: public com.dlu.dluBack.vo.ResultVo com.dlu.dluBack.controller.UserController.multiPass(java.util.List<java.lang.String>)]
[2023-04-17 15:32:15.242] [SpringContextShutdownHook] INFO  o.s.s.c.ThreadPoolTaskExecutor: Shutting down ExecutorService 'applicationTaskExecutor'
[2023-04-17 15:32:15.242] [SpringContextShutdownHook] INFO  com.zaxxer.hikari.HikariDataSource: HikariPool-1 - Shutdown initiated...
[2023-04-17 15:32:15.257] [SpringContextShutdownHook] INFO  com.zaxxer.hikari.HikariDataSource: HikariPool-1 - Shutdown completed.
[2023-04-17 15:32:18.910] [main] INFO  com.dlu.dluBack.DluBackApplication: Starting DluBackApplication on HuangCF with PID 31680 (E:\java_project\dlu_all\dluBack\target\classes started by 86156 in E:\java_project\dluBack\dluBack)
[2023-04-17 15:32:18.911] [main] INFO  com.dlu.dluBack.DluBackApplication: No active profile set, falling back to default profiles: default
[2023-04-17 15:32:19.519] [main] INFO  o.s.b.w.e.tomcat.TomcatWebServer: Tomcat initialized with port(s): 8003 (http)
[2023-04-17 15:32:19.525] [main] INFO  o.a.coyote.http11.Http11NioProtocol: Initializing ProtocolHandler ["http-nio-8003"]
[2023-04-17 15:32:19.525] [main] INFO  o.a.catalina.core.StandardService: Starting service [Tomcat]
[2023-04-17 15:32:19.526] [main] INFO  o.a.catalina.core.StandardEngine: Starting Servlet engine: [Apache Tomcat/9.0.33]
[2023-04-17 15:32:19.590] [main] INFO  o.a.c.c.C.[.[localhost].[/dlu]: Initializing Spring embedded WebApplicationContext
[2023-04-17 15:32:19.590] [main] INFO  o.s.web.context.ContextLoader: Root WebApplicationContext: initialization completed in 631 ms
[2023-04-17 15:32:19.612] [main] INFO  o.s.b.web.servlet.RegistrationBean: Filter crossDomainFilter was not registered (possibly already registered?)
[2023-04-17 15:32:19.622] [main] INFO  c.d.dluBack.filter.CrossDomainFilter: -----CrossDomainFilter init -------
[2023-04-17 15:32:19.883] [main] INFO  o.s.s.c.ThreadPoolTaskExecutor: Initializing ExecutorService 'applicationTaskExecutor'
[2023-04-17 15:32:19.956] [main] WARN  o.s.b.a.t.ThymeleafAutoConfiguration$DefaultTemplateResolverConfiguration: Cannot find template location: classpath:/templates/ (please add some templates or check your Thymeleaf configuration)
[2023-04-17 15:32:20.032] [main] INFO  o.a.coyote.http11.Http11NioProtocol: Starting ProtocolHandler ["http-nio-8003"]
[2023-04-17 15:32:20.048] [main] INFO  o.s.b.w.e.tomcat.TomcatWebServer: Tomcat started on port(s): 8003 (http) with context path '/dlu'
[2023-04-17 15:32:20.050] [main] INFO  com.dlu.dluBack.DluBackApplication: Started DluBackApplication in 1.39 seconds (JVM running for 2.205)
[2023-04-17 15:32:26.472] [http-nio-8003-exec-1] INFO  o.a.c.c.C.[.[localhost].[/dlu]: Initializing Spring DispatcherServlet 'dispatcherServlet'
[2023-04-17 15:32:26.472] [http-nio-8003-exec-1] INFO  o.s.web.servlet.DispatcherServlet: Initializing Servlet 'dispatcherServlet'
[2023-04-17 15:32:26.475] [http-nio-8003-exec-1] INFO  o.s.web.servlet.DispatcherServlet: Completed initialization in 3 ms
[2023-04-17 15:32:26.500] [http-nio-8003-exec-1] INFO  com.zaxxer.hikari.HikariDataSource: HikariPool-1 - Starting...
[2023-04-17 15:32:26.599] [http-nio-8003-exec-1] INFO  com.zaxxer.hikari.HikariDataSource: HikariPool-1 - Start completed.
[2023-04-17 15:33:28.385] [HikariPool-1 housekeeper] WARN  com.zaxxer.hikari.pool.HikariPool: HikariPool-1 - Thread starvation or clock leap detected (housekeeper delta=1m1s683ms538µs800ns).
[2023-04-17 15:34:32.933] [HikariPool-1 housekeeper] WARN  com.zaxxer.hikari.pool.HikariPool: HikariPool-1 - Thread starvation or clock leap detected (housekeeper delta=1m4s547ms999µs300ns).
[2023-04-17 15:39:24.281] [HikariPool-1 housekeeper] WARN  com.zaxxer.hikari.pool.HikariPool: HikariPool-1 - Thread starvation or clock leap detected (housekeeper delta=4m14s369ms96µs100ns).
[2023-04-17 15:39:29.913] [http-nio-8003-exec-4] INFO  c.d.d.controller.UserController: testlogin:2023-04-17
[2023-04-17 15:50:01.665] [SpringContextShutdownHook] INFO  o.s.s.c.ThreadPoolTaskExecutor: Shutting down ExecutorService 'applicationTaskExecutor'
[2023-04-17 15:50:01.665] [SpringContextShutdownHook] INFO  com.zaxxer.hikari.HikariDataSource: HikariPool-1 - Shutdown initiated...
[2023-04-17 15:50:01.677] [SpringContextShutdownHook] INFO  com.zaxxer.hikari.HikariDataSource: HikariPool-1 - Shutdown completed.
[2023-04-17 15:50:05.954] [main] INFO  com.dlu.dluBack.DluBackApplication: Starting DluBackApplication on HuangCF with PID 29820 (E:\java_project\dlu_all\dluBack\target\classes started by 86156 in E:\java_project\dluBack\dluBack)
[2023-04-17 15:50:05.956] [main] INFO  com.dlu.dluBack.DluBackApplication: No active profile set, falling back to default profiles: default
[2023-04-17 15:50:06.550] [main] INFO  o.s.b.w.e.tomcat.TomcatWebServer: Tomcat initialized with port(s): 8003 (http)
[2023-04-17 15:50:06.555] [main] INFO  o.a.coyote.http11.Http11NioProtocol: Initializing ProtocolHandler ["http-nio-8003"]
[2023-04-17 15:50:06.555] [main] INFO  o.a.catalina.core.StandardService: Starting service [Tomcat]
[2023-04-17 15:50:06.556] [main] INFO  o.a.catalina.core.StandardEngine: Starting Servlet engine: [Apache Tomcat/9.0.33]
[2023-04-17 15:50:06.623] [main] INFO  o.a.c.c.C.[.[localhost].[/dlu]: Initializing Spring embedded WebApplicationContext
[2023-04-17 15:50:06.623] [main] INFO  o.s.web.context.ContextLoader: Root WebApplicationContext: initialization completed in 618 ms
[2023-04-17 15:50:06.645] [main] INFO  o.s.b.web.servlet.RegistrationBean: Filter crossDomainFilter was not registered (possibly already registered?)
[2023-04-17 15:50:06.656] [main] INFO  c.d.dluBack.filter.CrossDomainFilter: -----CrossDomainFilter init -------
[2023-04-17 15:50:06.899] [main] INFO  o.s.s.c.ThreadPoolTaskExecutor: Initializing ExecutorService 'applicationTaskExecutor'
[2023-04-17 15:50:06.961] [main] WARN  o.s.b.a.t.ThymeleafAutoConfiguration$DefaultTemplateResolverConfiguration: Cannot find template location: classpath:/templates/ (please add some templates or check your Thymeleaf configuration)
[2023-04-17 15:50:07.026] [main] INFO  o.a.coyote.http11.Http11NioProtocol: Starting ProtocolHandler ["http-nio-8003"]
[2023-04-17 15:50:07.040] [main] INFO  o.s.b.w.e.tomcat.TomcatWebServer: Tomcat started on port(s): 8003 (http) with context path '/dlu'
[2023-04-17 15:50:07.042] [main] INFO  com.dlu.dluBack.DluBackApplication: Started DluBackApplication in 1.342 seconds (JVM running for 2.17)
[2023-04-17 15:50:33.089] [http-nio-8003-exec-1] INFO  o.a.c.c.C.[.[localhost].[/dlu]: Initializing Spring DispatcherServlet 'dispatcherServlet'
[2023-04-17 15:50:33.089] [http-nio-8003-exec-1] INFO  o.s.web.servlet.DispatcherServlet: Initializing Servlet 'dispatcherServlet'
[2023-04-17 15:50:33.092] [http-nio-8003-exec-1] INFO  o.s.web.servlet.DispatcherServlet: Completed initialization in 3 ms
[2023-04-17 15:50:33.141] [http-nio-8003-exec-1] INFO  com.zaxxer.hikari.HikariDataSource: HikariPool-1 - Starting...
[2023-04-17 15:50:33.235] [http-nio-8003-exec-1] INFO  com.zaxxer.hikari.HikariDataSource: HikariPool-1 - Start completed.
[2023-04-17 15:51:20.209] [http-nio-8003-exec-5] INFO  o.a.coyote.http11.Http11Processor: Error parsing HTTP request header
 Note: further occurrences of HTTP request parsing errors will be logged at DEBUG level.
java.lang.IllegalArgumentException: Invalid character found in the request target. The valid characters are defined in RFC 7230 and RFC 3986
	at org.apache.coyote.http11.Http11InputBuffer.parseRequestLine(Http11InputBuffer.java:488)
	at org.apache.coyote.http11.Http11Processor.service(Http11Processor.java:260)
	at org.apache.coyote.AbstractProcessorLight.process(AbstractProcessorLight.java:65)
	at org.apache.coyote.AbstractProtocol$ConnectionHandler.process(AbstractProtocol.java:868)
	at org.apache.tomcat.util.net.NioEndpoint$SocketProcessor.doRun(NioEndpoint.java:1594)
	at org.apache.tomcat.util.net.SocketProcessorBase.run(SocketProcessorBase.java:49)
	at java.util.concurrent.ThreadPoolExecutor.runWorker(ThreadPoolExecutor.java:1149)
	at java.util.concurrent.ThreadPoolExecutor$Worker.run(ThreadPoolExecutor.java:624)
	at org.apache.tomcat.util.threads.TaskThread$WrappingRunnable.run(TaskThread.java:61)
	at java.lang.Thread.run(Thread.java:748)
[2023-04-17 16:18:01.351] [http-nio-8003-exec-8] INFO  c.d.d.controller.UserController: testlogin:2023-04-17
[2023-04-17 16:29:30.881] [SpringContextShutdownHook] INFO  o.s.s.c.ThreadPoolTaskExecutor: Shutting down ExecutorService 'applicationTaskExecutor'
[2023-04-17 16:29:30.882] [SpringContextShutdownHook] INFO  com.zaxxer.hikari.HikariDataSource: HikariPool-1 - Shutdown initiated...
[2023-04-17 16:29:30.893] [SpringContextShutdownHook] INFO  com.zaxxer.hikari.HikariDataSource: HikariPool-1 - Shutdown completed.
[2023-04-17 16:29:35.135] [main] INFO  com.dlu.dluBack.DluBackApplication: Starting DluBackApplication on HuangCF with PID 30116 (E:\java_project\dlu_all\dluBack\target\classes started by 86156 in E:\java_project\dluBack\dluBack)
[2023-04-17 16:29:35.137] [main] INFO  com.dlu.dluBack.DluBackApplication: No active profile set, falling back to default profiles: default
[2023-04-17 16:29:35.714] [main] INFO  o.s.b.w.e.tomcat.TomcatWebServer: Tomcat initialized with port(s): 8003 (http)
[2023-04-17 16:29:35.719] [main] INFO  o.a.coyote.http11.Http11NioProtocol: Initializing ProtocolHandler ["http-nio-8003"]
[2023-04-17 16:29:35.720] [main] INFO  o.a.catalina.core.StandardService: Starting service [Tomcat]
[2023-04-17 16:29:35.720] [main] INFO  o.a.catalina.core.StandardEngine: Starting Servlet engine: [Apache Tomcat/9.0.33]
[2023-04-17 16:29:35.781] [main] INFO  o.a.c.c.C.[.[localhost].[/dlu]: Initializing Spring embedded WebApplicationContext
[2023-04-17 16:29:35.782] [main] INFO  o.s.web.context.ContextLoader: Root WebApplicationContext: initialization completed in 598 ms
[2023-04-17 16:29:35.802] [main] INFO  o.s.b.web.servlet.RegistrationBean: Filter crossDomainFilter was not registered (possibly already registered?)
[2023-04-17 16:29:35.813] [main] INFO  c.d.dluBack.filter.CrossDomainFilter: -----CrossDomainFilter init -------
[2023-04-17 16:29:36.050] [main] INFO  o.s.s.c.ThreadPoolTaskExecutor: Initializing ExecutorService 'applicationTaskExecutor'
[2023-04-17 16:29:36.111] [main] WARN  o.s.b.a.t.ThymeleafAutoConfiguration$DefaultTemplateResolverConfiguration: Cannot find template location: classpath:/templates/ (please add some templates or check your Thymeleaf configuration)
[2023-04-17 16:29:36.172] [main] INFO  o.a.coyote.http11.Http11NioProtocol: Starting ProtocolHandler ["http-nio-8003"]
[2023-04-17 16:29:36.186] [main] INFO  o.s.b.w.e.tomcat.TomcatWebServer: Tomcat started on port(s): 8003 (http) with context path '/dlu'
[2023-04-17 16:29:36.188] [main] INFO  com.dlu.dluBack.DluBackApplication: Started DluBackApplication in 1.278 seconds (JVM running for 2.092)
[2023-04-17 16:30:14.076] [http-nio-8003-exec-1] INFO  o.a.c.c.C.[.[localhost].[/dlu]: Initializing Spring DispatcherServlet 'dispatcherServlet'
[2023-04-17 16:30:14.076] [http-nio-8003-exec-1] INFO  o.s.web.servlet.DispatcherServlet: Initializing Servlet 'dispatcherServlet'
[2023-04-17 16:30:14.080] [http-nio-8003-exec-1] INFO  o.s.web.servlet.DispatcherServlet: Completed initialization in 4 ms
[2023-04-17 16:30:14.153] [http-nio-8003-exec-1] INFO  com.zaxxer.hikari.HikariDataSource: HikariPool-1 - Starting...
[2023-04-17 16:30:14.257] [http-nio-8003-exec-1] INFO  com.zaxxer.hikari.HikariDataSource: HikariPool-1 - Start completed.
[2023-04-17 16:35:27.778] [http-nio-8003-exec-10] INFO  c.d.d.controller.UserController: testlogin:2023-04-17
[2023-04-17 20:15:05.602] [http-nio-8003-exec-9] INFO  c.d.d.controller.UserController: testlogin:2023-04-17
[2023-04-17 20:15:07.696] [http-nio-8003-exec-10] INFO  c.d.d.controller.UserController: testlogin:2023-04-17
[2023-04-17 21:37:09.886] [SpringContextShutdownHook] INFO  o.s.s.c.ThreadPoolTaskExecutor: Shutting down ExecutorService 'applicationTaskExecutor'
[2023-04-17 21:37:09.890] [SpringContextShutdownHook] INFO  com.zaxxer.hikari.HikariDataSource: HikariPool-1 - Shutdown initiated...
[2023-04-17 21:37:09.904] [SpringContextShutdownHook] INFO  com.zaxxer.hikari.HikariDataSource: HikariPool-1 - Shutdown completed.
[2023-04-17 21:37:14.898] [main] INFO  com.dlu.dluBack.DluBackApplication: Starting DluBackApplication on HuangCF with PID 6336 (E:\java_project\dlu_all\dluBack\target\classes started by 86156 in E:\java_project\dluBack\dluBack)
[2023-04-17 21:37:14.901] [main] INFO  com.dlu.dluBack.DluBackApplication: No active profile set, falling back to default profiles: default
[2023-04-17 21:37:15.642] [main] INFO  o.s.b.w.e.tomcat.TomcatWebServer: Tomcat initialized with port(s): 8003 (http)
[2023-04-17 21:37:15.650] [main] INFO  o.a.coyote.http11.Http11NioProtocol: Initializing ProtocolHandler ["http-nio-8003"]
[2023-04-17 21:37:15.650] [main] INFO  o.a.catalina.core.StandardService: Starting service [Tomcat]
[2023-04-17 21:37:15.650] [main] INFO  o.a.catalina.core.StandardEngine: Starting Servlet engine: [Apache Tomcat/9.0.33]
[2023-04-17 21:37:15.726] [main] INFO  o.a.c.c.C.[.[localhost].[/dlu]: Initializing Spring embedded WebApplicationContext
[2023-04-17 21:37:15.727] [main] INFO  o.s.web.context.ContextLoader: Root WebApplicationContext: initialization completed in 770 ms
[2023-04-17 21:37:15.753] [main] INFO  o.s.b.web.servlet.RegistrationBean: Filter crossDomainFilter was not registered (possibly already registered?)
[2023-04-17 21:37:15.765] [main] INFO  c.d.dluBack.filter.CrossDomainFilter: -----CrossDomainFilter init -------
[2023-04-17 21:37:16.051] [main] INFO  o.s.s.c.ThreadPoolTaskExecutor: Initializing ExecutorService 'applicationTaskExecutor'
[2023-04-17 21:37:16.132] [main] WARN  o.s.b.a.t.ThymeleafAutoConfiguration$DefaultTemplateResolverConfiguration: Cannot find template location: classpath:/templates/ (please add some templates or check your Thymeleaf configuration)
[2023-04-17 21:37:16.208] [main] INFO  o.a.coyote.http11.Http11NioProtocol: Starting ProtocolHandler ["http-nio-8003"]
[2023-04-17 21:37:16.226] [main] INFO  o.s.b.w.e.tomcat.TomcatWebServer: Tomcat started on port(s): 8003 (http) with context path '/dlu'
[2023-04-17 21:37:16.228] [main] INFO  com.dlu.dluBack.DluBackApplication: Started DluBackApplication in 1.64 seconds (JVM running for 2.61)
[2023-04-17 21:37:20.534] [http-nio-8003-exec-1] INFO  o.a.c.c.C.[.[localhost].[/dlu]: Initializing Spring DispatcherServlet 'dispatcherServlet'
[2023-04-17 21:37:20.534] [http-nio-8003-exec-1] INFO  o.s.web.servlet.DispatcherServlet: Initializing Servlet 'dispatcherServlet'
[2023-04-17 21:37:20.538] [http-nio-8003-exec-1] INFO  o.s.web.servlet.DispatcherServlet: Completed initialization in 4 ms
[2023-04-17 21:38:26.043] [SpringContextShutdownHook] INFO  o.s.s.c.ThreadPoolTaskExecutor: Shutting down ExecutorService 'applicationTaskExecutor'
[2023-04-17 21:38:30.186] [main] INFO  com.dlu.dluBack.DluBackApplication: Starting DluBackApplication on HuangCF with PID 17964 (E:\java_project\dlu_all\dluBack\target\classes started by 86156 in E:\java_project\dluBack\dluBack)
[2023-04-17 21:38:30.188] [main] INFO  com.dlu.dluBack.DluBackApplication: No active profile set, falling back to default profiles: default
[2023-04-17 21:38:30.892] [main] INFO  o.s.b.w.e.tomcat.TomcatWebServer: Tomcat initialized with port(s): 8003 (http)
[2023-04-17 21:38:30.899] [main] INFO  o.a.coyote.http11.Http11NioProtocol: Initializing ProtocolHandler ["http-nio-8003"]
[2023-04-17 21:38:30.899] [main] INFO  o.a.catalina.core.StandardService: Starting service [Tomcat]
[2023-04-17 21:38:30.899] [main] INFO  o.a.catalina.core.StandardEngine: Starting Servlet engine: [Apache Tomcat/9.0.33]
[2023-04-17 21:38:31.012] [main] INFO  o.a.c.c.C.[.[localhost].[/dlu]: Initializing Spring embedded WebApplicationContext
[2023-04-17 21:38:31.012] [main] INFO  o.s.web.context.ContextLoader: Root WebApplicationContext: initialization completed in 769 ms
[2023-04-17 21:38:31.038] [main] INFO  o.s.b.web.servlet.RegistrationBean: Filter crossDomainFilter was not registered (possibly already registered?)
[2023-04-17 21:38:31.050] [main] INFO  c.d.dluBack.filter.CrossDomainFilter: -----CrossDomainFilter init -------
[2023-04-17 21:38:31.388] [main] INFO  o.s.s.c.ThreadPoolTaskExecutor: Initializing ExecutorService 'applicationTaskExecutor'
[2023-04-17 21:38:31.484] [main] WARN  o.s.b.a.t.ThymeleafAutoConfiguration$DefaultTemplateResolverConfiguration: Cannot find template location: classpath:/templates/ (please add some templates or check your Thymeleaf configuration)
[2023-04-17 21:38:31.576] [main] INFO  o.a.coyote.http11.Http11NioProtocol: Starting ProtocolHandler ["http-nio-8003"]
[2023-04-17 21:38:31.598] [main] INFO  o.s.b.w.e.tomcat.TomcatWebServer: Tomcat started on port(s): 8003 (http) with context path '/dlu'
[2023-04-17 21:38:31.601] [main] INFO  com.dlu.dluBack.DluBackApplication: Started DluBackApplication in 1.731 seconds (JVM running for 2.807)
[2023-04-17 21:38:33.590] [http-nio-8003-exec-1] INFO  o.a.c.c.C.[.[localhost].[/dlu]: Initializing Spring DispatcherServlet 'dispatcherServlet'
[2023-04-17 21:38:33.590] [http-nio-8003-exec-1] INFO  o.s.web.servlet.DispatcherServlet: Initializing Servlet 'dispatcherServlet'
[2023-04-17 21:38:33.594] [http-nio-8003-exec-1] INFO  o.s.web.servlet.DispatcherServlet: Completed initialization in 4 ms
