[2023-05-10 16:57:04.407] [main] INFO  com.dlu.dluBack.DluBackApplication: Starting DluBackApplication on HuangCF with PID 9912 (E:\java_project\dlu_all\dluBack\target\classes started by 86156 in E:\java_project\dluBack\dluBack)
[2023-05-10 16:57:04.410] [main] INFO  com.dlu.dluBack.DluBackApplication: No active profile set, falling back to default profiles: default
[2023-05-10 16:57:05.256] [main] INFO  o.s.b.w.e.tomcat.TomcatWebServer: Tomcat initialized with port(s): 8003 (http)
[2023-05-10 16:57:05.266] [main] INFO  o.a.coyote.http11.Http11NioProtocol: Initializing ProtocolHandler ["http-nio-8003"]
[2023-05-10 16:57:05.273] [main] INFO  o.a.catalina.core.StandardService: Starting service [Tomcat]
[2023-05-10 16:57:05.273] [main] INFO  o.a.catalina.core.StandardEngine: Starting Servlet engine: [Apache Tomcat/9.0.21]
[2023-05-10 16:57:05.360] [main] INFO  o.a.c.c.C.[.[localhost].[/dlu]: Initializing Spring embedded WebApplicationContext
[2023-05-10 16:57:05.360] [main] INFO  o.s.web.context.ContextLoader: Root WebApplicationContext: initialization completed in 917 ms
[2023-05-10 16:57:05.381] [main] INFO  o.s.b.web.servlet.RegistrationBean: Filter crossDomainFilter was not registered (possibly already registered?)
[2023-05-10 16:57:05.395] [main] INFO  c.d.dluBack.filter.CrossDomainFilter: -----CrossDomainFilter init -------
[2023-05-10 16:57:05.741] [main] INFO  o.s.s.c.ThreadPoolTaskExecutor: Initializing ExecutorService 'applicationTaskExecutor'
[2023-05-10 16:57:05.811] [main] WARN  o.s.b.a.t.ThymeleafAutoConfiguration$DefaultTemplateResolverConfiguration: Cannot find template location: classpath:/templates/ (please add some templates or check your Thymeleaf configuration)
[2023-05-10 16:57:05.940] [main] INFO  o.a.coyote.http11.Http11NioProtocol: Starting ProtocolHandler ["http-nio-8003"]
[2023-05-10 16:57:05.961] [main] INFO  o.s.b.w.e.tomcat.TomcatWebServer: Tomcat started on port(s): 8003 (http) with context path '/dlu'
[2023-05-10 16:57:05.963] [main] INFO  com.dlu.dluBack.DluBackApplication: Started DluBackApplication in 1.859 seconds (JVM running for 2.959)
[2023-05-10 16:57:15.285] [http-nio-8003-exec-1] INFO  o.a.c.c.C.[.[localhost].[/dlu]: Initializing Spring DispatcherServlet 'dispatcherServlet'
[2023-05-10 16:57:15.285] [http-nio-8003-exec-1] INFO  o.s.web.servlet.DispatcherServlet: Initializing Servlet 'dispatcherServlet'
[2023-05-10 16:57:15.289] [http-nio-8003-exec-1] INFO  o.s.web.servlet.DispatcherServlet: Completed initialization in 4 ms
[2023-05-10 16:57:15.332] [http-nio-8003-exec-1] INFO  com.zaxxer.hikari.HikariDataSource: HikariPool-1 - Starting...
[2023-05-10 16:57:15.455] [http-nio-8003-exec-1] INFO  com.zaxxer.hikari.HikariDataSource: HikariPool-1 - Start completed.
[2023-05-10 17:03:32.773] [http-nio-8003-exec-9] INFO  c.d.d.controller.UserController: testlogin:2023-05-10
[2023-05-10 17:06:05.823] [http-nio-8003-exec-7] INFO  c.d.d.controller.UserController: testlogin:2023-05-10
[2023-05-10 18:58:24.564] [Thread-6] INFO  o.s.s.c.ThreadPoolTaskExecutor: Shutting down ExecutorService 'applicationTaskExecutor'
[2023-05-10 18:58:24.566] [Thread-6] INFO  com.zaxxer.hikari.HikariDataSource: HikariPool-1 - Shutdown initiated...
[2023-05-10 18:58:24.578] [Thread-6] INFO  com.zaxxer.hikari.HikariDataSource: HikariPool-1 - Shutdown completed.
[2023-05-10 19:28:54.447] [main] INFO  com.dlu.dluBack.DluBackApplication: Starting DluBackApplication on HuangCF with PID 24228 (E:\java_project\dlu_all\dluBack\target\classes started by 86156 in E:\java_project\dluBack\dluBack)
[2023-05-10 19:28:54.449] [main] INFO  com.dlu.dluBack.DluBackApplication: No active profile set, falling back to default profiles: default
[2023-05-10 19:28:55.200] [main] INFO  o.s.b.w.e.tomcat.TomcatWebServer: Tomcat initialized with port(s): 8003 (http)
[2023-05-10 19:28:55.210] [main] INFO  o.a.coyote.http11.Http11NioProtocol: Initializing ProtocolHandler ["http-nio-8003"]
[2023-05-10 19:28:55.216] [main] INFO  o.a.catalina.core.StandardService: Starting service [Tomcat]
[2023-05-10 19:28:55.216] [main] INFO  o.a.catalina.core.StandardEngine: Starting Servlet engine: [Apache Tomcat/9.0.21]
[2023-05-10 19:28:55.301] [main] INFO  o.a.c.c.C.[.[localhost].[/dlu]: Initializing Spring embedded WebApplicationContext
[2023-05-10 19:28:55.301] [main] INFO  o.s.web.context.ContextLoader: Root WebApplicationContext: initialization completed in 823 ms
[2023-05-10 19:28:55.321] [main] INFO  o.s.b.web.servlet.RegistrationBean: Filter crossDomainFilter was not registered (possibly already registered?)
[2023-05-10 19:28:55.335] [main] INFO  c.d.dluBack.filter.CrossDomainFilter: -----CrossDomainFilter init -------
[2023-05-10 19:28:55.666] [main] INFO  o.s.s.c.ThreadPoolTaskExecutor: Initializing ExecutorService 'applicationTaskExecutor'
[2023-05-10 19:28:55.732] [main] WARN  o.s.b.a.t.ThymeleafAutoConfiguration$DefaultTemplateResolverConfiguration: Cannot find template location: classpath:/templates/ (please add some templates or check your Thymeleaf configuration)
[2023-05-10 19:28:55.838] [main] INFO  o.a.coyote.http11.Http11NioProtocol: Starting ProtocolHandler ["http-nio-8003"]
[2023-05-10 19:28:55.855] [main] INFO  o.s.b.w.e.tomcat.TomcatWebServer: Tomcat started on port(s): 8003 (http) with context path '/dlu'
[2023-05-10 19:28:55.856] [main] INFO  com.dlu.dluBack.DluBackApplication: Started DluBackApplication in 1.708 seconds (JVM running for 2.771)
[2023-05-10 19:29:28.050] [http-nio-8003-exec-1] INFO  o.a.c.c.C.[.[localhost].[/dlu]: Initializing Spring DispatcherServlet 'dispatcherServlet'
[2023-05-10 19:29:28.050] [http-nio-8003-exec-1] INFO  o.s.web.servlet.DispatcherServlet: Initializing Servlet 'dispatcherServlet'
[2023-05-10 19:29:28.055] [http-nio-8003-exec-1] INFO  o.s.web.servlet.DispatcherServlet: Completed initialization in 4 ms
[2023-05-10 19:29:28.099] [http-nio-8003-exec-1] INFO  com.zaxxer.hikari.HikariDataSource: HikariPool-1 - Starting...
[2023-05-10 19:29:28.214] [http-nio-8003-exec-1] INFO  com.zaxxer.hikari.HikariDataSource: HikariPool-1 - Start completed.
[2023-05-10 19:35:32.343] [http-nio-8003-exec-1] INFO  c.d.d.controller.UserController: testlogin:2023-05-10
[2023-05-10 19:43:05.155] [http-nio-8003-exec-1] INFO  c.d.d.controller.UserController: testlogin:2023-05-10
[2023-05-10 20:01:46.509] [http-nio-8003-exec-7] INFO  c.d.d.controller.UserController: testlogin:2023-05-10
[2023-05-10 21:12:06.608] [Thread-6] INFO  o.s.s.c.ThreadPoolTaskExecutor: Shutting down ExecutorService 'applicationTaskExecutor'
[2023-05-10 21:12:06.609] [Thread-6] INFO  com.zaxxer.hikari.HikariDataSource: HikariPool-1 - Shutdown initiated...
[2023-05-10 21:12:06.619] [Thread-6] INFO  com.zaxxer.hikari.HikariDataSource: HikariPool-1 - Shutdown completed.
