[2023-04-19 10:14:37.513] [http-nio-8003-exec-10] INFO  com.zaxxer.hikari.HikariDataSource: HikariPool-1 - Starting...
[2023-04-19 10:14:37.692] [http-nio-8003-exec-10] INFO  com.zaxxer.hikari.HikariDataSource: HikariPool-1 - Start completed.
[2023-04-19 10:14:37.778] [http-nio-8003-exec-10] INFO  c.d.d.controller.UserController: testlogin:2023-04-19
[2023-04-19 10:16:27.458] [http-nio-8003-exec-3] INFO  c.d.d.controller.UserController: testlogin:2023-04-19
[2023-04-19 10:24:29.669] [SpringContextShutdownHook] INFO  o.s.s.c.ThreadPoolTaskExecutor: Shutting down ExecutorService 'applicationTaskExecutor'
[2023-04-19 10:24:29.671] [SpringContextShutdownHook] INFO  com.zaxxer.hikari.HikariDataSource: HikariPool-1 - Shutdown initiated...
[2023-04-19 10:24:29.678] [SpringContextShutdownHook] INFO  com.zaxxer.hikari.HikariDataSource: HikariPool-1 - Shutdown completed.
[2023-04-19 10:24:34.820] [main] INFO  com.dlu.dluBack.DluBackApplication: Starting DluBackApplication on HuangCF with PID 18600 (E:\java_project\dlu_all\dluBack\target\classes started by 86156 in E:\java_project\dluBack\dluBack)
[2023-04-19 10:24:34.822] [main] INFO  com.dlu.dluBack.DluBackApplication: No active profile set, falling back to default profiles: default
[2023-04-19 10:24:35.477] [main] INFO  o.s.b.w.e.tomcat.TomcatWebServer: Tomcat initialized with port(s): 8003 (http)
[2023-04-19 10:24:35.483] [main] INFO  o.a.coyote.http11.Http11NioProtocol: Initializing ProtocolHandler ["http-nio-8003"]
[2023-04-19 10:24:35.483] [main] INFO  o.a.catalina.core.StandardService: Starting service [Tomcat]
[2023-04-19 10:24:35.483] [main] INFO  o.a.catalina.core.StandardEngine: Starting Servlet engine: [Apache Tomcat/9.0.33]
[2023-04-19 10:24:35.554] [main] INFO  o.a.c.c.C.[.[localhost].[/dlu]: Initializing Spring embedded WebApplicationContext
[2023-04-19 10:24:35.554] [main] INFO  o.s.web.context.ContextLoader: Root WebApplicationContext: initialization completed in 682 ms
[2023-04-19 10:24:35.577] [main] INFO  o.s.b.web.servlet.RegistrationBean: Filter crossDomainFilter was not registered (possibly already registered?)
[2023-04-19 10:24:35.588] [main] INFO  c.d.dluBack.filter.CrossDomainFilter: -----CrossDomainFilter init -------
[2023-04-19 10:24:35.844] [main] INFO  o.s.s.c.ThreadPoolTaskExecutor: Initializing ExecutorService 'applicationTaskExecutor'
[2023-04-19 10:24:35.910] [main] WARN  o.s.b.a.t.ThymeleafAutoConfiguration$DefaultTemplateResolverConfiguration: Cannot find template location: classpath:/templates/ (please add some templates or check your Thymeleaf configuration)
[2023-04-19 10:24:35.976] [main] INFO  o.a.coyote.http11.Http11NioProtocol: Starting ProtocolHandler ["http-nio-8003"]
[2023-04-19 10:24:35.991] [main] INFO  o.s.b.w.e.tomcat.TomcatWebServer: Tomcat started on port(s): 8003 (http) with context path '/dlu'
[2023-04-19 10:24:35.993] [main] INFO  com.dlu.dluBack.DluBackApplication: Started DluBackApplication in 1.429 seconds (JVM running for 2.201)
[2023-04-19 10:38:14.326] [http-nio-8003-exec-1] INFO  o.a.c.c.C.[.[localhost].[/dlu]: Initializing Spring DispatcherServlet 'dispatcherServlet'
[2023-04-19 10:38:14.326] [http-nio-8003-exec-1] INFO  o.s.web.servlet.DispatcherServlet: Initializing Servlet 'dispatcherServlet'
[2023-04-19 10:38:14.330] [http-nio-8003-exec-1] INFO  o.s.web.servlet.DispatcherServlet: Completed initialization in 4 ms
[2023-04-19 10:38:14.366] [http-nio-8003-exec-1] INFO  com.zaxxer.hikari.HikariDataSource: HikariPool-1 - Starting...
[2023-04-19 10:38:14.462] [http-nio-8003-exec-1] INFO  com.zaxxer.hikari.HikariDataSource: HikariPool-1 - Start completed.
[2023-04-19 10:42:51.527] [SpringContextShutdownHook] INFO  o.s.s.c.ThreadPoolTaskExecutor: Shutting down ExecutorService 'applicationTaskExecutor'
[2023-04-19 10:42:51.528] [SpringContextShutdownHook] INFO  com.zaxxer.hikari.HikariDataSource: HikariPool-1 - Shutdown initiated...
[2023-04-19 10:42:51.541] [SpringContextShutdownHook] INFO  com.zaxxer.hikari.HikariDataSource: HikariPool-1 - Shutdown completed.
[2023-04-19 10:42:55.805] [main] INFO  com.dlu.dluBack.DluBackApplication: Starting DluBackApplication on HuangCF with PID 30272 (E:\java_project\dlu_all\dluBack\target\classes started by 86156 in E:\java_project\dluBack\dluBack)
[2023-04-19 10:42:55.807] [main] INFO  com.dlu.dluBack.DluBackApplication: No active profile set, falling back to default profiles: default
[2023-04-19 10:42:56.402] [main] INFO  o.s.b.w.e.tomcat.TomcatWebServer: Tomcat initialized with port(s): 8003 (http)
[2023-04-19 10:42:56.407] [main] INFO  o.a.coyote.http11.Http11NioProtocol: Initializing ProtocolHandler ["http-nio-8003"]
[2023-04-19 10:42:56.407] [main] INFO  o.a.catalina.core.StandardService: Starting service [Tomcat]
[2023-04-19 10:42:56.408] [main] INFO  o.a.catalina.core.StandardEngine: Starting Servlet engine: [Apache Tomcat/9.0.33]
[2023-04-19 10:42:56.469] [main] INFO  o.a.c.c.C.[.[localhost].[/dlu]: Initializing Spring embedded WebApplicationContext
[2023-04-19 10:42:56.469] [main] INFO  o.s.web.context.ContextLoader: Root WebApplicationContext: initialization completed in 611 ms
[2023-04-19 10:42:56.490] [main] INFO  o.s.b.web.servlet.RegistrationBean: Filter crossDomainFilter was not registered (possibly already registered?)
[2023-04-19 10:42:56.500] [main] INFO  c.d.dluBack.filter.CrossDomainFilter: -----CrossDomainFilter init -------
[2023-04-19 10:42:56.739] [main] INFO  o.s.s.c.ThreadPoolTaskExecutor: Initializing ExecutorService 'applicationTaskExecutor'
[2023-04-19 10:42:56.802] [main] WARN  o.s.b.a.t.ThymeleafAutoConfiguration$DefaultTemplateResolverConfiguration: Cannot find template location: classpath:/templates/ (please add some templates or check your Thymeleaf configuration)
[2023-04-19 10:42:56.865] [main] INFO  o.a.coyote.http11.Http11NioProtocol: Starting ProtocolHandler ["http-nio-8003"]
[2023-04-19 10:42:56.879] [main] INFO  o.s.b.w.e.tomcat.TomcatWebServer: Tomcat started on port(s): 8003 (http) with context path '/dlu'
[2023-04-19 10:42:56.881] [main] INFO  com.dlu.dluBack.DluBackApplication: Started DluBackApplication in 1.324 seconds (JVM running for 2.064)
[2023-04-19 10:44:03.030] [http-nio-8003-exec-1] INFO  o.a.c.c.C.[.[localhost].[/dlu]: Initializing Spring DispatcherServlet 'dispatcherServlet'
[2023-04-19 10:44:03.030] [http-nio-8003-exec-1] INFO  o.s.web.servlet.DispatcherServlet: Initializing Servlet 'dispatcherServlet'
[2023-04-19 10:44:03.035] [http-nio-8003-exec-1] INFO  o.s.web.servlet.DispatcherServlet: Completed initialization in 5 ms
[2023-04-19 10:44:03.119] [http-nio-8003-exec-1] INFO  com.zaxxer.hikari.HikariDataSource: HikariPool-1 - Starting...
[2023-04-19 10:44:03.257] [http-nio-8003-exec-1] INFO  com.zaxxer.hikari.HikariDataSource: HikariPool-1 - Start completed.
[2023-04-19 11:19:20.326] [http-nio-8003-exec-6] INFO  c.d.d.controller.UserController: testlogin:2023-04-19
[2023-04-19 11:38:38.605] [http-nio-8003-exec-6] INFO  c.d.d.controller.UserController: testlogin:2023-04-19
[2023-04-19 11:44:01.097] [http-nio-8003-exec-7] INFO  c.d.d.controller.UserController: test2login:2023-04-19
[2023-04-19 11:49:00.905] [http-nio-8003-exec-5] INFO  c.d.d.controller.UserController: testlogin:2023-04-19
[2023-04-19 11:50:35.261] [http-nio-8003-exec-9] INFO  c.d.d.controller.UserController: testlogin:2023-04-19
[2023-04-19 11:51:04.115] [http-nio-8003-exec-1] INFO  c.d.d.controller.UserController: testlogin:2023-04-19
[2023-04-19 11:52:29.341] [http-nio-8003-exec-7] INFO  c.d.d.controller.UserController: testlogin:2023-04-19
[2023-04-19 13:04:13.185] [http-nio-8003-exec-6] INFO  c.d.d.controller.UserController: testlogin:2023-04-19
[2023-04-19 13:06:42.669] [http-nio-8003-exec-4] INFO  c.d.d.controller.UserController: testlogin:2023-04-19
[2023-04-19 13:59:19.843] [HikariPool-1 housekeeper] WARN  com.zaxxer.hikari.pool.HikariPool: HikariPool-1 - Thread starvation or clock leap detected (housekeeper delta=8m13s747ms436µs600ns).
[2023-04-19 14:05:34.485] [HikariPool-1 housekeeper] WARN  com.zaxxer.hikari.pool.HikariPool: HikariPool-1 - Thread starvation or clock leap detected (housekeeper delta=5m14s631ms515µs500ns).
[2023-04-19 14:45:16.547] [http-nio-8003-exec-1] INFO  c.d.d.controller.UserController: testlogin:2023-04-19
[2023-04-19 16:28:15.958] [http-nio-8003-exec-6] INFO  c.d.d.controller.UserController: testlogin:2023-04-19
[2023-04-19 16:28:50.341] [http-nio-8003-exec-5] INFO  c.d.d.controller.UserController: testlogin:2023-04-19
[2023-04-19 16:36:23.860] [http-nio-8003-exec-2] INFO  c.d.d.controller.UserController: test2login:2023-04-19
[2023-04-19 16:45:31.431] [http-nio-8003-exec-9] INFO  c.d.d.controller.UserController: testlogin:2023-04-19
[2023-04-19 16:53:27.414] [http-nio-8003-exec-8] INFO  c.d.d.controller.UserController: testlogin:2023-04-19
[2023-04-19 16:55:33.111] [http-nio-8003-exec-10] INFO  c.d.d.controller.UserController: testlogin:2023-04-19
[2023-04-19 16:57:57.413] [http-nio-8003-exec-5] INFO  c.d.d.controller.UserController: testlogin:2023-04-19
[2023-04-19 16:58:13.272] [http-nio-8003-exec-7] INFO  c.d.d.controller.UserController: testlogin:2023-04-19
[2023-04-19 16:58:42.498] [http-nio-8003-exec-8] INFO  c.d.d.controller.UserController: testlogin:2023-04-19
[2023-04-19 16:58:50.928] [http-nio-8003-exec-9] INFO  c.d.d.controller.UserController: testlogin:2023-04-19
[2023-04-19 16:59:37.235] [http-nio-8003-exec-1] INFO  c.d.d.controller.UserController: testlogin:2023-04-19
[2023-04-19 17:00:56.431] [http-nio-8003-exec-4] INFO  c.d.d.controller.UserController: testlogin:2023-04-19
[2023-04-19 20:14:09.728] [http-nio-8003-exec-2] INFO  c.d.d.controller.UserController: testlogin:2023-04-19
