[2023-04-12 14:19:44.304] [main] INFO  com.dlu.dluBack.DluBackApplication: Starting DluBackApplication on HuangCF with PID 29752 (E:\java_project\dlu_all\dluBack\target\classes started by 86156 in E:\java_project\dluBack\dluBack)
[2023-04-12 14:19:44.306] [main] INFO  com.dlu.dluBack.DluBackApplication: No active profile set, falling back to default profiles: default
[2023-04-12 14:19:44.972] [main] INFO  o.s.b.w.e.tomcat.TomcatWebServer: Tomcat initialized with port(s): 8003 (http)
[2023-04-12 14:19:44.977] [main] INFO  o.a.coyote.http11.Http11NioProtocol: Initializing ProtocolHandler ["http-nio-8003"]
[2023-04-12 14:19:44.977] [main] INFO  o.a.catalina.core.StandardService: Starting service [Tomcat]
[2023-04-12 14:19:44.978] [main] INFO  o.a.catalina.core.StandardEngine: Starting Servlet engine: [Apache Tomcat/9.0.33]
[2023-04-12 14:19:45.043] [main] INFO  o.a.c.c.C.[.[localhost].[/dlu]: Initializing Spring embedded WebApplicationContext
[2023-04-12 14:19:45.043] [main] INFO  o.s.web.context.ContextLoader: Root WebApplicationContext: initialization completed in 682 ms
[2023-04-12 14:19:45.061] [main] INFO  o.s.b.web.servlet.RegistrationBean: Filter crossDomainFilter was not registered (possibly already registered?)
[2023-04-12 14:19:45.073] [main] INFO  c.d.dluBack.filter.CrossDomainFilter: -----CrossDomainFilter init -------
[2023-04-12 14:19:45.325] [main] INFO  o.s.s.c.ThreadPoolTaskExecutor: Initializing ExecutorService 'applicationTaskExecutor'
[2023-04-12 14:19:45.420] [main] WARN  o.s.b.a.t.ThymeleafAutoConfiguration$DefaultTemplateResolverConfiguration: Cannot find template location: classpath:/templates/ (please add some templates or check your Thymeleaf configuration)
[2023-04-12 14:19:45.491] [main] INFO  o.a.coyote.http11.Http11NioProtocol: Starting ProtocolHandler ["http-nio-8003"]
[2023-04-12 14:19:45.506] [main] INFO  o.s.b.w.e.tomcat.TomcatWebServer: Tomcat started on port(s): 8003 (http) with context path '/dlu'
[2023-04-12 14:19:45.507] [main] INFO  com.dlu.dluBack.DluBackApplication: Started DluBackApplication in 1.459 seconds (JVM running for 2.4)
[2023-04-12 15:38:41.516] [http-nio-8003-exec-2] INFO  o.a.c.c.C.[.[localhost].[/dlu]: Initializing Spring DispatcherServlet 'dispatcherServlet'
[2023-04-12 15:38:41.518] [http-nio-8003-exec-2] INFO  o.s.web.servlet.DispatcherServlet: Initializing Servlet 'dispatcherServlet'
[2023-04-12 15:38:41.541] [http-nio-8003-exec-2] INFO  o.s.web.servlet.DispatcherServlet: Completed initialization in 23 ms
[2023-04-12 15:38:51.459] [http-nio-8003-exec-6] INFO  com.zaxxer.hikari.HikariDataSource: HikariPool-1 - Starting...
[2023-04-12 15:38:51.585] [http-nio-8003-exec-6] INFO  com.zaxxer.hikari.HikariDataSource: HikariPool-1 - Start completed.
[2023-04-12 15:38:51.619] [http-nio-8003-exec-6] INFO  c.d.d.controller.UserController: testlogin:2023-04-12
[2023-04-12 16:28:04.565] [main] INFO  com.dlu.dluBack.DluBackApplication: Starting DluBackApplication on HuangCF with PID 10804 (E:\java_project\dlu_all\dluBack\target\classes started by 86156 in E:\java_project\dluBack\dluBack)
[2023-04-12 16:28:04.569] [main] INFO  com.dlu.dluBack.DluBackApplication: No active profile set, falling back to default profiles: default
[2023-04-12 16:28:05.904] [main] INFO  o.s.b.w.e.tomcat.TomcatWebServer: Tomcat initialized with port(s): 8003 (http)
[2023-04-12 16:28:05.914] [main] INFO  o.a.coyote.http11.Http11NioProtocol: Initializing ProtocolHandler ["http-nio-8003"]
[2023-04-12 16:28:05.915] [main] INFO  o.a.catalina.core.StandardService: Starting service [Tomcat]
[2023-04-12 16:28:05.915] [main] INFO  o.a.catalina.core.StandardEngine: Starting Servlet engine: [Apache Tomcat/9.0.33]
[2023-04-12 16:28:06.043] [main] INFO  o.a.c.c.C.[.[localhost].[/dlu]: Initializing Spring embedded WebApplicationContext
[2023-04-12 16:28:06.043] [main] INFO  o.s.web.context.ContextLoader: Root WebApplicationContext: initialization completed in 1381 ms
[2023-04-12 16:28:06.077] [main] INFO  o.s.b.web.servlet.RegistrationBean: Filter crossDomainFilter was not registered (possibly already registered?)
[2023-04-12 16:28:06.099] [main] INFO  c.d.dluBack.filter.CrossDomainFilter: -----CrossDomainFilter init -------
[2023-04-12 16:28:06.540] [main] INFO  o.s.s.c.ThreadPoolTaskExecutor: Initializing ExecutorService 'applicationTaskExecutor'
[2023-04-12 16:28:06.667] [main] WARN  o.s.b.a.t.ThymeleafAutoConfiguration$DefaultTemplateResolverConfiguration: Cannot find template location: classpath:/templates/ (please add some templates or check your Thymeleaf configuration)
[2023-04-12 16:28:06.815] [main] INFO  o.a.coyote.http11.Http11NioProtocol: Starting ProtocolHandler ["http-nio-8003"]
[2023-04-12 16:28:06.843] [main] INFO  o.s.b.w.e.tomcat.TomcatWebServer: Tomcat started on port(s): 8003 (http) with context path '/dlu'
[2023-04-12 16:28:06.846] [main] INFO  com.dlu.dluBack.DluBackApplication: Started DluBackApplication in 2.839 seconds (JVM running for 5.543)
[2023-04-12 16:29:02.963] [http-nio-8003-exec-1] INFO  o.a.c.c.C.[.[localhost].[/dlu]: Initializing Spring DispatcherServlet 'dispatcherServlet'
[2023-04-12 16:29:02.963] [http-nio-8003-exec-1] INFO  o.s.web.servlet.DispatcherServlet: Initializing Servlet 'dispatcherServlet'
[2023-04-12 16:29:02.968] [http-nio-8003-exec-1] INFO  o.s.web.servlet.DispatcherServlet: Completed initialization in 5 ms
[2023-04-12 16:29:11.568] [http-nio-8003-exec-2] INFO  com.zaxxer.hikari.HikariDataSource: HikariPool-1 - Starting...
[2023-04-12 16:29:11.731] [http-nio-8003-exec-2] INFO  com.zaxxer.hikari.HikariDataSource: HikariPool-1 - Start completed.
[2023-04-12 16:29:11.771] [http-nio-8003-exec-2] INFO  c.d.d.controller.UserController: testlogin:2023-04-12
[2023-04-12 16:38:22.469] [SpringContextShutdownHook] INFO  o.s.s.c.ThreadPoolTaskExecutor: Shutting down ExecutorService 'applicationTaskExecutor'
[2023-04-12 16:38:22.470] [SpringContextShutdownHook] INFO  com.zaxxer.hikari.HikariDataSource: HikariPool-1 - Shutdown initiated...
[2023-04-12 16:38:22.490] [SpringContextShutdownHook] INFO  com.zaxxer.hikari.HikariDataSource: HikariPool-1 - Shutdown completed.
[2023-04-12 16:38:27.551] [main] INFO  com.dlu.dluBack.DluBackApplication: Starting DluBackApplication on HuangCF with PID 2524 (E:\java_project\dlu_all\dluBack\target\classes started by 86156 in E:\java_project\dluBack\dluBack)
[2023-04-12 16:38:27.554] [main] INFO  com.dlu.dluBack.DluBackApplication: No active profile set, falling back to default profiles: default
[2023-04-12 16:38:28.422] [main] INFO  o.s.b.w.e.tomcat.TomcatWebServer: Tomcat initialized with port(s): 8003 (http)
[2023-04-12 16:38:28.429] [main] INFO  o.a.coyote.http11.Http11NioProtocol: Initializing ProtocolHandler ["http-nio-8003"]
[2023-04-12 16:38:28.429] [main] INFO  o.a.catalina.core.StandardService: Starting service [Tomcat]
[2023-04-12 16:38:28.430] [main] INFO  o.a.catalina.core.StandardEngine: Starting Servlet engine: [Apache Tomcat/9.0.33]
[2023-04-12 16:38:28.512] [main] INFO  o.a.c.c.C.[.[localhost].[/dlu]: Initializing Spring embedded WebApplicationContext
[2023-04-12 16:38:28.512] [main] INFO  o.s.web.context.ContextLoader: Root WebApplicationContext: initialization completed in 905 ms
[2023-04-12 16:38:28.536] [main] INFO  o.s.b.web.servlet.RegistrationBean: Filter crossDomainFilter was not registered (possibly already registered?)
[2023-04-12 16:38:28.551] [main] INFO  c.d.dluBack.filter.CrossDomainFilter: -----CrossDomainFilter init -------
[2023-04-12 16:38:28.838] [main] INFO  o.s.s.c.ThreadPoolTaskExecutor: Initializing ExecutorService 'applicationTaskExecutor'
[2023-04-12 16:38:28.959] [main] WARN  o.s.b.a.t.ThymeleafAutoConfiguration$DefaultTemplateResolverConfiguration: Cannot find template location: classpath:/templates/ (please add some templates or check your Thymeleaf configuration)
[2023-04-12 16:38:29.043] [main] INFO  o.a.coyote.http11.Http11NioProtocol: Starting ProtocolHandler ["http-nio-8003"]
[2023-04-12 16:38:29.063] [main] INFO  o.s.b.w.e.tomcat.TomcatWebServer: Tomcat started on port(s): 8003 (http) with context path '/dlu'
[2023-04-12 16:38:29.066] [main] INFO  com.dlu.dluBack.DluBackApplication: Started DluBackApplication in 1.952 seconds (JVM running for 3.217)
[2023-04-12 16:38:40.756] [http-nio-8003-exec-1] INFO  o.a.c.c.C.[.[localhost].[/dlu]: Initializing Spring DispatcherServlet 'dispatcherServlet'
[2023-04-12 16:38:40.756] [http-nio-8003-exec-1] INFO  o.s.web.servlet.DispatcherServlet: Initializing Servlet 'dispatcherServlet'
[2023-04-12 16:38:40.765] [http-nio-8003-exec-1] INFO  o.s.web.servlet.DispatcherServlet: Completed initialization in 9 ms
[2023-04-12 16:38:40.868] [http-nio-8003-exec-1] INFO  com.zaxxer.hikari.HikariDataSource: HikariPool-1 - Starting...
[2023-04-12 16:38:41.033] [http-nio-8003-exec-1] INFO  com.zaxxer.hikari.HikariDataSource: HikariPool-1 - Start completed.
[2023-04-12 16:42:56.970] [http-nio-8003-exec-1] INFO  c.d.d.controller.UserController: testlogin:2023-04-12
[2023-04-12 17:00:00.482] [http-nio-8003-exec-2] WARN  o.s.w.s.m.s.DefaultHandlerExceptionResolver: Resolved [org.springframework.web.method.annotation.MethodArgumentTypeMismatchException: Failed to convert value of type 'java.lang.String' to required type 'int'; nested exception is java.lang.NumberFormatException: For input string: "555a"]
[2023-04-12 18:46:47.688] [SpringContextShutdownHook] INFO  o.s.s.c.ThreadPoolTaskExecutor: Shutting down ExecutorService 'applicationTaskExecutor'
[2023-04-12 18:46:47.692] [SpringContextShutdownHook] INFO  com.zaxxer.hikari.HikariDataSource: HikariPool-1 - Shutdown initiated...
[2023-04-12 18:46:47.707] [SpringContextShutdownHook] INFO  com.zaxxer.hikari.HikariDataSource: HikariPool-1 - Shutdown completed.
[2023-04-12 18:53:29.958] [main] INFO  com.dlu.dluBack.DluBackApplication: Starting DluBackApplication on HuangCF with PID 10220 (E:\java_project\dlu_all\dluBack\target\classes started by 86156 in E:\java_project\dluBack\dluBack)
[2023-04-12 18:53:29.960] [main] INFO  com.dlu.dluBack.DluBackApplication: No active profile set, falling back to default profiles: default
[2023-04-12 18:53:30.862] [main] INFO  o.s.b.w.e.tomcat.TomcatWebServer: Tomcat initialized with port(s): 8003 (http)
[2023-04-12 18:53:30.867] [main] INFO  o.a.coyote.http11.Http11NioProtocol: Initializing ProtocolHandler ["http-nio-8003"]
[2023-04-12 18:53:30.868] [main] INFO  o.a.catalina.core.StandardService: Starting service [Tomcat]
[2023-04-12 18:53:30.868] [main] INFO  o.a.catalina.core.StandardEngine: Starting Servlet engine: [Apache Tomcat/9.0.33]
[2023-04-12 18:53:30.934] [main] INFO  o.a.c.c.C.[.[localhost].[/dlu]: Initializing Spring embedded WebApplicationContext
[2023-04-12 18:53:30.934] [main] INFO  o.s.web.context.ContextLoader: Root WebApplicationContext: initialization completed in 924 ms
[2023-04-12 18:53:30.952] [main] INFO  o.s.b.web.servlet.RegistrationBean: Filter crossDomainFilter was not registered (possibly already registered?)
[2023-04-12 18:53:30.964] [main] INFO  c.d.dluBack.filter.CrossDomainFilter: -----CrossDomainFilter init -------
[2023-04-12 18:53:31.209] [main] INFO  o.s.s.c.ThreadPoolTaskExecutor: Initializing ExecutorService 'applicationTaskExecutor'
[2023-04-12 18:53:31.298] [main] WARN  o.s.b.a.t.ThymeleafAutoConfiguration$DefaultTemplateResolverConfiguration: Cannot find template location: classpath:/templates/ (please add some templates or check your Thymeleaf configuration)
[2023-04-12 18:53:31.362] [main] INFO  o.a.coyote.http11.Http11NioProtocol: Starting ProtocolHandler ["http-nio-8003"]
[2023-04-12 18:53:31.375] [main] INFO  o.s.b.w.e.tomcat.TomcatWebServer: Tomcat started on port(s): 8003 (http) with context path '/dlu'
[2023-04-12 18:53:31.376] [main] INFO  com.dlu.dluBack.DluBackApplication: Started DluBackApplication in 1.782 seconds (JVM running for 2.8)
[2023-04-12 18:53:40.397] [http-nio-8003-exec-1] INFO  o.a.c.c.C.[.[localhost].[/dlu]: Initializing Spring DispatcherServlet 'dispatcherServlet'
[2023-04-12 18:53:40.397] [http-nio-8003-exec-1] INFO  o.s.web.servlet.DispatcherServlet: Initializing Servlet 'dispatcherServlet'
[2023-04-12 18:53:40.403] [http-nio-8003-exec-1] INFO  o.s.web.servlet.DispatcherServlet: Completed initialization in 6 ms
[2023-04-12 18:53:45.053] [http-nio-8003-exec-2] INFO  com.zaxxer.hikari.HikariDataSource: HikariPool-1 - Starting...
[2023-04-12 18:53:48.635] [http-nio-8003-exec-3] INFO  com.zaxxer.hikari.HikariDataSource: HikariPool-1 - Starting...
[2023-04-12 18:54:25.924] [http-nio-8003-exec-4] INFO  com.zaxxer.hikari.HikariDataSource: HikariPool-1 - Starting...
[2023-04-12 18:54:26.002] [http-nio-8003-exec-4] INFO  com.zaxxer.hikari.HikariDataSource: HikariPool-1 - Start completed.
[2023-04-12 18:54:26.037] [http-nio-8003-exec-4] INFO  c.d.d.controller.UserController: testlogin:2023-04-12
[2023-04-12 18:54:33.974] [http-nio-8003-exec-5] WARN  o.s.w.s.m.s.DefaultHandlerExceptionResolver: Resolved [org.springframework.web.method.annotation.MethodArgumentTypeMismatchException: Failed to convert value of type 'java.lang.String' to required type 'int'; nested exception is java.lang.NumberFormatException: For input string: "555a"]
[2023-04-12 18:54:41.522] [http-nio-8003-exec-6] WARN  o.s.w.s.m.s.DefaultHandlerExceptionResolver: Resolved [org.springframework.web.method.annotation.MethodArgumentTypeMismatchException: Failed to convert value of type 'java.lang.String' to required type 'int'; nested exception is java.lang.NumberFormatException: For input string: "555a"]
[2023-04-12 18:55:35.781] [main] INFO  com.dlu.dluBack.DluBackApplication: Starting DluBackApplication on HuangCF with PID 17164 (E:\java_project\dlu_all\dluBack\target\classes started by 86156 in E:\java_project\dluBack\dluBack)
[2023-04-12 18:55:35.783] [main] INFO  com.dlu.dluBack.DluBackApplication: No active profile set, falling back to default profiles: default
[2023-04-12 18:55:36.365] [main] INFO  o.s.b.w.e.tomcat.TomcatWebServer: Tomcat initialized with port(s): 8003 (http)
[2023-04-12 18:55:36.371] [main] INFO  o.a.coyote.http11.Http11NioProtocol: Initializing ProtocolHandler ["http-nio-8003"]
[2023-04-12 18:55:36.371] [main] INFO  o.a.catalina.core.StandardService: Starting service [Tomcat]
[2023-04-12 18:55:36.371] [main] INFO  o.a.catalina.core.StandardEngine: Starting Servlet engine: [Apache Tomcat/9.0.33]
[2023-04-12 18:55:36.433] [main] INFO  o.a.c.c.C.[.[localhost].[/dlu]: Initializing Spring embedded WebApplicationContext
[2023-04-12 18:55:36.434] [main] INFO  o.s.web.context.ContextLoader: Root WebApplicationContext: initialization completed in 604 ms
[2023-04-12 18:55:36.455] [main] INFO  o.s.b.web.servlet.RegistrationBean: Filter crossDomainFilter was not registered (possibly already registered?)
[2023-04-12 18:55:36.465] [main] INFO  c.d.dluBack.filter.CrossDomainFilter: -----CrossDomainFilter init -------
[2023-04-12 18:55:36.713] [main] INFO  o.s.s.c.ThreadPoolTaskExecutor: Initializing ExecutorService 'applicationTaskExecutor'
[2023-04-12 18:55:36.775] [main] WARN  o.s.b.a.t.ThymeleafAutoConfiguration$DefaultTemplateResolverConfiguration: Cannot find template location: classpath:/templates/ (please add some templates or check your Thymeleaf configuration)
[2023-04-12 18:55:36.840] [main] INFO  o.a.coyote.http11.Http11NioProtocol: Starting ProtocolHandler ["http-nio-8003"]
[2023-04-12 18:55:36.853] [main] INFO  o.s.b.w.e.tomcat.TomcatWebServer: Tomcat started on port(s): 8003 (http) with context path '/dlu'
[2023-04-12 18:55:36.855] [main] INFO  com.dlu.dluBack.DluBackApplication: Started DluBackApplication in 1.293 seconds (JVM running for 2.447)
[2023-04-12 19:04:47.851] [http-nio-8003-exec-1] INFO  o.a.c.c.C.[.[localhost].[/dlu]: Initializing Spring DispatcherServlet 'dispatcherServlet'
[2023-04-12 19:04:47.851] [http-nio-8003-exec-1] INFO  o.s.web.servlet.DispatcherServlet: Initializing Servlet 'dispatcherServlet'
[2023-04-12 19:04:47.857] [http-nio-8003-exec-1] INFO  o.s.web.servlet.DispatcherServlet: Completed initialization in 6 ms
[2023-04-12 19:04:47.899] [http-nio-8003-exec-1] WARN  o.s.w.s.m.s.DefaultHandlerExceptionResolver: Resolved [org.springframework.web.method.annotation.MethodArgumentTypeMismatchException: Failed to convert value of type 'java.lang.String' to required type 'int'; nested exception is java.lang.NumberFormatException: For input string: "555a"]
[2023-04-12 19:05:10.064] [http-nio-8003-exec-2] WARN  o.s.w.s.m.s.DefaultHandlerExceptionResolver: Resolved [org.springframework.web.method.annotation.MethodArgumentTypeMismatchException: Failed to convert value of type 'java.lang.String' to required type 'int'; nested exception is java.lang.NumberFormatException: For input string: "555a"]
[2023-04-12 19:05:59.151] [http-nio-8003-exec-3] INFO  com.zaxxer.hikari.HikariDataSource: HikariPool-1 - Starting...
[2023-04-12 19:05:59.304] [http-nio-8003-exec-3] INFO  com.zaxxer.hikari.HikariDataSource: HikariPool-1 - Start completed.
[2023-04-12 22:03:53.190] [http-nio-8003-exec-10] INFO  c.d.d.controller.UserController: testlogin:2023-04-12
[2023-04-12 22:04:27.065] [SpringContextShutdownHook] INFO  o.s.s.c.ThreadPoolTaskExecutor: Shutting down ExecutorService 'applicationTaskExecutor'
[2023-04-12 22:04:27.067] [SpringContextShutdownHook] INFO  com.zaxxer.hikari.HikariDataSource: HikariPool-1 - Shutdown initiated...
[2023-04-12 22:04:27.081] [SpringContextShutdownHook] INFO  com.zaxxer.hikari.HikariDataSource: HikariPool-1 - Shutdown completed.
